#
# A fatal error has been detected by the Java Runtime Environment:
#
#  SIGSEGV (0xb) at pc=0x00007f199d1d513f, pid=979, tid=0x00007f19b0923640
#
# JRE version: OpenJDK Runtime Environment (8.0_302-b07) (build 1.8.0_302-b07)
# Java VM: OpenJDK 64-Bit Server VM GraalVM CE 21.2.0 (25.302-b07-jvmci-21.2-b08 mixed mode linux-amd64 compressed oops)
# Problematic frame:
# J 401 C1 java.util.zip.ZipFile.getEntry(Ljava/lang/String;)Ljava/util/zip/ZipEntry; (101 bytes) @ 0x00007f199d1d513f [0x00007f199d1d4e20+0x31f]
#
# Core dump written. Default location: /home/runner/Server/java/bungee_command/core or core.979
#
# If you would like to submit a bug report, please visit:
#   https://github.com/oracle/graal/issues
#

---------------  T H R E A D  ---------------

Current thread (0x00007f19ac00a800):  JavaThread "main" [_thread_in_Java, id=986, stack(0x00007f19b0824000,0x00007f19b0924000)]

siginfo: si_signo: 11 (SIGSEGV), si_code: 0 (SI_USER)

Registers:
RAX=0x00000000fe1fe1d8, RBX=0x00007f199c7117e8, RCX=0x00007f1950000d00, RDX=0x0000000000000009
RSP=0x00007f19b09189a8, RBP=0x00007f19b0918be0, RSI=0x00000000febcc090, RDI=0x0000000000000007
R8 =0x00007f19ac387d10, R9 =0x00007f19ac0008d6, R10=0x0000000000000000, R11=0x0000000000000000
R12=0x0000000000000000, R13=0x00007f19af9ae000, R14=0x00007f19b0918910, R15=0x00007f19ac00a800
RIP=0x00007f199d1d513f, EFLAGS=0x0000000000010206, CSGSFS=0x002b000000000033, ERR=0x0000000000000004
  TRAPNO=0x000000000000000e

Top of Stack: (sp=0x00007f19b09189a8)
0x00007f19b09189a8:   00007f199d1d481c 00007f19b09189e0
0x00007f19b09189b8:   0000000000000001 00007f19ac00a800
0x00007f19b09189c8:   0000000000000000 0000000000000037
0x00007f19b09189d8:   00000000007f0fee 00007f19b0919140
0x00007f19b09189e8:   00007f19b112302c 00007f19b0918a30
0x00007f19b09189f8:   00000000fe1fdc10 00007f19b0918be0
0x00007f19b0918a08:   00000000febcc090 00007f199c843948
0x00007f19b0918a18:   00000000febcd408 00007f19b0918be0
0x00007f19b0918a28:   00007f199d24ae44 00000000fec21ac0
0x00007f19b0918a38:   00000000fe1fe0d0 0000000000000009
0x00007f19b0918a48:   00007f19b0918ad0 00007f19b0918be0
0x00007f19b0918a58:   00007f199d17163c 00007f199d0003d0
0x00007f19b0918a68:   00007f1900000000 00007f19b0922960
0x00007f19b0918a78:   00007f19b09228f8 00000000febcd408
0x00007f19b0918a88:   00000000fe1fe0d0 0000000000000000
0x00007f19b0918a98:   0000000000000000 00007f19ac00c590
0x00007f19b0918aa8:   00007f19ac00c7d0 00007f19b0918be0
0x00007f19b0918ab8:   00007f199d1e0734 00000000000003d8
0x00007f19b0918ac8:   0000000cb10085e8 00007f19b09228e8
0x00007f19b0918ad8:   00007f199d0004e7 00007f199d0003d0
0x00007f19b0918ae8:   00007f1900000000 00007f19b0922960
0x00007f19b0918af8:   00007f19b09228f8 00007f1988103318
0x00007f19b0918b08:   00000000fe1fe008 00000000fe1fde48
0x00007f19b0918b18:   00000000fe1fde98 00007f19b0918be0
0x00007f19b0918b28:   00007f199d1e0284 00007f1900000018
0x00007f19b0918b38:   00007f1950000e40 00007f199c66aaf0
0x00007f19b0918b48:   00000000fe1fdb30 00007f1988103318
0x00007f19b0918b58:   00007f199d166703 00007f19b0918be0
0x00007f19b0918b68:   00007f199d0004e7 00007f199d0004e7
0x00007f19b0918b78:   00000000fe1fe008 00007f1900001fa0
0x00007f19b0918b88:   00007f19ac00a800 00007f19b0918c90
0x00007f19b0918b98:   0000000000000001 00007f19ac00a800 

Instructions: (pc=0x00007f199d1d513f)
0x00007f199d1d511f:   8b 10 48 85 d2 0f 84 0b 00 00 00 f0 48 0f b1 16
0x00007f199d1d512f:   0f 85 5c 01 00 00 48 8b 44 24 48 48 83 c4 70 5d
0x00007f199d1d513f:   85 05 bb 0f 20 13 c3 48 b8 e8 17 71 9c 19 7f 00
0x00007f199d1d514f:   00 ff 80 a8 02 00 00 48 b8 00 00 00 00 00 00 00 


Register to memory mapping:

RAX=
[error occurred during error reporting (printing register info), id 0xb]

Stack: [0x00007f19b0824000,0x00007f19b0924000],  sp=0x00007f19b09189a8,  free space=978k
Native frames: (J=compiled Java code, j=interpreted, Vv=VM code, C=native code)
J 401 C1 java.util.zip.ZipFile.getEntry(Ljava/lang/String;)Ljava/util/zip/ZipEntry; (101 bytes) @ 0x00007f199d1d513f [0x00007f199d1d4e20+0x31f]
C  0x00007f19b0918be0


---------------  P R O C E S S  ---------------

Java Threads: ( => current thread )
  0x00007f19ac383800 JavaThread "WebSocketSelector-25" [_thread_blocked, id=1053, stack(0x00007f19584ff000,0x00007f1958600000)]
  0x00007f19ac336000 JavaThread "BungeeCord Logger Thread - net.md_5.bungee.log.BungeeLogger@436e852b" [_thread_blocked, id=1041, stack(0x00007f195a3ff000,0x00007f195a500000)]
  0x00007f19ac2eb800 JavaThread "NonBlockingInputStreamThread" daemon [_thread_blocked, id=1030, stack(0x00007f195acff000,0x00007f195ae00000)]
  0x00007f19ac289000 JavaThread "Auth Timeout" [_thread_blocked, id=1014, stack(0x00007f196ebfc000,0x00007f196ecfd000)]
  0x00007f19ac287000 JavaThread "Close Inactive WebSockets" [_thread_blocked, id=1013, stack(0x00007f196ecfd000,0x00007f196edfe000)]
  0x00007f19ac286000 JavaThread "Ban List Reload" [_thread_blocked, id=1012, stack(0x00007f196edfe000,0x00007f196eeff000)]
  0x00007f19ac285000 JavaThread "Reconnect Saver" [_thread_blocked, id=1011, stack(0x00007f196eeff000,0x00007f196f000000)]
  0x00007f197006d800 JavaThread "Libgraal MBean Registration" daemon [_thread_blocked, id=1007, stack(0x00007f19940cd000,0x00007f19941ce000)]
  0x00007f19ac0e2800 JavaThread "Service Thread" daemon [_thread_blocked, id=1000, stack(0x00007f1997615000,0x00007f1997716000)]
  0x00007f19ac0df800 JavaThread "C1 CompilerThread1" daemon [_thread_blocked, id=999, stack(0x00007f1997717000,0x00007f1997917000)]
  0x00007f19ac0dd800 JavaThread "JVMCI-native CompilerThread0" daemon [_thread_blocked, id=997, stack(0x00007f1997918000,0x00007f1997b18000)]
  0x00007f19ac0da800 JavaThread "Signal Dispatcher" daemon [_thread_blocked, id=994, stack(0x00007f1997b18000,0x00007f1997c19000)]
  0x00007f19ac0a7800 JavaThread "Finalizer" daemon [_thread_blocked, id=992, stack(0x00007f1997eff000,0x00007f1998000000)]
  0x00007f19ac0a3000 JavaThread "Reference Handler" daemon [_thread_blocked, id=990, stack(0x00007f199c06d000,0x00007f199c16e000)]
=>0x00007f19ac00a800 JavaThread "main" [_thread_in_Java, id=986, stack(0x00007f19b0824000,0x00007f19b0924000)]

Other Threads:
  0x00007f19ac09b800 VMThread [stack: 0x00007f199c16f000,0x00007f199c26f000] [id=989]
  0x00007f19ac0e8800 WatcherThread [stack: 0x00007f1997515000,0x00007f1997615000] [id=1003]

VM state:synchronizing (normal execution)

VM Mutex/Monitor currently owned by a thread:  ([mutex/lock_event])
[0x00007f19ac008ec0] Safepoint_lock - owner thread: 0x00007f19ac09b800
[0x00007f19ac008f40] Threads_lock - owner thread: 0x00007f19ac09b800

heap address: 0x00000000fe000000, size: 32 MB, Compressed Oops mode: 32-bit
Narrow klass base: 0x0000000000000000, Narrow klass shift: 3
Compressed class space size: 1073741824 Address: 0x0000000100000000

Heap:
 def new generation   total 9792K, used 3142K [0x00000000fe000000, 0x00000000feaa0000, 0x00000000feaa0000)
  eden space 8704K,  23% used [0x00000000fe000000, 0x00000000fe201af0, 0x00000000fe880000)
  from space 1088K,  99% used [0x00000000fe880000, 0x00000000fe98fff8, 0x00000000fe990000)
  to   space 1088K,   0% used [0x00000000fe990000, 0x00000000fe990000, 0x00000000feaa0000)
 tenured generation   total 21888K, used 3479K [0x00000000feaa0000, 0x0000000100000000, 0x0000000100000000)
   the space 21888K,  15% used [0x00000000feaa0000, 0x00000000fee05ee8, 0x00000000fee06000, 0x0000000100000000)
 Metaspace       used 12457K, capacity 12690K, committed 12928K, reserved 1060864K
  class space    used 1455K, capacity 1549K, committed 1664K, reserved 1048576K

Card table byte_map: [0x00007f19b019e000,0x00007f19b01af000] byte_map_base: 0x00007f19af9ae000

Polling page: 0x00007f19b03d6000

CodeCache: size=245760Kb used=2611Kb max_used=2648Kb free=243148Kb
 bounds [0x00007f199d000000, 0x00007f199d2a0000, 0x00007f19ac000000]
 total_blobs=1030 nmethods=668 adapters=282
 compilation: enabled
              stopped_count=0, restarted_count=0

JVMCI Events (8 events):
Event: 7.399 Thread 0x00007f19ac00a800 created new JVMCI runtime 0 (0x00007f19ac07b900)
Event: 7.399 Thread 0x00007f19ac00a800 created new JVMCI runtime -1 (0x00007f19ac096570)
Event: 21.411 Thread 0x00007f19ac0dd800 loaded JVMCI shared library from /nix/store/x26gyx3nb3kx580i4r9qg9q1iw45xbp9-graalvm8-ce/jre/lib/amd64/libjvmcicompiler.so
Event: 21.547 Thread 0x00007f19ac0dd800 created JavaVM[1]@0x00007f1995092798 for JVMCI runtime 0
Event: 21.971 Thread 0x00007f19ac0dd800 initializing JVMCI runtime 0
Event: 21.995 Thread 0x00007f19ac0dd800 initialized JVMCI runtime 0
Event: 23.097 Thread 0x00007f1970001000 initializing JVMCI runtime -1
Event: 23.480 Thread 0x00007f1970001000 initialized JVMCI runtime -1

Compilation events (10 events):
Event: 858.886 Thread 0x00007f19ac0df800  704       3       java.lang.Character::isWhitespace (5 bytes)
Event: 859.371 Thread 0x00007f19ac0df800 nmethod 704 0x00007f199d110390 code [0x00007f199d110520, 0x00007f199d110918]
Event: 865.887 Thread 0x00007f19ac0df800  706       3       java.lang.String::toString (2 bytes)
Event: 865.887 Thread 0x00007f19ac0df800 nmethod 706 0x00007f199d10ff90 code [0x00007f199d110100, 0x00007f199d110250]
Event: 865.887 Thread 0x00007f19ac0df800  705       3       java.util.regex.Pattern::append (39 bytes)
Event: 865.991 Thread 0x00007f19ac0df800 nmethod 705 0x00007f199d10ef10 code [0x00007f199d10f0a0, 0x00007f199d10f3e8]
Event: 959.915 Thread 0x00007f19ac0df800  707       3       java.util.HashMap::<init> (11 bytes)
Event: 959.922 Thread 0x00007f19ac0df800 nmethod 707 0x00007f199d11be10 code [0x00007f199d11bf80, 0x00007f199d11c190]
Event: 959.922 Thread 0x00007f19ac0df800  708       1       java.util.logging.Logger::getName (5 bytes)
Event: 959.922 Thread 0x00007f19ac0df800 nmethod 708 0x00007f199d1294d0 code [0x00007f199d129640, 0x00007f199d129750]

GC Heap History (4 events):
Event: 130.287 GC heap before
{Heap before GC invocations=0 (full 0):
 def new generation   total 9792K, used 8704K [0x00000000fe000000, 0x00000000feaa0000, 0x00000000feaa0000)
  eden space 8704K, 100% used [0x00000000fe000000, 0x00000000fe880000, 0x00000000fe880000)
  from space 1088K,   0% used [0x00000000fe880000, 0x00000000fe880000, 0x00000000fe990000)
  to   space 1088K,   0% used [0x00000000fe990000, 0x00000000fe990000, 0x00000000feaa0000)
 tenured generation   total 21888K, used 0K [0x00000000feaa0000, 0x0000000100000000, 0x0000000100000000)
   the space 21888K,   0% used [0x00000000feaa0000, 0x00000000feaa0000, 0x00000000feaa0200, 0x0000000100000000)
 Metaspace       used 7470K, capacity 7662K, committed 7936K, reserved 1056768K
  class space    used 848K, capacity 939K, committed 1024K, reserved 1048576K
Event: 130.319 GC heap after
Heap after GC invocations=1 (full 0):
 def new generation   total 9792K, used 1087K [0x00000000fe000000, 0x00000000feaa0000, 0x00000000feaa0000)
  eden space 8704K,   0% used [0x00000000fe000000, 0x00000000fe000000, 0x00000000fe880000)
  from space 1088K,  99% used [0x00000000fe990000, 0x00000000fea9fff8, 0x00000000feaa0000)
  to   space 1088K,   0% used [0x00000000fe880000, 0x00000000fe880000, 0x00000000fe990000)
 tenured generation   total 21888K, used 951K [0x00000000feaa0000, 0x0000000100000000, 0x0000000100000000)
   the space 21888K,   4% used [0x00000000feaa0000, 0x00000000feb8df40, 0x00000000feb8e000, 0x0000000100000000)
 Metaspace       used 7470K, capacity 7662K, committed 7936K, reserved 1056768K
  class space    used 848K, capacity 939K, committed 1024K, reserved 1048576K
}
Event: 609.029 GC heap before
{Heap before GC invocations=1 (full 0):
 def new generation   total 9792K, used 9791K [0x00000000fe000000, 0x00000000feaa0000, 0x00000000feaa0000)
  eden space 8704K, 100% used [0x00000000fe000000, 0x00000000fe880000, 0x00000000fe880000)
  from space 1088K,  99% used [0x00000000fe990000, 0x00000000fea9fff8, 0x00000000feaa0000)
  to   space 1088K,   0% used [0x00000000fe880000, 0x00000000fe880000, 0x00000000fe990000)
 tenured generation   total 21888K, used 951K [0x00000000feaa0000, 0x0000000100000000, 0x0000000100000000)
   the space 21888K,   4% used [0x00000000feaa0000, 0x00000000feb8df40, 0x00000000feb8e000, 0x0000000100000000)
 Metaspace       used 11275K, capacity 11504K, committed 11648K, reserved 1058816K
  class space    used 1304K, capacity 1388K, committed 1408K, reserved 1048576K
Event: 609.253 GC heap after
Heap after GC invocations=2 (full 0):
 def new generation   total 9792K, used 1087K [0x00000000fe000000, 0x00000000feaa0000, 0x00000000feaa0000)
  eden space 8704K,   0% used [0x00000000fe000000, 0x00000000fe000000, 0x00000000fe880000)
  from space 1088K,  99% used [0x00000000fe880000, 0x00000000fe98fff8, 0x00000000fe990000)
  to   space 1088K,   0% used [0x00000000fe990000, 0x00000000fe990000, 0x00000000feaa0000)
 tenured generation   total 21888K, used 3479K [0x00000000feaa0000, 0x0000000100000000, 0x0000000100000000)
   the space 21888K,  15% used [0x00000000feaa0000, 0x00000000fee05ee8, 0x00000000fee06000, 0x0000000100000000)
 Metaspace       used 11275K, capacity 11504K, committed 11648K, reserved 1058816K
  class space    used 1304K, capacity 1388K, committed 1408K, reserved 1048576K
}

Class unloading (0 events):
No events

Deoptimization events (3 events):
Event: 712.678 Thread 0x00007f19ac00a800 Uncommon trap: reason=null_assert_or_unreached0 action=reinterpret pc=0x00007f199d263dba method=java.lang.StringBuilder.append(Ljava/lang/String;)Ljava/lang/StringBuilder; @ 0
Event: 712.678 Thread 0x00007f19ac00a800 Uncommon trap: reason=null_assert_or_unreached0 action=reinterpret pc=0x00007f199d22697a method=java.lang.AbstractStringBuilder.append(Ljava/lang/String;)Ljava/lang/AbstractStringBuilder; @ 0
Event: 812.222 Thread 0x00007f19ac00a800 Uncommon trap: reason=null_assert_or_unreached0 action=reinterpret pc=0x00007f199d2855be method=java.util.HashMap.getNode(ILjava/lang/Object;)Ljava/util/HashMap$Node; @ 62

Classes redefined (0 events):
No events

Internal exceptions (10 events):
Event: 81.107 Thread 0x00007f19ac00a800 Exception <a 'java/lang/NoSuchFieldError': method resolution failed> (0x00000000fe5758a0) thrown at [/b/b/e/main/graal-jvmci-8/src/share/vm/prims/methodHandles.cpp, line 1176]
Event: 81.110 Thread 0x00007f19ac00a800 Exception <a 'java/lang/NoSuchFieldError': method resolution failed> (0x00000000fe583070) thrown at [/b/b/e/main/graal-jvmci-8/src/share/vm/prims/methodHandles.cpp, line 1176]
Event: 356.215 Thread 0x00007f19ac00a800 Exception <a 'java/lang/UnsatisfiedLinkError'> (0x00000000fe5fe250) thrown at [/b/b/e/main/graal-jvmci-8/src/share/vm/oops/instanceKlass.cpp, line 967]
Event: 356.215 Thread 0x00007f19ac00a800 Exception <a 'java/lang/NoClassDefFoundError': Could not initialize class org.fusesource.jansi.internal.CLibrary> (0x00000000fe6009e8) thrown at [/b/b/e/main/graal-jvmci-8/src/share/vm/oops/instanceKlass.cpp, line 887]
Event: 360.103 Thread 0x00007f19ac00a800 Exception <a 'java/io/FileNotFoundException'> (0x00000000fe638178) thrown at [/b/b/e/main/graal-jvmci-8/src/share/vm/prims/jni.cpp, line 715]
Event: 363.118 Thread 0x00007f19ac00a800 Exception <a 'java/io/FileNotFoundException'> (0x00000000fe6c5800) thrown at [/b/b/e/main/graal-jvmci-8/src/share/vm/prims/jni.cpp, line 715]
Event: 429.604 Thread 0x00007f19ac00a800 Exception <a 'sun/nio/fs/UnixException'> (0x00000000fe747080) thrown at [/b/b/e/main/graal-jvmci-8/src/share/vm/prims/jni.cpp, line 715]
Event: 712.678 Thread 0x00007f19ac00a800 Implicit null exception at 0x00007f199d263af5 to 0x00007f199d263d9f
Event: 712.678 Thread 0x00007f19ac00a800 Implicit null exception at 0x00007f199d2266b5 to 0x00007f199d22695f
Event: 965.866 Thread 0x00007f19ac00a800 Implicit null exception at 0x00007f199d1d513f to 0x0000000000000000

Events (10 events):
Event: 960.317 loading class java/nio/channels/spi/AbstractSelectionKey
Event: 960.321 loading class java/nio/channels/spi/AbstractSelectionKey done
Event: 960.321 loading class sun/nio/ch/SelectionKeyImpl done
Event: 960.329 Executing VM operation: RevokeBias
Event: 960.329 Executing VM operation: RevokeBias done
Event: 960.330 loading class org/java_websocket/util/NamedThreadFactory
Event: 960.330 loading class org/java_websocket/util/NamedThreadFactory done
Event: 960.330 Executing VM operation: RevokeBias
Event: 960.330 Executing VM operation: RevokeBias done
Event: 965.842 Executing VM operation: RevokeBias


Dynamic libraries:
fe000000-1001a0000 rw-p 00000000 00:00 0 
1001a0000-140000000 ---p 00000000 00:00 0 
55e32c800000-55e32c801000 r-xp 00000000 00:1987 9223372037035935030      /nix/store/x26gyx3nb3kx580i4r9qg9q1iw45xbp9-graalvm8-ce/bin/.java-wrapped
55e32ca00000-55e32ca01000 r--p 00000000 00:1987 9223372037035935030      /nix/store/x26gyx3nb3kx580i4r9qg9q1iw45xbp9-graalvm8-ce/bin/.java-wrapped
55e32ca01000-55e32ca02000 rw-p 00001000 00:1987 9223372037035935030      /nix/store/x26gyx3nb3kx580i4r9qg9q1iw45xbp9-graalvm8-ce/bin/.java-wrapped
55e32ca02000-55e32ca03000 rw-p 00003000 00:1987 9223372037035935030      /nix/store/x26gyx3nb3kx580i4r9qg9q1iw45xbp9-graalvm8-ce/bin/.java-wrapped
55e32ca03000-55e32ca04000 rw-p 00004000 00:1987 9223372037035935030      /nix/store/x26gyx3nb3kx580i4r9qg9q1iw45xbp9-graalvm8-ce/bin/.java-wrapped
55e32e51b000-55e32e53c000 rw-p 00000000 00:00 0                          [heap]
7f194c000000-7f194c021000 rw-p 00000000 00:00 0 
7f194c021000-7f1950000000 ---p 00000000 00:00 0 
7f1950000000-7f1950021000 rw-p 00000000 00:00 0 
7f1950021000-7f1954000000 ---p 00000000 00:00 0 
7f1954000000-7f1954021000 rw-p 00000000 00:00 0 
7f1954021000-7f1958000000 ---p 00000000 00:00 0 
7f19584ff000-7f1958502000 ---p 00000000 00:00 0 
7f1958502000-7f1958700000 rw-p 00000000 00:00 0 
7f1958800000-7f1958900000 rw-p 00000000 00:00 0 
7f1958a00000-7f1958b00000 rw-p 00000000 00:00 0 
7f1958b78000-7f1958bfc000 r-xp 00000000 00:fe3 407                       /tmp/sqlite-unknown-libsqlitejdbc.so
7f1958bfc000-7f1958dfc000 ---p 00084000 00:fe3 407                       /tmp/sqlite-unknown-libsqlitejdbc.so
7f1958dfc000-7f1958dfd000 r--p 00084000 00:fe3 407                       /tmp/sqlite-unknown-libsqlitejdbc.so
7f1958dfd000-7f1958e00000 rw-p 00085000 00:fe3 407                       /tmp/sqlite-unknown-libsqlitejdbc.so
7f1958e00000-7f1958f00000 rw-p 00000000 00:00 0 
7f1958f00000-7f1959000000 ---p 00000000 00:00 0 
7f1959000000-7f1959100000 rw-p 00000000 00:00 0 
7f1959200000-7f1959300000 rw-p 00000000 00:00 0 
7f1959400000-7f1959500000 rw-p 00000000 00:00 0 
7f1959600000-7f1959700000 rw-p 00000000 00:00 0 
7f1959800000-7f1959900000 rw-p 00000000 00:00 0 
7f1959a00000-7f1959b00000 rw-p 00000000 00:00 0 
7f1959c00000-7f1959d00000 rw-p 00000000 00:00 0 
7f1959e00000-7f1959f00000 rw-p 00000000 00:00 0 
7f195a000000-7f195a100000 rw-p 00000000 00:00 0 
7f195a200000-7f195a300000 rw-p 00000000 00:00 0 
7f195a3ff000-7f195a402000 ---p 00000000 00:00 0 
7f195a402000-7f195a600000 rw-p 00000000 00:00 0 
7f195a700000-7f195a800000 rw-p 00000000 00:00 0 
7f195a900000-7f195aa00000 rw-p 00000000 00:00 0 
7f195ab00000-7f195ac00000 rw-p 00000000 00:00 0 
7f195acff000-7f195ad02000 ---p 00000000 00:00 0 
7f195ad02000-7f195af00000 rw-p 00000000 00:00 0 
7f195b000000-7f195b100000 rw-p 00000000 00:00 0 
7f195b200000-7f195b300000 rw-p 00000000 00:00 0 
7f195b400000-7f195b500000 rw-p 00000000 00:00 0 
7f195b600000-7f195b700000 rw-p 00000000 00:00 0 
7f195b800000-7f195b900000 rw-p 00000000 00:00 0 
7f195ba00000-7f195bb00000 rw-p 00000000 00:00 0 
7f195bc00000-7f195bd00000 rw-p 00000000 00:00 0 
7f195be00000-7f195bf00000 rw-p 00000000 00:00 0 
7f195c000000-7f195c021000 rw-p 00000000 00:00 0 
7f195c021000-7f1960000000 ---p 00000000 00:00 0 
7f1960000000-7f1960021000 rw-p 00000000 00:00 0 
7f1960021000-7f1964000000 ---p 00000000 00:00 0 
7f1964000000-7f1964021000 rw-p 00000000 00:00 0 
7f1964021000-7f1968000000 ---p 00000000 00:00 0 
7f1968000000-7f1968412000 rw-p 00000000 00:00 0 
7f1968412000-7f196c000000 ---p 00000000 00:00 0 
7f196c000000-7f196c100000 rw-p 00000000 00:00 0 
7f196c200000-7f196c300000 rw-p 00000000 00:00 0 
7f196c400000-7f196c500000 rw-p 00000000 00:00 0 
7f196c600000-7f196c700000 rw-p 00000000 00:00 0 
7f196c800000-7f196c900000 rw-p 00000000 00:00 0 
7f196ca00000-7f196cb00000 rw-p 00000000 00:00 0 
7f196cc00000-7f196cd00000 rw-p 00000000 00:00 0 
7f196ce00000-7f196cf00000 rw-p 00000000 00:00 0 
7f196d000000-7f196d100000 rw-p 00000000 00:00 0 
7f196d200000-7f196d300000 rw-p 00000000 00:00 0 
7f196d400000-7f196d500000 rw-p 00000000 00:00 0 
7f196d600000-7f196d700000 rw-p 00000000 00:00 0 
7f196d800000-7f196d900000 rw-p 00000000 00:00 0 
7f196da00000-7f196db00000 rw-p 00000000 00:00 0 
7f196dc00000-7f196dd00000 rw-p 00000000 00:00 0 
7f196de00000-7f196df00000 rw-p 00000000 00:00 0 
7f196e000000-7f196e200000 rw-p 00000000 00:00 0 
7f196e200000-7f196e300000 rw-p 00000000 00:00 0 
7f196e400000-7f196e500000 rw-p 00000000 00:00 0 
7f196e600000-7f196e700000 rw-p 00000000 00:00 0 
7f196e800000-7f196e900000 rw-p 00000000 00:00 0 
7f196ea00000-7f196eb00000 rw-p 00000000 00:00 0 
7f196ebfc000-7f196ebff000 ---p 00000000 00:00 0 
7f196ebff000-7f196ecfd000 rw-p 00000000 00:00 0 
7f196ecfd000-7f196ed00000 ---p 00000000 00:00 0 
7f196ed00000-7f196edfe000 rw-p 00000000 00:00 0 
7f196edfe000-7f196ee01000 ---p 00000000 00:00 0 
7f196ee01000-7f196eeff000 rw-p 00000000 00:00 0 
7f196eeff000-7f196ef02000 ---p 00000000 00:00 0 
7f196ef02000-7f196f100000 rw-p 00000000 00:00 0 
7f196f200000-7f196f300000 rw-p 00000000 00:00 0 
7f196f400000-7f196f500000 rw-p 00000000 00:00 0 
7f196f600000-7f196f700000 rw-p 00000000 00:00 0 
7f196f800000-7f196f900000 rw-p 00000000 00:00 0 
7f196fa00000-7f196fb00000 rw-p 00000000 00:00 0 
7f196fc00000-7f196fd00000 rw-p 00000000 00:00 0 
7f196fe00000-7f196ff00000 rw-p 00000000 00:00 0 
7f1970000000-7f197008c000 rw-p 00000000 00:00 0 
7f197008c000-7f1974000000 ---p 00000000 00:00 0 
7f1974000000-7f1974021000 rw-p 00000000 00:00 0 
7f1974021000-7f1978000000 ---p 00000000 00:00 0 
7f1978000000-7f1978100000 rw-p 00000000 00:00 0 
7f1978200000-7f1978300000 rw-p 00000000 00:00 0 
7f1978400000-7f1978500000 rw-p 00000000 00:00 0 
7f1978600000-7f1978700000 rw-p 00000000 00:00 0 
7f1978800000-7f1978900000 rw-p 00000000 00:00 0 
7f1978a00000-7f1978b00000 rw-p 00000000 00:00 0 
7f1978c00000-7f1978d00000 rw-p 00000000 00:00 0 
7f1978e00000-7f1978f00000 rw-p 00000000 00:00 0 
7f1979000000-7f1979100000 rw-p 00000000 00:00 0 
7f1979200000-7f1979300000 rw-p 00000000 00:00 0 
7f1979400000-7f1979500000 rw-p 00000000 00:00 0 
7f1979600000-7f1979700000 rw-p 00000000 00:00 0 
7f1979800000-7f1979900000 rw-p 00000000 00:00 0 
7f1979a00000-7f1979b00000 rw-p 00000000 00:00 0 
7f1979c00000-7f1979d00000 rw-p 00000000 00:00 0 
7f1979e00000-7f1979f00000 rw-p 00000000 00:00 0 
7f197a000000-7f197a100000 rw-p 00000000 00:00 0 
7f197a200000-7f197a300000 rw-p 00000000 00:00 0 
7f197a400000-7f197a500000 rw-p 00000000 00:00 0 
7f197a600000-7f197a700000 rw-p 00000000 00:00 0 
7f197a800000-7f197a900000 rw-p 00000000 00:00 0 
7f197aa00000-7f197ab00000 rw-p 00000000 00:00 0 
7f197ac00000-7f197ad00000 rw-p 00000000 00:00 0 
7f197ae00000-7f197af00000 rw-p 00000000 00:00 0 
7f197b000000-7f197b100000 rw-p 00000000 00:00 0 
7f197b200000-7f197b300000 rw-p 00000000 00:00 0 
7f197b400000-7f197b500000 rw-p 00000000 00:00 0 
7f197b5ff000-7f197b600000 ---p 00000000 00:00 0 
7f197b600000-7f197b603000 ---p 00000000 00:00 0 
7f197b603000-7f197bf00000 rw-p 00000000 00:00 0 
7f197c000000-7f197c05e000 rw-p 00000000 00:00 0 
7f197c05e000-7f1980000000 ---p 00000000 00:00 0 
7f1980000000-7f1980021000 rw-p 00000000 00:00 0 
7f1980021000-7f1984000000 ---p 00000000 00:00 0 
7f1984000000-7f1984021000 rw-p 00000000 00:00 0 
7f1984021000-7f1988000000 ---p 00000000 00:00 0 
7f1988000000-7f19882db000 rw-p 00000000 00:00 0 
7f19882db000-7f198c000000 ---p 00000000 00:00 0 
7f198c000000-7f198c021000 rw-p 00000000 00:00 0 
7f198c021000-7f1990000000 ---p 00000000 00:00 0 
7f1990000000-7f1990021000 rw-p 00000000 00:00 0 
7f1990021000-7f1994000000 ---p 00000000 00:00 0 
7f19940cd000-7f19940d0000 ---p 00000000 00:00 0 
7f19940d0000-7f19941ce000 rw-p 00000000 00:00 0 
7f19941ce000-7f19941e6000 r-xp 00000000 00:1987 9223372037036855101      /nix/store/x26gyx3nb3kx580i4r9qg9q1iw45xbp9-graalvm8-ce/jre/lib/amd64/libnet.so
7f19941e6000-7f19943e6000 ---p 00018000 00:1987 9223372037036855101      /nix/store/x26gyx3nb3kx580i4r9qg9q1iw45xbp9-graalvm8-ce/jre/lib/amd64/libnet.so
7f19943e6000-7f19943e7000 r--p 00018000 00:1987 9223372037036855101      /nix/store/x26gyx3nb3kx580i4r9qg9q1iw45xbp9-graalvm8-ce/jre/lib/amd64/libnet.so
7f19943e7000-7f19943e8000 rw-p 00019000 00:1987 9223372037036855101      /nix/store/x26gyx3nb3kx580i4r9qg9q1iw45xbp9-graalvm8-ce/jre/lib/amd64/libnet.so
7f19943e8000-7f19943ea000 rw-p 00020000 00:1987 9223372037036855101      /nix/store/x26gyx3nb3kx580i4r9qg9q1iw45xbp9-graalvm8-ce/jre/lib/amd64/libnet.so
7f19943ea000-7f19943fb000 r-xp 00000000 00:1987 9223372037036855102      /nix/store/x26gyx3nb3kx580i4r9qg9q1iw45xbp9-graalvm8-ce/jre/lib/amd64/libnio.so
7f19943fb000-7f19945fa000 ---p 00011000 00:1987 9223372037036855102      /nix/store/x26gyx3nb3kx580i4r9qg9q1iw45xbp9-graalvm8-ce/jre/lib/amd64/libnio.so
7f19945fa000-7f19945fb000 r--p 00010000 00:1987 9223372037036855102      /nix/store/x26gyx3nb3kx580i4r9qg9q1iw45xbp9-graalvm8-ce/jre/lib/amd64/libnio.so
7f19945fb000-7f19945fc000 rw-p 00011000 00:1987 9223372037036855102      /nix/store/x26gyx3nb3kx580i4r9qg9q1iw45xbp9-graalvm8-ce/jre/lib/amd64/libnio.so
7f19945fc000-7f1994600000 rw-p 00018000 00:1987 9223372037036855102      /nix/store/x26gyx3nb3kx580i4r9qg9q1iw45xbp9-graalvm8-ce/jre/lib/amd64/libnio.so
7f1994600000-7f1994700000 rw-p 00000000 00:00 0 
7f1994800000-7f1994caa000 r--p 00e97000 00:1987 9223372037036852803      /nix/store/x26gyx3nb3kx580i4r9qg9q1iw45xbp9-graalvm8-ce/jre/lib/amd64/libjvmcicompiler.so
7f1994caa000-7f1994d00000 r--p 00000000 00:00 0 
7f1994d00000-7f1994dd7000 rw-p 00000000 00:00 0 
7f1994dd7000-7f1995100000 rw-p 0146e000 00:1987 9223372037036852803      /nix/store/x26gyx3nb3kx580i4r9qg9q1iw45xbp9-graalvm8-ce/jre/lib/amd64/libjvmcicompiler.so
7f1995100000-7f1995542000 r--p 01797000 00:1987 9223372037036852803      /nix/store/x26gyx3nb3kx580i4r9qg9q1iw45xbp9-graalvm8-ce/jre/lib/amd64/libjvmcicompiler.so
7f19955ab000-7f1995625000 r--s 011a7000 00:1987 9223372037036969543      /nix/store/x26gyx3nb3kx580i4r9qg9q1iw45xbp9-graalvm8-ce/jre/lib/jvmci/graal.jar
7f1995625000-7f1997200000 r-xp 00000000 00:1987 9223372037036852803      /nix/store/x26gyx3nb3kx580i4r9qg9q1iw45xbp9-graalvm8-ce/jre/lib/amd64/libjvmcicompiler.so
7f1997200000-7f19973ff000 ---p 01bdb000 00:1987 9223372037036852803      /nix/store/x26gyx3nb3kx580i4r9qg9q1iw45xbp9-graalvm8-ce/jre/lib/amd64/libjvmcicompiler.so
7f19973ff000-7f1997400000 r--p 01bda000 00:1987 9223372037036852803      /nix/store/x26gyx3nb3kx580i4r9qg9q1iw45xbp9-graalvm8-ce/jre/lib/amd64/libjvmcicompiler.so
7f1997400000-7f1997402000 rw-p 01bdb000 00:1987 9223372037036852803      /nix/store/x26gyx3nb3kx580i4r9qg9q1iw45xbp9-graalvm8-ce/jre/lib/amd64/libjvmcicompiler.so
7f1997402000-7f1997407000 rw-p 01e01000 00:1987 9223372037036852803      /nix/store/x26gyx3nb3kx580i4r9qg9q1iw45xbp9-graalvm8-ce/jre/lib/amd64/libjvmcicompiler.so
7f1997407000-7f199749e000 r--s 00b67000 00:1007 487                      /home/runner/Server/java/bungee_command/bungee-dist.jar
7f1997514000-7f1997515000 ---p 00000000 00:00 0 
7f1997515000-7f1997615000 rw-p 00000000 00:00 0 
7f1997615000-7f1997618000 ---p 00000000 00:00 0 
7f1997618000-7f1997716000 rw-p 00000000 00:00 0 
7f1997716000-7f1997717000 ---p 00000000 00:00 0 
7f1997717000-7f199771a000 ---p 00000000 00:00 0 
7f199771a000-7f1997917000 rw-p 00000000 00:00 0 
7f1997917000-7f1997918000 ---p 00000000 00:00 0 
7f1997918000-7f199791b000 ---p 00000000 00:00 0 
7f199791b000-7f1997b18000 rw-p 00000000 00:00 0 
7f1997b18000-7f1997b1b000 ---p 00000000 00:00 0 
7f1997b1b000-7f1997c19000 rw-p 00000000 00:00 0 
7f1997c19000-7f1997eff000 r--p 00000000 00:1975 28444448                 /usr/lib/locale/locale-archive
7f1997eff000-7f1997f02000 ---p 00000000 00:00 0 
7f1997f02000-7f1998000000 rw-p 00000000 00:00 0 
7f1998000000-7f1998021000 rw-p 00000000 00:00 0 
7f1998021000-7f199c000000 ---p 00000000 00:00 0 
7f199c03e000-7f199c05a000 r--s 00393000 00:1987 9223372037036968479      /nix/store/x26gyx3nb3kx580i4r9qg9q1iw45xbp9-graalvm8-ce/jre/lib/ext/cldrdata.jar
7f199c05a000-7f199c06d000 r--s 0034b000 00:1987 9223372037036855157      /nix/store/x26gyx3nb3kx580i4r9qg9q1iw45xbp9-graalvm8-ce/jre/lib/resources.jar
7f199c06d000-7f199c070000 ---p 00000000 00:00 0 
7f199c070000-7f199c16e000 rw-p 00000000 00:00 0 
7f199c16e000-7f199c16f000 ---p 00000000 00:00 0 
7f199c16f000-7f199c26f000 rw-p 00000000 00:00 0 
7f199c26f000-7f199c440000 r--s 03ca5000 00:1987 9223372037036855158      /nix/store/x26gyx3nb3kx580i4r9qg9q1iw45xbp9-graalvm8-ce/jre/lib/rt.jar
7f199c440000-7f199cc40000 rw-p 00000000 00:00 0 
7f199cc40000-7f199cc4b000 rw-p 00000000 00:00 0 
7f199cc4b000-7f199d000000 ---p 00000000 00:00 0 
7f199d000000-7f199d2a0000 rwxp 00000000 00:00 0 
7f199d2a0000-7f19ac000000 ---p 00000000 00:00 0 
7f19ac000000-7f19ac486000 rw-p 00000000 00:00 0 
7f19ac486000-7f19b0000000 ---p 00000000 00:00 0 
7f19b0000000-7f19b000b000 r--s 00116000 00:1987 9223372037036968973      /nix/store/x26gyx3nb3kx580i4r9qg9q1iw45xbp9-graalvm8-ce/jre/lib/ext/localedata.jar
7f19b000b000-7f19b000e000 ---p 00000000 00:00 0 
7f19b000e000-7f19b0044000 rw-p 00000000 00:00 0 
7f19b0044000-7f19b0055000 r--s 001c4000 00:1987 9223372037036855130      /nix/store/x26gyx3nb3kx580i4r9qg9q1iw45xbp9-graalvm8-ce/jre/lib/jsse.jar
7f19b0055000-7f19b0056000 r--s 00000000 00:1987 9223372037036969542      /nix/store/x26gyx3nb3kx580i4r9qg9q1iw45xbp9-graalvm8-ce/jre/lib/jvmci/graal-truffle-jfr-impl.jar
7f19b0056000-7f19b005a000 r--s 00089000 00:1987 9223372037036972281      /nix/store/x26gyx3nb3kx580i4r9qg9q1iw45xbp9-graalvm8-ce/jre/lib/jvmci/jvmci-hotspot.jar
7f19b005a000-7f19b005e000 r--s 0004f000 00:1987 9223372037036972278      /nix/store/x26gyx3nb3kx580i4r9qg9q1iw45xbp9-graalvm8-ce/jre/lib/jvmci/jvmci-api.jar
7f19b005e000-7f19b005f000 r--s 00010000 00:1987 9223372037036968389      /nix/store/x26gyx3nb3kx580i4r9qg9q1iw45xbp9-graalvm8-ce/jre/lib/boot/graaljs-scriptengine.jar
7f19b005f000-7f19b0064000 r--s 0005c000 00:1987 9223372037036968388      /nix/store/x26gyx3nb3kx580i4r9qg9q1iw45xbp9-graalvm8-ce/jre/lib/boot/graal-sdk.src.zip
7f19b0064000-7f19b0065000 r--s 00004000 00:1987 9223372037036968390      /nix/store/x26gyx3nb3kx580i4r9qg9q1iw45xbp9-graalvm8-ce/jre/lib/boot/truffleruby-services.jar
7f19b0065000-7f19b006d000 r--s 0008b000 00:1987 9223372037036968387      /nix/store/x26gyx3nb3kx580i4r9qg9q1iw45xbp9-graalvm8-ce/jre/lib/boot/graal-sdk.jar
7f19b006d000-7f19b006e000 r--s 00005000 00:1987 9223372037036855136      /nix/store/x26gyx3nb3kx580i4r9qg9q1iw45xbp9-graalvm8-ce/jre/lib/jvmci-services.jar
7f19b006e000-7f19b0074000 r--s 000d3000 00:1987 9223372037036855129      /nix/store/x26gyx3nb3kx580i4r9qg9q1iw45xbp9-graalvm8-ce/jre/lib/jfr.jar
7f19b0074000-7f19b01ae000 rw-p 00000000 00:00 0 
7f19b01ae000-7f19b01af000 rw-p 00000000 00:00 0 
7f19b01af000-7f19b01b7000 r-xp 00000000 00:1987 9223372037036855111      /nix/store/x26gyx3nb3kx580i4r9qg9q1iw45xbp9-graalvm8-ce/jre/lib/amd64/libzip.so
7f19b01b7000-7f19b03b6000 ---p 00008000 00:1987 9223372037036855111      /nix/store/x26gyx3nb3kx580i4r9qg9q1iw45xbp9-graalvm8-ce/jre/lib/amd64/libzip.so
7f19b03b6000-7f19b03b7000 r--p 00007000 00:1987 9223372037036855111      /nix/store/x26gyx3nb3kx580i4r9qg9q1iw45xbp9-graalvm8-ce/jre/lib/amd64/libzip.so
7f19b03b7000-7f19b03b8000 rw-p 00008000 00:1987 9223372037036855111      /nix/store/x26gyx3nb3kx580i4r9qg9q1iw45xbp9-graalvm8-ce/jre/lib/amd64/libzip.so
7f19b03b8000-7f19b03ba000 rw-p 0000b000 00:1987 9223372037036855111      /nix/store/x26gyx3nb3kx580i4r9qg9q1iw45xbp9-graalvm8-ce/jre/lib/amd64/libzip.so
7f19b03ba000-7f19b03c2000 rw-s 00000000 00:fe3 406                       /tmp/hsperfdata_runner/979
7f19b03c2000-7f19b03c5000 r--p 00000000 00:1987 9223372037120725735      /nix/store/9bh3986bpragfjmr32gay8p95k91q4gy-glibc-2.33-47/lib/libnss_files-2.33.so
7f19b03c5000-7f19b03cb000 r-xp 00003000 00:1987 9223372037120725735      /nix/store/9bh3986bpragfjmr32gay8p95k91q4gy-glibc-2.33-47/lib/libnss_files-2.33.so
7f19b03cb000-7f19b03cd000 r--p 00009000 00:1987 9223372037120725735      /nix/store/9bh3986bpragfjmr32gay8p95k91q4gy-glibc-2.33-47/lib/libnss_files-2.33.so
7f19b03cd000-7f19b03ce000 r--p 0000a000 00:1987 9223372037120725735      /nix/store/9bh3986bpragfjmr32gay8p95k91q4gy-glibc-2.33-47/lib/libnss_files-2.33.so
7f19b03ce000-7f19b03cf000 rw-p 0000b000 00:1987 9223372037120725735      /nix/store/9bh3986bpragfjmr32gay8p95k91q4gy-glibc-2.33-47/lib/libnss_files-2.33.so
7f19b03cf000-7f19b03d6000 rw-p 00000000 00:00 0 
7f19b03d6000-7f19b03d7000 ---p 00000000 00:00 0 
7f19b03d7000-7f19b03ff000 r-xp 00000000 00:1987 9223372037036852791      /nix/store/x26gyx3nb3kx580i4r9qg9q1iw45xbp9-graalvm8-ce/jre/lib/amd64/libjava.so
7f19b03ff000-7f19b05fe000 ---p 00028000 00:1987 9223372037036852791      /nix/store/x26gyx3nb3kx580i4r9qg9q1iw45xbp9-graalvm8-ce/jre/lib/amd64/libjava.so
7f19b05fe000-7f19b05ff000 r--p 00027000 00:1987 9223372037036852791      /nix/store/x26gyx3nb3kx580i4r9qg9q1iw45xbp9-graalvm8-ce/jre/lib/amd64/libjava.so
7f19b05ff000-7f19b0601000 rw-p 00028000 00:1987 9223372037036852791      /nix/store/x26gyx3nb3kx580i4r9qg9q1iw45xbp9-graalvm8-ce/jre/lib/amd64/libjava.so
7f19b0601000-7f19b0606000 rw-p 00034000 00:1987 9223372037036852791      /nix/store/x26gyx3nb3kx580i4r9qg9q1iw45xbp9-graalvm8-ce/jre/lib/amd64/libjava.so
7f19b0606000-7f19b0615000 r-xp 00000000 00:1987 9223372037036855110      /nix/store/x26gyx3nb3kx580i4r9qg9q1iw45xbp9-graalvm8-ce/jre/lib/amd64/libverify.so
7f19b0615000-7f19b0814000 ---p 0000f000 00:1987 9223372037036855110      /nix/store/x26gyx3nb3kx580i4r9qg9q1iw45xbp9-graalvm8-ce/jre/lib/amd64/libverify.so
7f19b0814000-7f19b0816000 r--p 0000e000 00:1987 9223372037036855110      /nix/store/x26gyx3nb3kx580i4r9qg9q1iw45xbp9-graalvm8-ce/jre/lib/amd64/libverify.so
7f19b0816000-7f19b0817000 rw-p 00010000 00:1987 9223372037036855110      /nix/store/x26gyx3nb3kx580i4r9qg9q1iw45xbp9-graalvm8-ce/jre/lib/amd64/libverify.so
7f19b0817000-7f19b0818000 rw-p 00013000 00:1987 9223372037036855110      /nix/store/x26gyx3nb3kx580i4r9qg9q1iw45xbp9-graalvm8-ce/jre/lib/amd64/libverify.so
7f19b0818000-7f19b081b000 r--p 00000000 00:1987 9223372037120725748      /nix/store/9bh3986bpragfjmr32gay8p95k91q4gy-glibc-2.33-47/lib/librt-2.33.so
7f19b081b000-7f19b081f000 r-xp 00003000 00:1987 9223372037120725748      /nix/store/9bh3986bpragfjmr32gay8p95k91q4gy-glibc-2.33-47/lib/librt-2.33.so
7f19b081f000-7f19b0821000 r--p 00007000 00:1987 9223372037120725748      /nix/store/9bh3986bpragfjmr32gay8p95k91q4gy-glibc-2.33-47/lib/librt-2.33.so
7f19b0821000-7f19b0822000 r--p 00008000 00:1987 9223372037120725748      /nix/store/9bh3986bpragfjmr32gay8p95k91q4gy-glibc-2.33-47/lib/librt-2.33.so
7f19b0822000-7f19b0823000 rw-p 00009000 00:1987 9223372037120725748      /nix/store/9bh3986bpragfjmr32gay8p95k91q4gy-glibc-2.33-47/lib/librt-2.33.so
7f19b0823000-7f19b0824000 ---p 00000000 00:00 0 
7f19b0824000-7f19b0827000 ---p 00000000 00:00 0 
7f19b0827000-7f19b0924000 rw-p 00000000 00:00 0 
7f19b0924000-7f19b0933000 r--p 00000000 00:1987 9223372037120725717      /nix/store/9bh3986bpragfjmr32gay8p95k91q4gy-glibc-2.33-47/lib/libm-2.33.so
7f19b0933000-7f19b09ca000 r-xp 0000f000 00:1987 9223372037120725717      /nix/store/9bh3986bpragfjmr32gay8p95k91q4gy-glibc-2.33-47/lib/libm-2.33.so
7f19b09ca000-7f19b0a63000 r--p 000a6000 00:1987 9223372037120725717      /nix/store/9bh3986bpragfjmr32gay8p95k91q4gy-glibc-2.33-47/lib/libm-2.33.so
7f19b0a63000-7f19b0a64000 r--p 0013e000 00:1987 9223372037120725717      /nix/store/9bh3986bpragfjmr32gay8p95k91q4gy-glibc-2.33-47/lib/libm-2.33.so
7f19b0a64000-7f19b0a65000 rw-p 0013f000 00:1987 9223372037120725717      /nix/store/9bh3986bpragfjmr32gay8p95k91q4gy-glibc-2.33-47/lib/libm-2.33.so
7f19b0a65000-7f19b189c000 r-xp 00000000 00:1987 9223372037036967859      /nix/store/x26gyx3nb3kx580i4r9qg9q1iw45xbp9-graalvm8-ce/jre/lib/amd64/server/libjvm.so
7f19b189c000-7f19b1a9c000 ---p 00e37000 00:1987 9223372037036967859      /nix/store/x26gyx3nb3kx580i4r9qg9q1iw45xbp9-graalvm8-ce/jre/lib/amd64/server/libjvm.so
7f19b1a9c000-7f19b1b67000 rw-p 00e37000 00:1987 9223372037036967859      /nix/store/x26gyx3nb3kx580i4r9qg9q1iw45xbp9-graalvm8-ce/jre/lib/amd64/server/libjvm.so
7f19b1b67000-7f19b1b9f000 rw-p 00000000 00:00 0 
7f19b1b9f000-7f19b1bc5000 r--p 00000000 00:1987 9223372037120725705      /nix/store/9bh3986bpragfjmr32gay8p95k91q4gy-glibc-2.33-47/lib/libc-2.33.so
7f19b1bc5000-7f19b1d08000 r-xp 00026000 00:1987 9223372037120725705      /nix/store/9bh3986bpragfjmr32gay8p95k91q4gy-glibc-2.33-47/lib/libc-2.33.so
7f19b1d08000-7f19b1d55000 r--p 00169000 00:1987 9223372037120725705      /nix/store/9bh3986bpragfjmr32gay8p95k91q4gy-glibc-2.33-47/lib/libc-2.33.so
7f19b1d55000-7f19b1d58000 r--p 001b5000 00:1987 9223372037120725705      /nix/store/9bh3986bpragfjmr32gay8p95k91q4gy-glibc-2.33-47/lib/libc-2.33.so
7f19b1d58000-7f19b1d5b000 rw-p 001b8000 00:1987 9223372037120725705      /nix/store/9bh3986bpragfjmr32gay8p95k91q4gy-glibc-2.33-47/lib/libc-2.33.so
7f19b1d5b000-7f19b1d66000 rw-p 00000000 00:00 0 
7f19b1d66000-7f19b1d67000 r--p 00000000 00:1987 9223372037120725712      /nix/store/9bh3986bpragfjmr32gay8p95k91q4gy-glibc-2.33-47/lib/libdl-2.33.so
7f19b1d67000-7f19b1d68000 r-xp 00001000 00:1987 9223372037120725712      /nix/store/9bh3986bpragfjmr32gay8p95k91q4gy-glibc-2.33-47/lib/libdl-2.33.so
7f19b1d68000-7f19b1d69000 r--p 00002000 00:1987 9223372037120725712      /nix/store/9bh3986bpragfjmr32gay8p95k91q4gy-glibc-2.33-47/lib/libdl-2.33.so
7f19b1d69000-7f19b1d6a000 r--p 00002000 00:1987 9223372037120725712      /nix/store/9bh3986bpragfjmr32gay8p95k91q4gy-glibc-2.33-47/lib/libdl-2.33.so
7f19b1d6a000-7f19b1d6b000 rw-p 00003000 00:1987 9223372037120725712      /nix/store/9bh3986bpragfjmr32gay8p95k91q4gy-glibc-2.33-47/lib/libdl-2.33.so
7f19b1d6b000-7f19b1d78000 r-xp 00000000 00:1987 9223372037036852776      /nix/store/x26gyx3nb3kx580i4r9qg9q1iw45xbp9-graalvm8-ce/jre/lib/amd64/jli/libjli.so
7f19b1d78000-7f19b1f78000 ---p 0000d000 00:1987 9223372037036852776      /nix/store/x26gyx3nb3kx580i4r9qg9q1iw45xbp9-graalvm8-ce/jre/lib/amd64/jli/libjli.so
7f19b1f78000-7f19b1f79000 r--p 0000d000 00:1987 9223372037036852776      /nix/store/x26gyx3nb3kx580i4r9qg9q1iw45xbp9-graalvm8-ce/jre/lib/amd64/jli/libjli.so
7f19b1f79000-7f19b1f7a000 rw-p 0000e000 00:1987 9223372037036852776      /nix/store/x26gyx3nb3kx580i4r9qg9q1iw45xbp9-graalvm8-ce/jre/lib/amd64/jli/libjli.so
7f19b1f7a000-7f19b1f7b000 rw-p 00012000 00:1987 9223372037036852776      /nix/store/x26gyx3nb3kx580i4r9qg9q1iw45xbp9-graalvm8-ce/jre/lib/amd64/jli/libjli.so
7f19b1f7b000-7f19b1f7e000 r--p 00000000 00:1987 9223372037121377054      /nix/store/dc3r2nbhckwn41hq5vaxxbj7z0lqdwb1-zlib-1.2.11/lib/libz.so.1.2.11
7f19b1f7e000-7f19b1f8f000 r-xp 00003000 00:1987 9223372037121377054      /nix/store/dc3r2nbhckwn41hq5vaxxbj7z0lqdwb1-zlib-1.2.11/lib/libz.so.1.2.11
7f19b1f8f000-7f19b1f95000 r--p 00014000 00:1987 9223372037121377054      /nix/store/dc3r2nbhckwn41hq5vaxxbj7z0lqdwb1-zlib-1.2.11/lib/libz.so.1.2.11
7f19b1f95000-7f19b1f96000 ---p 0001a000 00:1987 9223372037121377054      /nix/store/dc3r2nbhckwn41hq5vaxxbj7z0lqdwb1-zlib-1.2.11/lib/libz.so.1.2.11
7f19b1f96000-7f19b1f97000 r--p 0001a000 00:1987 9223372037121377054      /nix/store/dc3r2nbhckwn41hq5vaxxbj7z0lqdwb1-zlib-1.2.11/lib/libz.so.1.2.11
7f19b1f97000-7f19b1f98000 rw-p 0001b000 00:1987 9223372037121377054      /nix/store/dc3r2nbhckwn41hq5vaxxbj7z0lqdwb1-zlib-1.2.11/lib/libz.so.1.2.11
7f19b1f98000-7f19b1f9f000 r--p 00000000 00:1987 9223372037120725742      /nix/store/9bh3986bpragfjmr32gay8p95k91q4gy-glibc-2.33-47/lib/libpthread-2.33.so
7f19b1f9f000-7f19b1fad000 r-xp 00007000 00:1987 9223372037120725742      /nix/store/9bh3986bpragfjmr32gay8p95k91q4gy-glibc-2.33-47/lib/libpthread-2.33.so
7f19b1fad000-7f19b1fb2000 r--p 00015000 00:1987 9223372037120725742      /nix/store/9bh3986bpragfjmr32gay8p95k91q4gy-glibc-2.33-47/lib/libpthread-2.33.so
7f19b1fb2000-7f19b1fb3000 r--p 00019000 00:1987 9223372037120725742      /nix/store/9bh3986bpragfjmr32gay8p95k91q4gy-glibc-2.33-47/lib/libpthread-2.33.so
7f19b1fb3000-7f19b1fb4000 rw-p 0001a000 00:1987 9223372037120725742      /nix/store/9bh3986bpragfjmr32gay8p95k91q4gy-glibc-2.33-47/lib/libpthread-2.33.so
7f19b1fb4000-7f19b1fba000 rw-p 00000000 00:00 0 
7f19b1fba000-7f19b1fbb000 r--p 00000000 00:1987 9223372037120725696      /nix/store/9bh3986bpragfjmr32gay8p95k91q4gy-glibc-2.33-47/lib/ld-2.33.so
7f19b1fbb000-7f19b1fdf000 r-xp 00001000 00:1987 9223372037120725696      /nix/store/9bh3986bpragfjmr32gay8p95k91q4gy-glibc-2.33-47/lib/ld-2.33.so
7f19b1fdf000-7f19b1fe9000 r--p 00025000 00:1987 9223372037120725696      /nix/store/9bh3986bpragfjmr32gay8p95k91q4gy-glibc-2.33-47/lib/ld-2.33.so
7f19b1fe9000-7f19b1feb000 r--p 0002e000 00:1987 9223372037120725696      /nix/store/9bh3986bpragfjmr32gay8p95k91q4gy-glibc-2.33-47/lib/ld-2.33.so
7f19b1feb000-7f19b1fed000 rw-p 00030000 00:1987 9223372037120725696      /nix/store/9bh3986bpragfjmr32gay8p95k91q4gy-glibc-2.33-47/lib/ld-2.33.so
7fff1fcf7000-7fff1fd1b000 rw-p 00000000 00:00 0                          [stack]
7fff1fd68000-7fff1fd6c000 r--p 00000000 00:00 0                          [vvar]
7fff1fd6c000-7fff1fd6e000 r-xp 00000000 00:00 0                          [vdso]
ffffffffff600000-ffffffffff601000 --xp 00000000 00:00 0                  [vsyscall]

VM Arguments:
jvm_args: -Xmx32M -Xms32M 
java_command: bungee-dist.jar
java_class_path (initial): bungee-dist.jar
Launcher Type: SUN_STANDARD

Environment Variables:
JAVA_HOME=/nix/store/x26gyx3nb3kx580i4r9qg9q1iw45xbp9-graalvm8-ce
LD_LIBRARY_PATH=/nix/store/kbz3s60sndry87c2csg4svbbld3224q8-cups-2.3.3-lib/lib:/nix/store/0bdcnb6wnd9dg4wj4aqjwkizzz7lldps-cairo-1.16.0/lib:/nix/store/3jz43ya7j65mh53nj262rilsk1j2jb68-glib-2.68.3/lib:/nix/store/qvmdkg2f09pvlsdr4bqasyiy5g0mbvrd-gtk+3-3.24.30/lib:/nix/store/hisqvx32cd57apbpcsnkpx6k3549wql1-libglvnd-1.4.0/lib:/nix/store/p36pgcv991mq5srvg765b78yqpxvk3qs-mesa-21.3.3-drivers/lib:/nix/store/mav4251if1ahjq5vkpwycyyvnmy459c4-pulseaudio-14.2/lib
SHELL=/bin/bash
DISPLAY=:0

Signal Handlers:
SIGSEGV: [libjvm.so+0xbe9860], sa_mask[0]=11111111011111111101111111111110, sa_flags=SA_RESTART|SA_SIGINFO
SIGBUS: [libjvm.so+0xbe9860], sa_mask[0]=11111111011111111101111111111110, sa_flags=SA_RESTART|SA_SIGINFO
SIGFPE: [libjvm.so+0xa11d10], sa_mask[0]=11111111011111111101111111111110, sa_flags=SA_RESTART|SA_SIGINFO
SIGPIPE: [libjvm.so+0xa11d10], sa_mask[0]=11111111011111111101111111111110, sa_flags=SA_RESTART|SA_SIGINFO
SIGXFSZ: [libjvm.so+0xa11d10], sa_mask[0]=11111111011111111101111111111110, sa_flags=SA_RESTART|SA_SIGINFO
SIGILL: [libjvm.so+0xa11d10], sa_mask[0]=11111111011111111101111111111110, sa_flags=SA_RESTART|SA_SIGINFO
SIGUSR1: SIG_DFL, sa_mask[0]=00000000000000000000000000000000, sa_flags=none
SIGUSR2: [libjvm.so+0xa11be0], sa_mask[0]=00000000000000000000000000000000, sa_flags=SA_RESTART|SA_SIGINFO
SIGHUP: [libjvm.so+0xa12200], sa_mask[0]=11111111011111111101111111111110, sa_flags=SA_RESTART|SA_SIGINFO
SIGINT: [libjvm.so+0xa12200], sa_mask[0]=11111111011111111101111111111110, sa_flags=SA_RESTART|SA_SIGINFO
SIGTERM: [libjvm.so+0xa12200], sa_mask[0]=11111111011111111101111111111110, sa_flags=SA_RESTART|SA_SIGINFO
SIGQUIT: [libjvm.so+0xa12200], sa_mask[0]=11111111011111111101111111111110, sa_flags=SA_RESTART|SA_SIGINFO


---------------  S Y S T E M  ---------------

OS:DISTRIB_ID=Ubuntu
DISTRIB_RELEASE=20.04
DISTRIB_CODENAME=focal
DISTRIB_DESCRIPTION="Ubuntu 20.04.2 LTS"

uname:Linux 5.15.0-1025-gcp #32~20.04.2-Ubuntu SMP Tue Nov 29 08:31:04 UTC 2022 x86_64
libc:glibc 2.33 NPTL 2.33 
rlimit: STACK 8192k, CORE infinity, NPROC infinity, NOFILE 5242, AS infinity
load average:1081.97 1011.50 961.96

/proc/meminfo:
MemTotal:       32872712 kB
MemFree:          436488 kB
MemAvailable:    4420520 kB
Buffers:           12448 kB
Cached:          5776888 kB
SwapCached:            0 kB
Active:          1885820 kB
Inactive:       25653008 kB
Active(anon):     661248 kB
Inactive(anon): 23591144 kB
Active(file):    1224572 kB
Inactive(file):  2061864 kB
Unevictable:       42796 kB
Mlocked:           42796 kB
SwapTotal:             0 kB
SwapFree:              0 kB
Dirty:             11836 kB
Writeback:         27780 kB
AnonPages:      21793652 kB
Mapped:          3537684 kB
Shmem:           2591832 kB
KReclaimable:    1362088 kB
Slab:            3356776 kB
SReclaimable:    1362088 kB
SUnreclaim:      1994688 kB
KernelStack:      589488 kB
PageTables:       476448 kB
NFS_Unstable:          0 kB
Bounce:                0 kB
WritebackTmp:          0 kB
CommitLimit:    16436356 kB
Committed_AS:   136143424 kB
VmallocTotal:   34359738367 kB
VmallocUsed:      640648 kB
VmallocChunk:          0 kB
Percpu:            40240 kB
HardwareCorrupted:     0 kB
AnonHugePages:      2048 kB
ShmemHugePages:        0 kB
ShmemPmdMapped:        0 kB
FileHugePages:         0 kB
FilePmdMapped:         0 kB
HugePages_Total:       0
HugePages_Free:        0
HugePages_Rsvd:        0
HugePages_Surp:        0
Hugepagesize:       2048 kB
Hugetlb:               0 kB
DirectMap4k:     4373312 kB
DirectMap2M:    29177856 kB
DirectMap1G:     2097152 kB

container (cgroup) information:
container_type: cgroupv1
cpu_cpuset_cpus: 1-3
cpu_memory_nodes: 0
active_processor_count: 1
cpu_quota: 30000
cpu_period: 100000
cpu_shares: 307
memory_limit_in_bytes: 1073741824
memory_and_swap_limit_in_bytes: 1073741824
memory_soft_limit_in_bytes: 536870912
memory_usage_in_bytes: 310804480
memory_max_usage_in_bytes: 831770624


CPU:total 4 (initial active 1) (4 cores per cpu, 1 threads per core) family 23 model 49 stepping 0, cmov, cx8, fxsr, mmx, sse, sse2, sse3, ssse3, sse4.1, sse4.2, popcnt, avx, avx2, aes, clmul, mmxext, 3dnowpref, lzcnt, sse4a, tsc, tscinvbit, tscinv, bmi1

/proc/cpuinfo:
processor	: 0
vendor_id	: AuthenticAMD
cpu family	: 23
model		: 49
model name	: AMD EPYC 7B12
stepping	: 0
microcode	: 0x1000065
cpu MHz		: 2249.998
cache size	: 512 KB
physical id	: 0
siblings	: 4
core id		: 0
cpu cores	: 2
apicid		: 0
initial apicid	: 0
fpu		: yes
fpu_exception	: yes
cpuid level	: 13
wp		: yes
flags		: fpu vme de pse tsc msr pae mce cx8 apic sep mtrr pge mca cmov pat pse36 clflush mmx fxsr sse sse2 ht syscall nx mmxext fxsr_opt pdpe1gb rdtscp lm constant_tsc rep_good nopl nonstop_tsc cpuid extd_apicid tsc_known_freq pni pclmulqdq ssse3 fma cx16 sse4_1 sse4_2 movbe popcnt aes xsave avx f16c rdrand hypervisor lahf_lm cmp_legacy cr8_legacy abm sse4a misalignsse 3dnowprefetch osvw topoext ssbd ibrs ibpb stibp vmmcall fsgsbase tsc_adjust bmi1 avx2 smep bmi2 rdseed adx smap clflushopt clwb sha_ni xsaveopt xsavec xgetbv1 clzero xsaveerptr arat npt nrip_save umip rdpid
bugs		: sysret_ss_attrs null_seg spectre_v1 spectre_v2 spec_store_bypass retbleed
bogomips	: 4499.99
TLB size	: 3072 4K pages
clflush size	: 64
cache_alignment	: 64
address sizes	: 48 bits physical, 48 bits virtual
power management:

processor	: 1
vendor_id	: AuthenticAMD
cpu family	: 23
model		: 49
model name	: AMD EPYC 7B12
stepping	: 0
microcode	: 0x1000065
cpu MHz		: 2249.998
cache size	: 512 KB
physical id	: 0
siblings	: 4
core id		: 1
cpu cores	: 2
apicid		: 2
initial apicid	: 2
fpu		: yes
fpu_exception	: yes
cpuid level	: 13
wp		: yes
flags		: fpu vme de pse tsc msr pae mce cx8 apic sep mtrr pge mca cmov pat pse36 clflush mmx fxsr sse sse2 ht syscall nx mmxext fxsr_opt pdpe1gb rdtscp lm constant_tsc rep_good nopl nonstop_tsc cpuid extd_apicid tsc_known_freq pni pclmulqdq ssse3 fma cx16 sse4_1 sse4_2 movbe popcnt aes xsave avx f16c rdrand hypervisor lahf_lm cmp_legacy cr8_legacy abm sse4a misalignsse 3dnowprefetch osvw topoext ssbd ibrs ibpb stibp vmmcall fsgsbase tsc_adjust bmi1 avx2 smep bmi2 rdseed adx smap clflushopt clwb sha_ni xsaveopt xsavec xgetbv1 clzero xsaveerptr arat npt nrip_save umip rdpid
bugs		: sysret_ss_attrs null_seg spectre_v1 spectre_v2 spec_store_bypass retbleed
bogomips	: 4499.99
TLB size	: 3072 4K pages
clflush size	: 64
cache_alignment	: 64
address sizes	: 48 bits physical, 48 bits virtual
power management:

processor	: 2
vendor_id	: AuthenticAMD
cpu family	: 23
model		: 49
model name	: AMD EPYC 7B12
stepping	: 0
microcode	: 0x1000065
cpu MHz		: 2249.998
cache size	: 512 KB
physical id	: 0
siblings	: 4
core id		: 0
cpu cores	: 2
apicid		: 1
initial apicid	: 1
fpu		: yes
fpu_exception	: yes
cpuid level	: 13
wp		: yes
flags		: fpu vme de pse tsc msr pae mce cx8 apic sep mtrr pge mca cmov pat pse36 clflush mmx fxsr sse sse2 ht syscall nx mmxext fxsr_opt pdpe1gb rdtscp lm constant_tsc rep_good nopl nonstop_tsc cpuid extd_apicid tsc_known_freq pni pclmulqdq ssse3 fma cx16 sse4_1 sse4_2 movbe popcnt aes xsave avx f16c rdrand hypervisor lahf_lm cmp_legacy cr8_legacy abm sse4a misalignsse 3dnowprefetch osvw topoext ssbd ibrs ibpb stibp vmmcall fsgsbase tsc_adjust bmi1 avx2 smep bmi2 rdseed adx smap clflushopt clwb sha_ni xsaveopt xsavec xgetbv1 clzero xsaveerptr arat npt nrip_save umip rdpid
bugs		: sysret_ss_attrs null_seg spectre_v1 spectre_v2 spec_store_bypass retbleed
bogomips	: 4499.99
TLB size	: 3072 4K pages
clflush size	: 64
cache_alignment	: 64
address sizes	: 48 bits physical, 48 bits virtual
power management:

processor	: 3
vendor_id	: AuthenticAMD
cpu family	: 23
model		: 49
model name	: AMD EPYC 7B12
stepping	: 0
microcode	: 0x1000065
cpu MHz		: 2249.998
cache size	: 512 KB
physical id	: 0
siblings	: 4
core id		: 1
cpu cores	: 2
apicid		: 3
initial apicid	: 3
fpu		: yes
fpu_exception	: yes
cpuid level	: 13
wp		: yes
flags		: fpu vme de pse tsc msr pae mce cx8 apic sep mtrr pge mca cmov pat pse36 clflush mmx fxsr sse sse2 ht syscall nx mmxext fxsr_opt pdpe1gb rdtscp lm constant_tsc rep_good nopl nonstop_tsc cpuid extd_apicid tsc_known_freq pni pclmulqdq ssse3 fma cx16 sse4_1 sse4_2 movbe popcnt aes xsave avx f16c rdrand hypervisor lahf_lm cmp_legacy cr8_legacy abm sse4a misalignsse 3dnowprefetch osvw topoext ssbd ibrs ibpb stibp vmmcall fsgsbase tsc_adjust bmi1 avx2 smep bmi2 rdseed adx smap clflushopt clwb sha_ni xsaveopt xsavec xgetbv1 clzero xsaveerptr arat npt nrip_save umip rdpid
bugs		: sysret_ss_attrs null_seg spectre_v1 spectre_v2 spec_store_bypass retbleed
bogomips	: 4499.99
TLB size	: 3072 4K pages
clflush size	: 64
cache_alignment	: 64
address sizes	: 48 bits physical, 48 bits virtual
power management:



Memory: 4k page, physical 1048576k(745048k free), swap 0k(0k free)

vm_info: OpenJDK 64-Bit Server VM GraalVM CE 21.2.0 (25.302-b07-jvmci-21.2-b08) for linux-amd64 JRE (1.8.0), built on Jul 19 2021 22:50:15 by "buildslave" with gcc 7.3.0

time: Fri Jan 13 16:33:50 2023
timezone: UTC
elapsed time: 1022.184648 seconds (0d 0h 17m 2s)

