#
# A fatal error has been detected by the Java Runtime Environment:
#
#  SIGSEGV (0xb) at pc=0x00007f1edd47e74f, pid=29, tid=0x00007f1ebbdfe640
#
# JRE version: OpenJDK Runtime Environment (8.0_302-b07) (build 1.8.0_302-b07)
# Java VM: OpenJDK 64-Bit Server VM GraalVM CE 21.2.0 (25.302-b07-jvmci-21.2-b08 mixed mode linux-amd64 compressed oops)
# Problematic frame:
# V  [libjvm.so+0x41b74f]  ciMethod::break_at_execute()+0x30f
#
# Core dump written. Default location: /home/runner/Server/java/bungee_command/core or core.29
#
# If you would like to submit a bug report, please visit:
#   https://github.com/oracle/graal/issues
#

---------------  T H R E A D  ---------------

Current thread (0x00007f1ed80df800):  JavaThread "C1 CompilerThread1" daemon [_thread_in_native_trans, id=67, stack(0x00007f1ebbbff000,0x00007f1ebbdff000)]

siginfo: si_signo: 11 (SIGSEGV), si_code: 0 (SI_USER)

Registers:
RAX=0x00007f1edc9d3f80, RBX=0x00007f1ebbdfd6a0, RCX=0x00007f1ede5b1080, RDX=0x00007f1ede1792d8
RSP=0x00007f1ebbdfd4f0, RBP=0x00007f1ebbdfd540, RSI=0x0000000000000001, RDI=0x0000000000000010
R8 =0x00007f1eb027c188, R9 =0x00007f1ec90781d0, R10=0x00007fff57399090, R11=0x0000000000e22326
R12=0x00007f1ede1792cc, R13=0x00007f1ede14e3e8, R14=0x00007f1ed80df800, R15=0x00007f1eb027b2f0
RIP=0x00007f1edd47e74f, EFLAGS=0x0000000000010202, CSGSFS=0x002b000000000033, ERR=0x0000000000000007
  TRAPNO=0x000000000000000e

Top of Stack: (sp=0x00007f1ebbdfd4f0)
0x00007f1ebbdfd4f0:   00007f1eb02f9380 00007f1eb02f9320
0x00007f1ebbdfd500:   00007f1ebbdfd540 00007f1edd579f0a
0x00007f1ebbdfd510:   00007f1eb02f92d0 00007f1ebbdfd6a0
0x00007f1ebbdfd520:   00007f1eb02f9320 00007f1ebbdfdab0
0x00007f1ebbdfd530:   00007f1ebbdfdab0 00007f1ede14e3e8
0x00007f1ebbdfd540:   00007f1ebbdfd5e0 00007f1edd3ac1e2
0x00007f1ebbdfd550:   00007f1eb027b490 00007f1ed8146600
0x00007f1ebbdfd560:   00000001000555d0 00007f1eb027b240
0x00007f1ebbdfd570:   00007f1ebbdfd590 00007f1edd4755fd
0x00007f1ebbdfd580:   00007f1ebbdfd5b0 00007f1edd3acd07
0x00007f1ebbdfd590:   00007f1ebbdfd5e0 00007f1eddb18909
0x00007f1ebbdfd5a0:   00007f1ec90781d0 00007f1ebbdfd728
0x00007f1ebbdfd5b0:   00007f1ebbdfd5f0 00007f1ebbdfd6a0
0x00007f1ebbdfd5c0:   00007f1ebbdfd5f0 00007f1eb027b2f0
0x00007f1ebbdfd5d0:   00007f1ebbdfd728 00007f1ede14e3e8
0x00007f1ebbdfd5e0:   00007f1ebbdfd660 00007f1edd3ac660
0x00007f1ebbdfd5f0:   0000000000000000 0000000000000000
0x00007f1ebbdfd600:   00007f1ed8146600 00007f1ed80df800
0x00007f1ebbdfd610:   00007f1ebbdfd680 0000000000000064
0x00007f1ebbdfd620:   0000000000000000 0000000000000000
0x00007f1ebbdfd630:   00007f1eb0015a10 00007f1ed80e01c0
0x00007f1ebbdfd640:   00007f1ed80e0200 00007f1ed80e05e8
0x00007f1ebbdfd650:   00007f1ed80e0240 00007f1ebbdfd6a0
0x00007f1ebbdfd660:   00007f1ebbdfd940 00007f1edd3acf28
0x00007f1ebbdfd670:   00000000000003d8 00007f1ebbdfdab0
0x00007f1ebbdfd680:   00007f1eb027b2f0 ffffffffdd464b33
0x00007f1ebbdfd690:   00007f1ec90781d0 00007f1ed80be970
0x00007f1ebbdfd6a0:   00007f1ed80e01c0 0000000000000000
0x00007f1ebbdfd6b0:   00007f1ed80be970 00007f1ebbdfdab0
0x00007f1ebbdfd6c0:   0000000000000000 00007f1eb027b2f0
0x00007f1ebbdfd6d0:   00000000ffffffff 0000000000000000
0x00007f1ebbdfd6e0:   00007f1effffffff 0000000000000000 

Instructions: (pc=0x00007f1edd47e74f)
0x00007f1edd47e72f:   00 e9 78 ff ff ff 48 8b 15 94 25 cb 00 4c 89 f0
0x00007f1edd47e73f:   48 c1 e8 04 23 02 48 8b 15 74 9d cb 00 48 03 02
0x00007f1edd47e74f:   c7 00 01 00 00 00 e9 3e fd ff ff 66 0f 1f 44 00
0x00007f1edd47e75f:   00 48 8b 05 f9 77 cb 00 80 38 00 0f 85 2c ff ff 

Register to memory mapping:

RAX=0x00007f1edc9d3f80 is an unknown value
RBX=0x00007f1ebbdfd6a0 is pointing into the stack for thread: 0x00007f1ed80df800
RCX=0x00007f1ede5b1080: <offset 0x1b080> in /nix/store/9bh3986bpragfjmr32gay8p95k91q4gy-glibc-2.33-47/lib/libpthread.so.0 at 0x00007f1ede596000
RDX=0x00007f1ede1792d8: <offset 0x11162d8> in /nix/store/x26gyx3nb3kx580i4r9qg9q1iw45xbp9-graalvm8-ce/jre/lib/amd64/server/libjvm.so at 0x00007f1edd063000
RSP=0x00007f1ebbdfd4f0 is pointing into the stack for thread: 0x00007f1ed80df800
RBP=0x00007f1ebbdfd540 is pointing into the stack for thread: 0x00007f1ed80df800
RSI=0x0000000000000001 is an unknown value
RDI=0x0000000000000010 is an unknown value
R8 =0x00007f1eb027c188 is an unknown value
R9 =0x00007f1ec90781d0 is at code_begin+-80 in 
[CodeBlob (0x00007f1ec90781d0)]
Framesize: 0
BufferBlob (0x00007f1ec90781d0) used for C1 temporary CodeBuffer
R10=0x00007fff57399090 is an unknown value
R11=0x0000000000e22326 is an unknown value
R12=0x00007f1ede1792cc: <offset 0x11162cc> in /nix/store/x26gyx3nb3kx580i4r9qg9q1iw45xbp9-graalvm8-ce/jre/lib/amd64/server/libjvm.so at 0x00007f1edd063000
R13=0x00007f1ede14e3e8: <offset 0x10eb3e8> in /nix/store/x26gyx3nb3kx580i4r9qg9q1iw45xbp9-graalvm8-ce/jre/lib/amd64/server/libjvm.so at 0x00007f1edd063000
R14=0x00007f1ed80df800 is a thread
R15=0x00007f1eb027b2f0 is an unknown value


Stack: [0x00007f1ebbbff000,0x00007f1ebbdff000],  sp=0x00007f1ebbdfd4f0,  free space=2041k
Native frames: (J=compiled Java code, j=interpreted, Vv=VM code, C=native code)
V  [libjvm.so+0x41b74f]  ciMethod::break_at_execute()+0x30f
V  [libjvm.so+0x3491e2]  Compilation::compile_method()+0x102
V  [libjvm.so+0x349660]  Compilation::Compilation(AbstractCompiler*, ciEnv*, ciMethod*, int, BufferBlob*)+0x200
V  [libjvm.so+0x349f28]  Compiler::compile_method(ciEnv*, ciMethod*, int)+0xa8
V  [libjvm.so+0x4a6282]  CompileBroker::invoke_compiler_on_method(CompileTask*)+0x732
V  [libjvm.so+0x4a8968]  CompileBroker::compiler_thread_loop()+0x5c8
V  [libjvm.so+0xb8613b]  JavaThread::thread_main_inner()+0xdb
V  [libjvm.so+0xb86409]  JavaThread::run()+0x299
V  [libjvm.so+0xa13d02]  java_start(Thread*)+0x102
C  [libpthread.so.0+0x8d3e]  start_thread+0xce


Current CompileTask:
C1:11400910 2252       1       java.util.logging.LogManager::access$500 (5 bytes)


---------------  P R O C E S S  ---------------

Java Threads: ( => current thread )
  0x00007f1e60003800 JavaThread "JLine Shutdown Hook" [_thread_blocked, id=459, stack(0x00007f1e6bcff000,0x00007f1e6be00000)]
  0x00007f1e60002800 JavaThread "Thread-0" [_thread_blocked, id=458, stack(0x00007f1e7c0b6000,0x00007f1e7c1b7000)]
  0x00007f1eb4001000 JavaThread "SIGTERM handler" daemon [_thread_blocked, id=457, stack(0x00007f1e6b9ff000,0x00007f1e6bb00000)]
  0x00007f1ed83dd000 JavaThread "Netty IO Thread #0" [_thread_in_native, id=107, stack(0x00007f1e7c7ff000,0x00007f1e7c900000)]
  0x00007f1e74023800 JavaThread "WebSocketWorker-20" [_thread_blocked, id=104, stack(0x00007f1e7d8ff000,0x00007f1e7da00000)]
  0x00007f1e74022000 JavaThread "connectionLostChecker-1" [_thread_blocked, id=103, stack(0x00007f1e7dbff000,0x00007f1e7dd00000)]
  0x00007f1ed834d000 JavaThread "WebSocketSelector-21" [_thread_in_native, id=98, stack(0x00007f1e7e0ff000,0x00007f1e7e200000)]
  0x00007f1ed82df000 JavaThread "BungeeCord Logger Thread - net.md_5.bungee.log.BungeeLogger@27808f31" [_thread_blocked, id=88, stack(0x00007f1e983ff000,0x00007f1e98500000)]
  0x00007f1ed82c7800 JavaThread "NonBlockingInputStreamThread" daemon [_thread_blocked, id=86, stack(0x00007f1e98cff000,0x00007f1e98e00000)]
  0x00007f1ed825d000 JavaThread "Auth Timeout" [_thread_blocked, id=78, stack(0x00007f1e9b5fc000,0x00007f1e9b6fd000)]
  0x00007f1ed825b800 JavaThread "Close Inactive WebSockets" [_thread_blocked, id=77, stack(0x00007f1e9b6fd000,0x00007f1e9b7fe000)]
  0x00007f1ed8259800 JavaThread "Ban List Reload" [_thread_blocked, id=76, stack(0x00007f1e9b7fe000,0x00007f1e9b8ff000)]
  0x00007f1ed8259000 JavaThread "Reconnect Saver" [_thread_blocked, id=75, stack(0x00007f1e9b8ff000,0x00007f1e9ba00000)]
  0x00007f1e9c036800 JavaThread "Libgraal MBean Registration" daemon [_thread_blocked, id=72, stack(0x00007f1ea22ff000,0x00007f1ea2400000)]
  0x00007f1ed80f5000 JavaThread "Service Thread" daemon [_thread_blocked, id=68, stack(0x00007f1ec8015000,0x00007f1ec8116000)]
=>0x00007f1ed80df800 JavaThread "C1 CompilerThread1" daemon [_thread_in_native_trans, id=67, stack(0x00007f1ebbbff000,0x00007f1ebbdff000)]
  0x00007f1ed80dd800 JavaThread "JVMCI-native CompilerThread0" daemon [_thread_blocked, id=66, stack(0x00007f1ebbe00000,0x00007f1ebc000000)]
  0x00007f1ed80da800 JavaThread "Signal Dispatcher" daemon [_thread_blocked, id=65, stack(0x00007f1ec8116000,0x00007f1ec8217000)]
  0x00007f1ed80a7800 JavaThread "Finalizer" daemon [_thread_blocked, id=57, stack(0x00007f1ec84fd000,0x00007f1ec85fe000)]
  0x00007f1ed80a3000 JavaThread "Reference Handler" daemon [_thread_blocked, id=55, stack(0x00007f1ec85fe000,0x00007f1ec86ff000)]
  0x00007f1ed800a800 JavaThread "main" [_thread_in_native, id=38, stack(0x00007f1edce22000,0x00007f1edcf22000)]

Other Threads:
  0x00007f1ed809b800 VMThread [stack: 0x00007f1ec8700000,0x00007f1ec8800000] [id=53]
  0x00007f1ed80fa800 WatcherThread [stack: 0x00007f1ebbafe000,0x00007f1ebbbfe000] [id=69]

VM state:synchronizing (normal execution)

VM Mutex/Monitor currently owned by a thread:  ([mutex/lock_event])
[0x00007f1ed8008ec0] Safepoint_lock - owner thread: 0x00007f1ed809b800
[0x00007f1ed8008f40] Threads_lock - owner thread: 0x00007f1ed809b800

heap address: 0x00000000fe000000, size: 32 MB, Compressed Oops mode: 32-bit
Narrow klass base: 0x0000000000000000, Narrow klass shift: 3
Compressed class space size: 1073741824 Address: 0x0000000100000000

Heap:
 def new generation   total 9792K, used 3890K [0x00000000fe000000, 0x00000000feaa0000, 0x00000000feaa0000)
  eden space 8704K,  40% used [0x00000000fe000000, 0x00000000fe3673d0, 0x00000000fe880000)
  from space 1088K,  37% used [0x00000000fe990000, 0x00000000fe9f5670, 0x00000000feaa0000)
  to   space 1088K,   0% used [0x00000000fe880000, 0x00000000fe880000, 0x00000000fe990000)
 tenured generation   total 21888K, used 7611K [0x00000000feaa0000, 0x0000000100000000, 0x0000000100000000)
   the space 21888K,  34% used [0x00000000feaa0000, 0x00000000ff20ec58, 0x00000000ff20ee00, 0x0000000100000000)
 Metaspace       used 19373K, capacity 19712K, committed 19968K, reserved 1067008K
  class space    used 2157K, capacity 2290K, committed 2304K, reserved 1048576K

Card table byte_map: [0x00007f1edc3dc000,0x00007f1edc3ed000] byte_map_base: 0x00007f1edbbec000

Polling page: 0x00007f1edc9d4000

CodeCache: size=245760Kb used=5990Kb max_used=5993Kb free=239769Kb
 bounds [0x00007f1ec9000000, 0x00007f1ec95f0000, 0x00007f1ed8000000]
 total_blobs=2268 nmethods=1840 adapters=344
 compilation: enabled
              stopped_count=0, restarted_count=0

JVMCI Events (8 events):
Event: 0.588 Thread 0x00007f1ed800a800 created new JVMCI runtime 0 (0x00007f1ed807b900)
Event: 0.588 Thread 0x00007f1ed800a800 created new JVMCI runtime -1 (0x00007f1ed8096570)
Event: 3.516 Thread 0x00007f1ed80dd800 loaded JVMCI shared library from /nix/store/x26gyx3nb3kx580i4r9qg9q1iw45xbp9-graalvm8-ce/jre/lib/amd64/libjvmcicompiler.so
Event: 3.576 Thread 0x00007f1ed80dd800 created JavaVM[1]@0x00007f1eb9792798 for JVMCI runtime 0
Event: 4.029 Thread 0x00007f1ed80dd800 initializing JVMCI runtime 0
Event: 4.066 Thread 0x00007f1ed80dd800 initialized JVMCI runtime 0
Event: 5.220 Thread 0x00007f1e9c001000 initializing JVMCI runtime -1
Event: 9.979 Thread 0x00007f1e9c001000 initialized JVMCI runtime -1

Compilation events (10 events):
Event: 10919.147 Thread 0x00007f1ed80dd800 2247       4       java.lang.StringBuilder::<init> (7 bytes)
Event: 10919.298 Thread 0x00007f1ed80df800 nmethod 2243 0x00007f1ec95dc110 code [0x00007f1ec95dc6a0, 0x00007f1ec95e0fd8]
Event: 10919.380 Thread 0x00007f1ed80df800 2251       3       java.util.regex.Pattern::addFlag (217 bytes)
Event: 10919.459 Thread 0x00007f1ed80df800 nmethod 2251 0x00007f1ec95d9d50 code [0x00007f1ec95d9f60, 0x00007f1ec95da7d8]
Event: 10920.503 Thread 0x00007f1ed80dd800 nmethod 2247 0x00007f1ec934cc90 code [0x00007f1ec934cde0, 0x00007f1ec934cee8]
Event: 10922.938 Thread 0x00007f1ed80df800 2244       3       java.text.FieldPosition$Delegate::formatted (54 bytes)
Event: 10922.940 Thread 0x00007f1ed80dd800 2248       4       java.util.regex.Pattern$Node::study (21 bytes)
Event: 10923.030 Thread 0x00007f1ed80df800 nmethod 2244 0x00007f1ec93de250 code [0x00007f1ec93de400, 0x00007f1ec93de9b0]
Event: 10924.229 Thread 0x00007f1ed80dd800 nmethod 2248 0x00007f1ec914e6d0 code [0x00007f1ec914e880, 0x00007f1ec914eb90]
Event: 11400.496 Thread 0x00007f1ed80df800 2252       1       java.util.logging.LogManager::access$500 (5 bytes)

GC Heap History (10 events):
Event: 6369.315 GC heap before
{Heap before GC invocations=8 (full 0):
 def new generation   total 9792K, used 9181K [0x00000000fe000000, 0x00000000feaa0000, 0x00000000feaa0000)
  eden space 8704K, 100% used [0x00000000fe000000, 0x00000000fe880000, 0x00000000fe880000)
  from space 1088K,  43% used [0x00000000fe880000, 0x00000000fe8f77a8, 0x00000000fe990000)
  to   space 1088K,   0% used [0x00000000fe990000, 0x00000000fe990000, 0x00000000feaa0000)
 tenured generation   total 21888K, used 7611K [0x00000000feaa0000, 0x0000000100000000, 0x0000000100000000)
   the space 21888K,  34% used [0x00000000feaa0000, 0x00000000ff20ec58, 0x00000000ff20ee00, 0x0000000100000000)
 Metaspace       used 19130K, capacity 19444K, committed 19712K, reserved 1067008K
  class space    used 2154K, capacity 2288K, committed 2304K, reserved 1048576K
Event: 6369.347 GC heap after
Heap after GC invocations=9 (full 0):
 def new generation   total 9792K, used 363K [0x00000000fe000000, 0x00000000feaa0000, 0x00000000feaa0000)
  eden space 8704K,   0% used [0x00000000fe000000, 0x00000000fe000000, 0x00000000fe880000)
  from space 1088K,  33% used [0x00000000fe990000, 0x00000000fe9eac58, 0x00000000feaa0000)
  to   space 1088K,   0% used [0x00000000fe880000, 0x00000000fe880000, 0x00000000fe990000)
 tenured generation   total 21888K, used 7611K [0x00000000feaa0000, 0x0000000100000000, 0x0000000100000000)
   the space 21888K,  34% used [0x00000000feaa0000, 0x00000000ff20ec58, 0x00000000ff20ee00, 0x0000000100000000)
 Metaspace       used 19130K, capacity 19444K, committed 19712K, reserved 1067008K
  class space    used 2154K, capacity 2288K, committed 2304K, reserved 1048576K
}
Event: 7280.591 GC heap before
{Heap before GC invocations=9 (full 0):
 def new generation   total 9792K, used 9067K [0x00000000fe000000, 0x00000000feaa0000, 0x00000000feaa0000)
  eden space 8704K, 100% used [0x00000000fe000000, 0x00000000fe880000, 0x00000000fe880000)
  from space 1088K,  33% used [0x00000000fe990000, 0x00000000fe9eac58, 0x00000000feaa0000)
  to   space 1088K,   0% used [0x00000000fe880000, 0x00000000fe880000, 0x00000000fe990000)
 tenured generation   total 21888K, used 7611K [0x00000000feaa0000, 0x0000000100000000, 0x0000000100000000)
   the space 21888K,  34% used [0x00000000feaa0000, 0x00000000ff20ec58, 0x00000000ff20ee00, 0x0000000100000000)
 Metaspace       used 19173K, capacity 19444K, committed 19712K, reserved 1067008K
  class space    used 2154K, capacity 2288K, committed 2304K, reserved 1048576K
Event: 7280.655 GC heap after
Heap after GC invocations=10 (full 0):
 def new generation   total 9792K, used 426K [0x00000000fe000000, 0x00000000feaa0000, 0x00000000feaa0000)
  eden space 8704K,   0% used [0x00000000fe000000, 0x00000000fe000000, 0x00000000fe880000)
  from space 1088K,  39% used [0x00000000fe880000, 0x00000000fe8ea9b0, 0x00000000fe990000)
  to   space 1088K,   0% used [0x00000000fe990000, 0x00000000fe990000, 0x00000000feaa0000)
 tenured generation   total 21888K, used 7611K [0x00000000feaa0000, 0x0000000100000000, 0x0000000100000000)
   the space 21888K,  34% used [0x00000000feaa0000, 0x00000000ff20ec58, 0x00000000ff20ee00, 0x0000000100000000)
 Metaspace       used 19173K, capacity 19444K, committed 19712K, reserved 1067008K
  class space    used 2154K, capacity 2288K, committed 2304K, reserved 1048576K
}
Event: 8190.946 GC heap before
{Heap before GC invocations=10 (full 0):
 def new generation   total 9792K, used 9130K [0x00000000fe000000, 0x00000000feaa0000, 0x00000000feaa0000)
  eden space 8704K, 100% used [0x00000000fe000000, 0x00000000fe880000, 0x00000000fe880000)
  from space 1088K,  39% used [0x00000000fe880000, 0x00000000fe8ea9b0, 0x00000000fe990000)
  to   space 1088K,   0% used [0x00000000fe990000, 0x00000000fe990000, 0x00000000feaa0000)
 tenured generation   total 21888K, used 7611K [0x00000000feaa0000, 0x0000000100000000, 0x0000000100000000)
   the space 21888K,  34% used [0x00000000feaa0000, 0x00000000ff20ec58, 0x00000000ff20ee00, 0x0000000100000000)
 Metaspace       used 19232K, capacity 19514K, committed 19712K, reserved 1067008K
  class space    used 2155K, capacity 2289K, committed 2304K, reserved 1048576K
Event: 8191.025 GC heap after
Heap after GC invocations=11 (full 0):
 def new generation   total 9792K, used 402K [0x00000000fe000000, 0x00000000feaa0000, 0x00000000feaa0000)
  eden space 8704K,   0% used [0x00000000fe000000, 0x00000000fe000000, 0x00000000fe880000)
  from space 1088K,  36% used [0x00000000fe990000, 0x00000000fe9f48e8, 0x00000000feaa0000)
  to   space 1088K,   0% used [0x00000000fe880000, 0x00000000fe880000, 0x00000000fe990000)
 tenured generation   total 21888K, used 7611K [0x00000000feaa0000, 0x0000000100000000, 0x0000000100000000)
   the space 21888K,  34% used [0x00000000feaa0000, 0x00000000ff20ec58, 0x00000000ff20ee00, 0x0000000100000000)
 Metaspace       used 19232K, capacity 19514K, committed 19712K, reserved 1067008K
  class space    used 2155K, capacity 2289K, committed 2304K, reserved 1048576K
}
Event: 9989.676 GC heap before
{Heap before GC invocations=11 (full 0):
 def new generation   total 9792K, used 9106K [0x00000000fe000000, 0x00000000feaa0000, 0x00000000feaa0000)
  eden space 8704K, 100% used [0x00000000fe000000, 0x00000000fe880000, 0x00000000fe880000)
  from space 1088K,  36% used [0x00000000fe990000, 0x00000000fe9f48e8, 0x00000000feaa0000)
  to   space 1088K,   0% used [0x00000000fe880000, 0x00000000fe880000, 0x00000000fe990000)
 tenured generation   total 21888K, used 7611K [0x00000000feaa0000, 0x0000000100000000, 0x0000000100000000)
   the space 21888K,  34% used [0x00000000feaa0000, 0x00000000ff20ec58, 0x00000000ff20ee00, 0x0000000100000000)
 Metaspace       used 19282K, capacity 19578K, committed 19968K, reserved 1067008K
  class space    used 2155K, capacity 2289K, committed 2304K, reserved 1048576K
Event: 9989.781 GC heap after
Heap after GC invocations=12 (full 0):
 def new generation   total 9792K, used 390K [0x00000000fe000000, 0x00000000feaa0000, 0x00000000feaa0000)
  eden space 8704K,   0% used [0x00000000fe000000, 0x00000000fe000000, 0x00000000fe880000)
  from space 1088K,  35% used [0x00000000fe880000, 0x00000000fe8e1a30, 0x00000000fe990000)
  to   space 1088K,   0% used [0x00000000fe990000, 0x00000000fe990000, 0x00000000feaa0000)
 tenured generation   total 21888K, used 7611K [0x00000000feaa0000, 0x0000000100000000, 0x0000000100000000)
   the space 21888K,  34% used [0x00000000feaa0000, 0x00000000ff20ec58, 0x00000000ff20ee00, 0x0000000100000000)
 Metaspace       used 19282K, capacity 19578K, committed 19968K, reserved 1067008K
  class space    used 2155K, capacity 2289K, committed 2304K, reserved 1048576K
}
Event: 10900.071 GC heap before
{Heap before GC invocations=12 (full 0):
 def new generation   total 9792K, used 9094K [0x00000000fe000000, 0x00000000feaa0000, 0x00000000feaa0000)
  eden space 8704K, 100% used [0x00000000fe000000, 0x00000000fe880000, 0x00000000fe880000)
  from space 1088K,  35% used [0x00000000fe880000, 0x00000000fe8e1a30, 0x00000000fe990000)
  to   space 1088K,   0% used [0x00000000fe990000, 0x00000000fe990000, 0x00000000feaa0000)
 tenured generation   total 21888K, used 7611K [0x00000000feaa0000, 0x0000000100000000, 0x0000000100000000)
   the space 21888K,  34% used [0x00000000feaa0000, 0x00000000ff20ec58, 0x00000000ff20ee00, 0x0000000100000000)
 Metaspace       used 19352K, capacity 19712K, committed 19968K, reserved 1067008K
  class space    used 2155K, capacity 2290K, committed 2304K, reserved 1048576K
Event: 10900.176 GC heap after
Heap after GC invocations=13 (full 0):
 def new generation   total 9792K, used 405K [0x00000000fe000000, 0x00000000feaa0000, 0x00000000feaa0000)
  eden space 8704K,   0% used [0x00000000fe000000, 0x00000000fe000000, 0x00000000fe880000)
  from space 1088K,  37% used [0x00000000fe990000, 0x00000000fe9f5670, 0x00000000feaa0000)
  to   space 1088K,   0% used [0x00000000fe880000, 0x00000000fe880000, 0x00000000fe990000)
 tenured generation   total 21888K, used 7611K [0x00000000feaa0000, 0x0000000100000000, 0x0000000100000000)
   the space 21888K,  34% used [0x00000000feaa0000, 0x00000000ff20ec58, 0x00000000ff20ee00, 0x0000000100000000)
 Metaspace       used 19352K, capacity 19712K, committed 19968K, reserved 1067008K
  class space    used 2155K, capacity 2290K, committed 2304K, reserved 1048576K
}

Class unloading (0 events):
No events

Deoptimization events (8 events):
Event: 39.655 Thread 0x00007f1ed800a800 Uncommon trap: reason=null_assert_or_unreached0 action=reinterpret pc=0x00007f1ec926273a method=java.lang.StringBuilder.append(Ljava/lang/String;)Ljava/lang/StringBuilder; @ 0
Event: 39.655 Thread 0x00007f1ed800a800 Uncommon trap: reason=null_assert_or_unreached0 action=reinterpret pc=0x00007f1ec9230cba method=java.lang.AbstractStringBuilder.append(Ljava/lang/String;)Ljava/lang/AbstractStringBuilder; @ 0
Event: 52.212 Thread 0x00007f1ed800a800 Uncommon trap: reason=null_assert_or_unreached0 action=reinterpret pc=0x00007f1ec91e4995 method=java.lang.String.startsWith(Ljava/lang/String;I)Z @ 0
Event: 52.840 Thread 0x00007f1ed800a800 Uncommon trap: reason=null_assert_or_unreached0 action=reinterpret pc=0x00007f1ec911b53a method=java.util.regex.ASCII.toLower(I)I @ 15
Event: 62.108 Thread 0x00007f1ed800a800 Uncommon trap: reason=null_assert_or_unreached0 action=reinterpret pc=0x00007f1ec91116f4 method=java.lang.CharacterDataLatin1.digit(II)I @ 80
Event: 62.179 Thread 0x00007f1ed800a800 Uncommon trap: reason=null_assert_or_unreached0 action=reinterpret pc=0x00007f1ec9119096 method=java.lang.CharacterDataLatin1.digit(II)I @ 80
Event: 62.398 Thread 0x00007f1ed800a800 Uncommon trap: reason=null_assert_or_unreached0 action=reinterpret pc=0x00007f1ec9121b8d method=java.util.HashMap.putVal(ILjava/lang/Object;Ljava/lang/Object;ZZ)Ljava/lang/Object; @ 155
Event: 9089.842 Thread 0x00007f1ed82df000 Uncommon trap: reason=null_assert_or_unreached0 action=reinterpret pc=0x00007f1ec9418c97 method=java.util.regex.Pattern.closure(Ljava/util/regex/Pattern$Node;)Ljava/util/regex/Pattern$Node; @ 0

Classes redefined (0 events):
No events

Internal exceptions (10 events):
Event: 43.831 Thread 0x00007f1ed800a800 Exception <a 'java/lang/reflect/InvocationTargetException'> (0x00000000fe2be090) thrown at [/b/b/e/main/graal-jvmci-8/src/share/vm/runtime/reflection.cpp, line 1095]
Event: 45.794 Thread 0x00007f1ed800a800 Exception <a 'java/io/FileNotFoundException'> (0x00000000fe3b0f38) thrown at [/b/b/e/main/graal-jvmci-8/src/share/vm/prims/jni.cpp, line 715]
Event: 47.956 Thread 0x00007f1ed83dd000 Exception <a 'java/lang/ArrayIndexOutOfBoundsException'> (0x00000000fe471eb0) thrown at [/b/b/e/main/graal-jvmci-8/src/share/vm/runtime/sharedRuntime.cpp, line 638]
Event: 48.143 Thread 0x00007f1ed83dd000 Exception <a 'java/lang/ArrayIndexOutOfBoundsException'> (0x00000000fe472bb8) thrown at [/b/b/e/main/graal-jvmci-8/src/share/vm/runtime/sharedRuntime.cpp, line 638]
Event: 950.786 Thread 0x00007f1ed80a7800 Exception <a 'java/net/SocketException': Socket closed> (0x00000000fe037ac8) thrown at [/b/b/e/main/graal-jvmci-8/src/share/vm/prims/jni.cpp, line 742]
Event: 1850.237 Thread 0x00007f1ed80a7800 Exception <a 'java/net/SocketException': Socket closed> (0x00000000fe017580) thrown at [/b/b/e/main/graal-jvmci-8/src/share/vm/prims/jni.cpp, line 742]
Event: 4560.290 Thread 0x00007f1ed80a7800 Exception <a 'java/net/SocketException': Socket closed> (0x00000000fe126930) thrown at [/b/b/e/main/graal-jvmci-8/src/share/vm/prims/jni.cpp, line 742]
Event: 7280.790 Thread 0x00007f1ed80a7800 Exception <a 'java/net/SocketException': Socket closed> (0x00000000fe026410) thrown at [/b/b/e/main/graal-jvmci-8/src/share/vm/prims/jni.cpp, line 742]
Event: 8191.117 Thread 0x00007f1ed80a7800 Exception <a 'java/net/SocketException': Socket closed> (0x00000000fe026aa8) thrown at [/b/b/e/main/graal-jvmci-8/src/share/vm/prims/jni.cpp, line 742]
Event: 10900.374 Thread 0x00007f1ed80a7800 Exception <a 'java/net/SocketException': Socket closed> (0x00000000fe028e18) thrown at [/b/b/e/main/graal-jvmci-8/src/share/vm/prims/jni.cpp, line 742]

Events (10 events):
Event: 11400.081 Executing VM operation: RevokeBias
Event: 11400.189 Thread 0x00007f1e60003800 Thread added: 0x00007f1e60003800
Event: 11400.488 Executing VM operation: RevokeBias done
Event: 11400.488 Executing VM operation: RevokeBias
Event: 11400.488 Executing VM operation: RevokeBias done
Event: 11400.494 Executing VM operation: RevokeBias
Event: 11400.495 Executing VM operation: RevokeBias done
Event: 11400.496 Executing VM operation: RevokeBias
Event: 11400.560 Executing VM operation: RevokeBias done
Event: 11400.561 Executing VM operation: RevokeBias


Dynamic libraries:
fe000000-100240000 rw-p 00000000 00:00 0 
100240000-140000000 ---p 00000000 00:00 0 
55eef6200000-55eef6201000 r-xp 00000000 00:2c98 9223372037035935030      /nix/store/x26gyx3nb3kx580i4r9qg9q1iw45xbp9-graalvm8-ce/bin/.java-wrapped
55eef6400000-55eef6401000 r--p 00000000 00:2c98 9223372037035935030      /nix/store/x26gyx3nb3kx580i4r9qg9q1iw45xbp9-graalvm8-ce/bin/.java-wrapped
55eef6401000-55eef6402000 rw-p 00001000 00:2c98 9223372037035935030      /nix/store/x26gyx3nb3kx580i4r9qg9q1iw45xbp9-graalvm8-ce/bin/.java-wrapped
55eef6402000-55eef6403000 rw-p 00003000 00:2c98 9223372037035935030      /nix/store/x26gyx3nb3kx580i4r9qg9q1iw45xbp9-graalvm8-ce/bin/.java-wrapped
55eef6403000-55eef6404000 rw-p 00004000 00:2c98 9223372037035935030      /nix/store/x26gyx3nb3kx580i4r9qg9q1iw45xbp9-graalvm8-ce/bin/.java-wrapped
55eef743e000-55eef745f000 rw-p 00000000 00:00 0                          [heap]
7f1e58000000-7f1e58021000 rw-p 00000000 00:00 0 
7f1e58021000-7f1e5c000000 ---p 00000000 00:00 0 
7f1e5c000000-7f1e5c021000 rw-p 00000000 00:00 0 
7f1e5c021000-7f1e60000000 ---p 00000000 00:00 0 
7f1e60000000-7f1e60021000 rw-p 00000000 00:00 0 
7f1e60021000-7f1e64000000 ---p 00000000 00:00 0 
7f1e64000000-7f1e64021000 rw-p 00000000 00:00 0 
7f1e64021000-7f1e68000000 ---p 00000000 00:00 0 
7f1e6b400000-7f1e6b500000 rw-p 00000000 00:00 0 
7f1e6b600000-7f1e6b700000 rw-p 00000000 00:00 0 
7f1e6b800000-7f1e6b900000 rw-p 00000000 00:00 0 
7f1e6b9ff000-7f1e6ba02000 ---p 00000000 00:00 0 
7f1e6ba02000-7f1e6bc00000 rw-p 00000000 00:00 0 
7f1e6bcff000-7f1e6bd02000 ---p 00000000 00:00 0 
7f1e6bd02000-7f1e6bf40000 rw-p 00000000 00:00 0 
7f1e6bf40000-7f1e6c000000 ---p 00000000 00:00 0 
7f1e6c000000-7f1e6c021000 rw-p 00000000 00:00 0 
7f1e6c021000-7f1e70000000 ---p 00000000 00:00 0 
7f1e70000000-7f1e70021000 rw-p 00000000 00:00 0 
7f1e70021000-7f1e74000000 ---p 00000000 00:00 0 
7f1e74000000-7f1e74026000 rw-p 00000000 00:00 0 
7f1e74026000-7f1e78000000 ---p 00000000 00:00 0 
7f1e78000000-7f1e78021000 rw-p 00000000 00:00 0 
7f1e78021000-7f1e7c000000 ---p 00000000 00:00 0 
7f1e7c0b6000-7f1e7c0b9000 ---p 00000000 00:00 0 
7f1e7c0b9000-7f1e7c3b7000 rw-p 00000000 00:00 0 
7f1e7c3b7000-7f1e7c5b7000 rw-p 00000000 00:00 0 
7f1e7c5b7000-7f1e7c5e9000 r-xp 00000000 00:2c98 9223372037036855107      /nix/store/x26gyx3nb3kx580i4r9qg9q1iw45xbp9-graalvm8-ce/jre/lib/amd64/libsunec.so
7f1e7c5e9000-7f1e7c7e8000 ---p 00032000 00:2c98 9223372037036855107      /nix/store/x26gyx3nb3kx580i4r9qg9q1iw45xbp9-graalvm8-ce/jre/lib/amd64/libsunec.so
7f1e7c7e8000-7f1e7c7ed000 r--p 00031000 00:2c98 9223372037036855107      /nix/store/x26gyx3nb3kx580i4r9qg9q1iw45xbp9-graalvm8-ce/jre/lib/amd64/libsunec.so
7f1e7c7ed000-7f1e7c7ef000 rw-p 00036000 00:2c98 9223372037036855107      /nix/store/x26gyx3nb3kx580i4r9qg9q1iw45xbp9-graalvm8-ce/jre/lib/amd64/libsunec.so
7f1e7c7ef000-7f1e7c7ff000 rw-p 00000000 00:00 0 
7f1e7c7ff000-7f1e7c802000 ---p 00000000 00:00 0 
7f1e7c802000-7f1e7ca00000 rw-p 00000000 00:00 0 
7f1e7cb00000-7f1e7cc00000 rw-p 00000000 00:00 0 
7f1e7cd00000-7f1e7ce00000 rw-p 00000000 00:00 0 
7f1e7cf00000-7f1e7d000000 rw-p 00000000 00:00 0 
7f1e7d100000-7f1e7d200000 rw-p 00000000 00:00 0 
7f1e7d300000-7f1e7d400000 rw-p 00000000 00:00 0 
7f1e7d500000-7f1e7d600000 rw-p 00000000 00:00 0 
7f1e7d700000-7f1e7d800000 rw-p 00000000 00:00 0 
7f1e7d8ff000-7f1e7d902000 ---p 00000000 00:00 0 
7f1e7d902000-7f1e7db00000 rw-p 00000000 00:00 0 
7f1e7dbff000-7f1e7dc02000 ---p 00000000 00:00 0 
7f1e7dc02000-7f1e7de00000 rw-p 00000000 00:00 0 
7f1e7df00000-7f1e7e000000 rw-p 00000000 00:00 0 
7f1e7e0ff000-7f1e7e102000 ---p 00000000 00:00 0 
7f1e7e102000-7f1e7e300000 rw-p 00000000 00:00 0 
7f1e7e400000-7f1e7e500000 rw-p 00000000 00:00 0 
7f1e7e600000-7f1e7e700000 rw-p 00000000 00:00 0 
7f1e7e800000-7f1e7e900000 rw-p 00000000 00:00 0 
7f1e7e978000-7f1e7e9fc000 r-xp 00000000 00:225e 359                      /tmp/sqlite-unknown-libsqlitejdbc.so
7f1e7e9fc000-7f1e7ebfc000 ---p 00084000 00:225e 359                      /tmp/sqlite-unknown-libsqlitejdbc.so
7f1e7ebfc000-7f1e7ebfd000 r--p 00084000 00:225e 359                      /tmp/sqlite-unknown-libsqlitejdbc.so
7f1e7ebfd000-7f1e7ec00000 rw-p 00085000 00:225e 359                      /tmp/sqlite-unknown-libsqlitejdbc.so
7f1e7ec00000-7f1e7ee00000 rw-p 00000000 00:00 0 
7f1e7ee00000-7f1e7ef00000 rw-p 00000000 00:00 0 
7f1e7f000000-7f1e7f100000 rw-p 00000000 00:00 0 
7f1e7f200000-7f1e7f300000 rw-p 00000000 00:00 0 
7f1e7f400000-7f1e7f500000 rw-p 00000000 00:00 0 
7f1e7f600000-7f1e7f700000 rw-p 00000000 00:00 0 
7f1e7f800000-7f1e7f900000 rw-p 00000000 00:00 0 
7f1e7fa00000-7f1e7fb00000 rw-p 00000000 00:00 0 
7f1e7fc00000-7f1e7fd00000 rw-p 00000000 00:00 0 
7f1e7fe00000-7f1e7ff00000 rw-p 00000000 00:00 0 
7f1e80000000-7f1e802fc000 rw-p 00000000 00:00 0 
7f1e802fc000-7f1e84000000 ---p 00000000 00:00 0 
7f1e84000000-7f1e84021000 rw-p 00000000 00:00 0 
7f1e84021000-7f1e88000000 ---p 00000000 00:00 0 
7f1e88000000-7f1e88021000 rw-p 00000000 00:00 0 
7f1e88021000-7f1e8c000000 ---p 00000000 00:00 0 
7f1e8c000000-7f1e8c021000 rw-p 00000000 00:00 0 
7f1e8c021000-7f1e90000000 ---p 00000000 00:00 0 
7f1e90000000-7f1e90021000 rw-p 00000000 00:00 0 
7f1e90021000-7f1e94000000 ---p 00000000 00:00 0 
7f1e94000000-7f1e94021000 rw-p 00000000 00:00 0 
7f1e94021000-7f1e98000000 ---p 00000000 00:00 0 
7f1e98000000-7f1e98100000 rw-p 00000000 00:00 0 
7f1e98200000-7f1e98300000 rw-p 00000000 00:00 0 
7f1e983ff000-7f1e98402000 ---p 00000000 00:00 0 
7f1e98402000-7f1e98600000 rw-p 00000000 00:00 0 
7f1e98700000-7f1e98800000 rw-p 00000000 00:00 0 
7f1e98900000-7f1e98a00000 rw-p 00000000 00:00 0 
7f1e98b00000-7f1e98c00000 rw-p 00000000 00:00 0 
7f1e98cff000-7f1e98d02000 ---p 00000000 00:00 0 
7f1e98d02000-7f1e98f00000 rw-p 00000000 00:00 0 
7f1e99000000-7f1e99100000 rw-p 00000000 00:00 0 
7f1e99200000-7f1e99300000 rw-p 00000000 00:00 0 
7f1e99400000-7f1e99500000 rw-p 00000000 00:00 0 
7f1e99600000-7f1e99700000 rw-p 00000000 00:00 0 
7f1e99800000-7f1e99900000 rw-p 00000000 00:00 0 
7f1e99a00000-7f1e99b00000 rw-p 00000000 00:00 0 
7f1e99c00000-7f1e99d00000 rw-p 00000000 00:00 0 
7f1e99e00000-7f1e99f00000 rw-p 00000000 00:00 0 
7f1e9a000000-7f1e9a100000 rw-p 00000000 00:00 0 
7f1e9a200000-7f1e9a300000 rw-p 00000000 00:00 0 
7f1e9a400000-7f1e9a500000 rw-p 00000000 00:00 0 
7f1e9a600000-7f1e9a700000 rw-p 00000000 00:00 0 
7f1e9a800000-7f1e9a900000 rw-p 00000000 00:00 0 
7f1e9aa00000-7f1e9ac00000 rw-p 00000000 00:00 0 
7f1e9ac00000-7f1e9ad00000 rw-p 00000000 00:00 0 
7f1e9ae00000-7f1e9af00000 rw-p 00000000 00:00 0 
7f1e9b000000-7f1e9b100000 rw-p 00000000 00:00 0 
7f1e9b200000-7f1e9b300000 rw-p 00000000 00:00 0 
7f1e9b400000-7f1e9b500000 rw-p 00000000 00:00 0 
7f1e9b5fc000-7f1e9b5ff000 ---p 00000000 00:00 0 
7f1e9b5ff000-7f1e9b6fd000 rw-p 00000000 00:00 0 
7f1e9b6fd000-7f1e9b700000 ---p 00000000 00:00 0 
7f1e9b700000-7f1e9b7fe000 rw-p 00000000 00:00 0 
7f1e9b7fe000-7f1e9b801000 ---p 00000000 00:00 0 
7f1e9b801000-7f1e9b8ff000 rw-p 00000000 00:00 0 
7f1e9b8ff000-7f1e9b902000 ---p 00000000 00:00 0 
7f1e9b902000-7f1e9bb00000 rw-p 00000000 00:00 0 
7f1e9bc00000-7f1e9bd00000 rw-p 00000000 00:00 0 
7f1e9be00000-7f1e9bf00000 rw-p 00000000 00:00 0 
7f1e9c000000-7f1e9c34d000 rw-p 00000000 00:00 0 
7f1e9c34d000-7f1ea0000000 ---p 00000000 00:00 0 
7f1ea0100000-7f1ea0200000 rw-p 00000000 00:00 0 
7f1ea0300000-7f1ea0400000 rw-p 00000000 00:00 0 
7f1ea0500000-7f1ea0600000 rw-p 00000000 00:00 0 
7f1ea0700000-7f1ea0800000 rw-p 00000000 00:00 0 
7f1ea0900000-7f1ea0a00000 rw-p 00000000 00:00 0 
7f1ea0b00000-7f1ea0c00000 rw-p 00000000 00:00 0 
7f1ea0d00000-7f1ea0e00000 rw-p 00000000 00:00 0 
7f1ea0f00000-7f1ea1000000 rw-p 00000000 00:00 0 
7f1ea1100000-7f1ea1200000 rw-p 00000000 00:00 0 
7f1ea1300000-7f1ea1400000 rw-p 00000000 00:00 0 
7f1ea1500000-7f1ea1600000 rw-p 00000000 00:00 0 
7f1ea1700000-7f1ea1800000 rw-p 00000000 00:00 0 
7f1ea1900000-7f1ea1a00000 rw-p 00000000 00:00 0 
7f1ea1b00000-7f1ea1c00000 rw-p 00000000 00:00 0 
7f1ea1d00000-7f1ea1e00000 rw-p 00000000 00:00 0 
7f1ea1f00000-7f1ea2000000 rw-p 00000000 00:00 0 
7f1ea2100000-7f1ea2200000 rw-p 00000000 00:00 0 
7f1ea22ff000-7f1ea2302000 ---p 00000000 00:00 0 
7f1ea2302000-7f1ea2500000 rw-p 00000000 00:00 0 
7f1ea2600000-7f1ea2700000 rw-p 00000000 00:00 0 
7f1ea2800000-7f1ea2900000 rw-p 00000000 00:00 0 
7f1ea2a00000-7f1ea2b00000 rw-p 00000000 00:00 0 
7f1ea2c00000-7f1ea2d00000 rw-p 00000000 00:00 0 
7f1ea2e00000-7f1ea2f00000 rw-p 00000000 00:00 0 
7f1ea3000000-7f1ea3100000 rw-p 00000000 00:00 0 
7f1ea3200000-7f1ea3300000 rw-p 00000000 00:00 0 
7f1ea3400000-7f1ea3500000 rw-p 00000000 00:00 0 
7f1ea3600000-7f1ea3700000 rw-p 00000000 00:00 0 
7f1ea37ff000-7f1ea3800000 ---p 00000000 00:00 0 
7f1ea3800000-7f1ea3803000 ---p 00000000 00:00 0 
7f1ea3803000-7f1ea4000000 rw-p 00000000 00:00 0 
7f1ea4000000-7f1ea4021000 rw-p 00000000 00:00 0 
7f1ea4021000-7f1ea8000000 ---p 00000000 00:00 0 
7f1ea8000000-7f1ea8021000 rw-p 00000000 00:00 0 
7f1ea8021000-7f1eac000000 ---p 00000000 00:00 0 
7f1eac000000-7f1eac0a3000 rw-p 00000000 00:00 0 
7f1eac0a3000-7f1eb0000000 ---p 00000000 00:00 0 
7f1eb0000000-7f1eb081f000 rw-p 00000000 00:00 0 
7f1eb081f000-7f1eb4000000 ---p 00000000 00:00 0 
7f1eb4000000-7f1eb4021000 rw-p 00000000 00:00 0 
7f1eb4021000-7f1eb8000000 ---p 00000000 00:00 0 
7f1eb8100000-7f1eb8200000 rw-p 00000000 00:00 0 
7f1eb8300000-7f1eb8400000 rw-p 00000000 00:00 0 
7f1eb8500000-7f1eb8600000 rw-p 00000000 00:00 0 
7f1eb8700000-7f1eb8800000 rw-p 00000000 00:00 0 
7f1eb88ce000-7f1eb88e6000 r-xp 00000000 00:2c98 9223372037036855101      /nix/store/x26gyx3nb3kx580i4r9qg9q1iw45xbp9-graalvm8-ce/jre/lib/amd64/libnet.so
7f1eb88e6000-7f1eb8ae6000 ---p 00018000 00:2c98 9223372037036855101      /nix/store/x26gyx3nb3kx580i4r9qg9q1iw45xbp9-graalvm8-ce/jre/lib/amd64/libnet.so
7f1eb8ae6000-7f1eb8ae7000 r--p 00018000 00:2c98 9223372037036855101      /nix/store/x26gyx3nb3kx580i4r9qg9q1iw45xbp9-graalvm8-ce/jre/lib/amd64/libnet.so
7f1eb8ae7000-7f1eb8ae8000 rw-p 00019000 00:2c98 9223372037036855101      /nix/store/x26gyx3nb3kx580i4r9qg9q1iw45xbp9-graalvm8-ce/jre/lib/amd64/libnet.so
7f1eb8ae8000-7f1eb8aea000 rw-p 00020000 00:2c98 9223372037036855101      /nix/store/x26gyx3nb3kx580i4r9qg9q1iw45xbp9-graalvm8-ce/jre/lib/amd64/libnet.so
7f1eb8aea000-7f1eb8afb000 r-xp 00000000 00:2c98 9223372037036855102      /nix/store/x26gyx3nb3kx580i4r9qg9q1iw45xbp9-graalvm8-ce/jre/lib/amd64/libnio.so
7f1eb8afb000-7f1eb8cfa000 ---p 00011000 00:2c98 9223372037036855102      /nix/store/x26gyx3nb3kx580i4r9qg9q1iw45xbp9-graalvm8-ce/jre/lib/amd64/libnio.so
7f1eb8cfa000-7f1eb8cfb000 r--p 00010000 00:2c98 9223372037036855102      /nix/store/x26gyx3nb3kx580i4r9qg9q1iw45xbp9-graalvm8-ce/jre/lib/amd64/libnio.so
7f1eb8cfb000-7f1eb8cfc000 rw-p 00011000 00:2c98 9223372037036855102      /nix/store/x26gyx3nb3kx580i4r9qg9q1iw45xbp9-graalvm8-ce/jre/lib/amd64/libnio.so
7f1eb8cfc000-7f1eb8d00000 rw-p 00018000 00:2c98 9223372037036855102      /nix/store/x26gyx3nb3kx580i4r9qg9q1iw45xbp9-graalvm8-ce/jre/lib/amd64/libnio.so
7f1eb8d00000-7f1eb8e00000 rw-p 00000000 00:00 0 
7f1eb8e8a000-7f1eb8ece000 rw-p 00000000 00:00 0 
7f1eb8ece000-7f1eb8ed2000 r--p 00000000 00:2c98 9223372037120725745      /nix/store/9bh3986bpragfjmr32gay8p95k91q4gy-glibc-2.33-47/lib/libresolv-2.33.so
7f1eb8ed2000-7f1eb8ede000 r-xp 00004000 00:2c98 9223372037120725745      /nix/store/9bh3986bpragfjmr32gay8p95k91q4gy-glibc-2.33-47/lib/libresolv-2.33.so
7f1eb8ede000-7f1eb8ee1000 r--p 00010000 00:2c98 9223372037120725745      /nix/store/9bh3986bpragfjmr32gay8p95k91q4gy-glibc-2.33-47/lib/libresolv-2.33.so
7f1eb8ee1000-7f1eb8ee2000 ---p 00013000 00:2c98 9223372037120725745      /nix/store/9bh3986bpragfjmr32gay8p95k91q4gy-glibc-2.33-47/lib/libresolv-2.33.so
7f1eb8ee2000-7f1eb8ee3000 r--p 00013000 00:2c98 9223372037120725745      /nix/store/9bh3986bpragfjmr32gay8p95k91q4gy-glibc-2.33-47/lib/libresolv-2.33.so
7f1eb8ee3000-7f1eb8ee4000 rw-p 00014000 00:2c98 9223372037120725745      /nix/store/9bh3986bpragfjmr32gay8p95k91q4gy-glibc-2.33-47/lib/libresolv-2.33.so
7f1eb8ee4000-7f1eb8ee6000 rw-p 00000000 00:00 0 
7f1eb8ee6000-7f1eb8ee9000 r--p 00000000 00:2c98 9223372037120725716      /nix/store/9bh3986bpragfjmr32gay8p95k91q4gy-glibc-2.33-47/lib/libgcc_s.so.1
7f1eb8ee9000-7f1eb8efa000 r-xp 00003000 00:2c98 9223372037120725716      /nix/store/9bh3986bpragfjmr32gay8p95k91q4gy-glibc-2.33-47/lib/libgcc_s.so.1
7f1eb8efa000-7f1eb8efd000 r--p 00014000 00:2c98 9223372037120725716      /nix/store/9bh3986bpragfjmr32gay8p95k91q4gy-glibc-2.33-47/lib/libgcc_s.so.1
7f1eb8efd000-7f1eb8efe000 ---p 00017000 00:2c98 9223372037120725716      /nix/store/9bh3986bpragfjmr32gay8p95k91q4gy-glibc-2.33-47/lib/libgcc_s.so.1
7f1eb8efe000-7f1eb8eff000 r--p 00017000 00:2c98 9223372037120725716      /nix/store/9bh3986bpragfjmr32gay8p95k91q4gy-glibc-2.33-47/lib/libgcc_s.so.1
7f1eb8eff000-7f1eb8f00000 rw-p 00018000 00:2c98 9223372037120725716      /nix/store/9bh3986bpragfjmr32gay8p95k91q4gy-glibc-2.33-47/lib/libgcc_s.so.1
7f1eb8f00000-7f1eb93aa000 r--p 00e97000 00:2c98 9223372037036852803      /nix/store/x26gyx3nb3kx580i4r9qg9q1iw45xbp9-graalvm8-ce/jre/lib/amd64/libjvmcicompiler.so
7f1eb93aa000-7f1eb9400000 r--p 00000000 00:00 0 
7f1eb9400000-7f1eb94d7000 rw-p 00000000 00:00 0 
7f1eb94d7000-7f1eb9800000 rw-p 0146e000 00:2c98 9223372037036852803      /nix/store/x26gyx3nb3kx580i4r9qg9q1iw45xbp9-graalvm8-ce/jre/lib/amd64/libjvmcicompiler.so
7f1eb9800000-7f1eb9c42000 r--p 01797000 00:2c98 9223372037036852803      /nix/store/x26gyx3nb3kx580i4r9qg9q1iw45xbp9-graalvm8-ce/jre/lib/amd64/libjvmcicompiler.so
7f1eb9c44000-7f1eb9c46000 r--p 00000000 00:2c98 9223372037120725732      /nix/store/9bh3986bpragfjmr32gay8p95k91q4gy-glibc-2.33-47/lib/libnss_dns-2.33.so
7f1eb9c46000-7f1eb9c49000 r-xp 00002000 00:2c98 9223372037120725732      /nix/store/9bh3986bpragfjmr32gay8p95k91q4gy-glibc-2.33-47/lib/libnss_dns-2.33.so
7f1eb9c49000-7f1eb9c4a000 r--p 00005000 00:2c98 9223372037120725732      /nix/store/9bh3986bpragfjmr32gay8p95k91q4gy-glibc-2.33-47/lib/libnss_dns-2.33.so
7f1eb9c4a000-7f1eb9c4b000 r--p 00005000 00:2c98 9223372037120725732      /nix/store/9bh3986bpragfjmr32gay8p95k91q4gy-glibc-2.33-47/lib/libnss_dns-2.33.so
7f1eb9c4b000-7f1eb9c4c000 rw-p 00006000 00:2c98 9223372037120725732      /nix/store/9bh3986bpragfjmr32gay8p95k91q4gy-glibc-2.33-47/lib/libnss_dns-2.33.so
7f1eb9c4c000-7f1eb9c68000 r--s 00393000 00:2c98 9223372037036968479      /nix/store/x26gyx3nb3kx580i4r9qg9q1iw45xbp9-graalvm8-ce/jre/lib/ext/cldrdata.jar
7f1eb9c68000-7f1eb9c6b000 ---p 00000000 00:00 0 
7f1eb9c6b000-7f1eb9ca1000 rw-p 00000000 00:00 0 
7f1eb9ca1000-7f1eb9d1b000 r--s 011a7000 00:2c98 9223372037036969543      /nix/store/x26gyx3nb3kx580i4r9qg9q1iw45xbp9-graalvm8-ce/jre/lib/jvmci/graal.jar
7f1eb9d1b000-7f1ebb8f6000 r-xp 00000000 00:2c98 9223372037036852803      /nix/store/x26gyx3nb3kx580i4r9qg9q1iw45xbp9-graalvm8-ce/jre/lib/amd64/libjvmcicompiler.so
7f1ebb8f6000-7f1ebbaf5000 ---p 01bdb000 00:2c98 9223372037036852803      /nix/store/x26gyx3nb3kx580i4r9qg9q1iw45xbp9-graalvm8-ce/jre/lib/amd64/libjvmcicompiler.so
7f1ebbaf5000-7f1ebbaf6000 r--p 01bda000 00:2c98 9223372037036852803      /nix/store/x26gyx3nb3kx580i4r9qg9q1iw45xbp9-graalvm8-ce/jre/lib/amd64/libjvmcicompiler.so
7f1ebbaf6000-7f1ebbaf8000 rw-p 01bdb000 00:2c98 9223372037036852803      /nix/store/x26gyx3nb3kx580i4r9qg9q1iw45xbp9-graalvm8-ce/jre/lib/amd64/libjvmcicompiler.so
7f1ebbaf8000-7f1ebbafd000 rw-p 01e01000 00:2c98 9223372037036852803      /nix/store/x26gyx3nb3kx580i4r9qg9q1iw45xbp9-graalvm8-ce/jre/lib/amd64/libjvmcicompiler.so
7f1ebbafd000-7f1ebbafe000 ---p 00000000 00:00 0 
7f1ebbafe000-7f1ebbbfe000 rw-p 00000000 00:00 0 
7f1ebbbfe000-7f1ebbbff000 ---p 00000000 00:00 0 
7f1ebbbff000-7f1ebbc02000 ---p 00000000 00:00 0 
7f1ebbc02000-7f1ebbdff000 rw-p 00000000 00:00 0 
7f1ebbdff000-7f1ebbe00000 ---p 00000000 00:00 0 
7f1ebbe00000-7f1ebbe03000 ---p 00000000 00:00 0 
7f1ebbe03000-7f1ebc000000 rw-p 00000000 00:00 0 
7f1ebc000000-7f1ebc021000 rw-p 00000000 00:00 0 
7f1ebc021000-7f1ec0000000 ---p 00000000 00:00 0 
7f1ec0000000-7f1ec0021000 rw-p 00000000 00:00 0 
7f1ec0021000-7f1ec4000000 ---p 00000000 00:00 0 
7f1ec4000000-7f1ec4061000 rw-p 00000000 00:00 0 
7f1ec4061000-7f1ec8000000 ---p 00000000 00:00 0 
7f1ec8002000-7f1ec8008000 r--s 0003d000 00:2c98 9223372037036969374      /nix/store/x26gyx3nb3kx580i4r9qg9q1iw45xbp9-graalvm8-ce/jre/lib/ext/sunjce_provider.jar
7f1ec8008000-7f1ec800a000 r--s 00008000 00:2c98 9223372037036969373      /nix/store/x26gyx3nb3kx580i4r9qg9q1iw45xbp9-graalvm8-ce/jre/lib/ext/sunec.jar
7f1ec800a000-7f1ec8015000 r--s 00116000 00:2c98 9223372037036968973      /nix/store/x26gyx3nb3kx580i4r9qg9q1iw45xbp9-graalvm8-ce/jre/lib/ext/localedata.jar
7f1ec8015000-7f1ec8018000 ---p 00000000 00:00 0 
7f1ec8018000-7f1ec8116000 rw-p 00000000 00:00 0 
7f1ec8116000-7f1ec8119000 ---p 00000000 00:00 0 
7f1ec8119000-7f1ec8217000 rw-p 00000000 00:00 0 
7f1ec8217000-7f1ec84fd000 r--p 00000000 00:281a 28444448                 /usr/lib/locale/locale-archive
7f1ec84fd000-7f1ec8500000 ---p 00000000 00:00 0 
7f1ec8500000-7f1ec85fe000 rw-p 00000000 00:00 0 
7f1ec85fe000-7f1ec8601000 ---p 00000000 00:00 0 
7f1ec8601000-7f1ec86ff000 rw-p 00000000 00:00 0 
7f1ec86ff000-7f1ec8700000 ---p 00000000 00:00 0 
7f1ec8700000-7f1ec9000000 rw-p 00000000 00:00 0 
7f1ec9000000-7f1ec95f0000 rwxp 00000000 00:00 0 
7f1ec95f0000-7f1ed8000000 ---p 00000000 00:00 0 
7f1ed8000000-7f1ed84a2000 rw-p 00000000 00:00 0 
7f1ed84a2000-7f1edc000000 ---p 00000000 00:00 0 
7f1edc001000-7f1edc005000 r--s 00040000 00:2c98 9223372037036969386      /nix/store/x26gyx3nb3kx580i4r9qg9q1iw45xbp9-graalvm8-ce/jre/lib/ext/sunpkcs11.jar
7f1edc005000-7f1edc007000 r--s 00016000 00:2c98 9223372037036855127      /nix/store/x26gyx3nb3kx580i4r9qg9q1iw45xbp9-graalvm8-ce/jre/lib/jce.jar
7f1edc007000-7f1edc01a000 r--s 0034b000 00:2c98 9223372037036855157      /nix/store/x26gyx3nb3kx580i4r9qg9q1iw45xbp9-graalvm8-ce/jre/lib/resources.jar
7f1edc01a000-7f1edc01b000 r--s 00000000 00:2c98 9223372037036969542      /nix/store/x26gyx3nb3kx580i4r9qg9q1iw45xbp9-graalvm8-ce/jre/lib/jvmci/graal-truffle-jfr-impl.jar
7f1edc01b000-7f1edc02c000 r--s 001c4000 00:2c98 9223372037036855130      /nix/store/x26gyx3nb3kx580i4r9qg9q1iw45xbp9-graalvm8-ce/jre/lib/jsse.jar
7f1edc02c000-7f1edc030000 r--s 00089000 00:2c98 9223372037036972281      /nix/store/x26gyx3nb3kx580i4r9qg9q1iw45xbp9-graalvm8-ce/jre/lib/jvmci/jvmci-hotspot.jar
7f1edc030000-7f1edc034000 r--s 0004f000 00:2c98 9223372037036972278      /nix/store/x26gyx3nb3kx580i4r9qg9q1iw45xbp9-graalvm8-ce/jre/lib/jvmci/jvmci-api.jar
7f1edc034000-7f1edc0cb000 r--s 00b67000 00:2ac0 487                      /home/runner/Server/java/bungee_command/bungee-dist.jar
7f1edc0cb000-7f1edc0cc000 r--s 00010000 00:2c98 9223372037036968389      /nix/store/x26gyx3nb3kx580i4r9qg9q1iw45xbp9-graalvm8-ce/jre/lib/boot/graaljs-scriptengine.jar
7f1edc0cc000-7f1edc0d1000 r--s 0005c000 00:2c98 9223372037036968388      /nix/store/x26gyx3nb3kx580i4r9qg9q1iw45xbp9-graalvm8-ce/jre/lib/boot/graal-sdk.src.zip
7f1edc0d1000-7f1edc0d2000 r--s 00004000 00:2c98 9223372037036968390      /nix/store/x26gyx3nb3kx580i4r9qg9q1iw45xbp9-graalvm8-ce/jre/lib/boot/truffleruby-services.jar
7f1edc0d2000-7f1edc0da000 r--s 0008b000 00:2c98 9223372037036968387      /nix/store/x26gyx3nb3kx580i4r9qg9q1iw45xbp9-graalvm8-ce/jre/lib/boot/graal-sdk.jar
7f1edc0da000-7f1edc0db000 r--s 00005000 00:2c98 9223372037036855136      /nix/store/x26gyx3nb3kx580i4r9qg9q1iw45xbp9-graalvm8-ce/jre/lib/jvmci-services.jar
7f1edc0db000-7f1edc0e1000 r--s 000d3000 00:2c98 9223372037036855129      /nix/store/x26gyx3nb3kx580i4r9qg9q1iw45xbp9-graalvm8-ce/jre/lib/jfr.jar
7f1edc0e1000-7f1edc12f000 rw-p 00000000 00:00 0 
7f1edc12f000-7f1edc300000 r--s 03ca5000 00:2c98 9223372037036855158      /nix/store/x26gyx3nb3kx580i4r9qg9q1iw45xbp9-graalvm8-ce/jre/lib/rt.jar
7f1edc300000-7f1edc3ec000 rw-p 00000000 00:00 0 
7f1edc3ec000-7f1edc405000 rw-p 00000000 00:00 0 
7f1edc405000-7f1edc7ad000 ---p 00000000 00:00 0 
7f1edc7ad000-7f1edc7b5000 r-xp 00000000 00:2c98 9223372037036855111      /nix/store/x26gyx3nb3kx580i4r9qg9q1iw45xbp9-graalvm8-ce/jre/lib/amd64/libzip.so
7f1edc7b5000-7f1edc9b4000 ---p 00008000 00:2c98 9223372037036855111      /nix/store/x26gyx3nb3kx580i4r9qg9q1iw45xbp9-graalvm8-ce/jre/lib/amd64/libzip.so
7f1edc9b4000-7f1edc9b5000 r--p 00007000 00:2c98 9223372037036855111      /nix/store/x26gyx3nb3kx580i4r9qg9q1iw45xbp9-graalvm8-ce/jre/lib/amd64/libzip.so
7f1edc9b5000-7f1edc9b6000 rw-p 00008000 00:2c98 9223372037036855111      /nix/store/x26gyx3nb3kx580i4r9qg9q1iw45xbp9-graalvm8-ce/jre/lib/amd64/libzip.so
7f1edc9b6000-7f1edc9b8000 rw-p 0000b000 00:2c98 9223372037036855111      /nix/store/x26gyx3nb3kx580i4r9qg9q1iw45xbp9-graalvm8-ce/jre/lib/amd64/libzip.so
7f1edc9b8000-7f1edc9c0000 rw-s 00000000 00:225e 355                      /tmp/hsperfdata_runner/29
7f1edc9c0000-7f1edc9c3000 r--p 00000000 00:2c98 9223372037120725735      /nix/store/9bh3986bpragfjmr32gay8p95k91q4gy-glibc-2.33-47/lib/libnss_files-2.33.so
7f1edc9c3000-7f1edc9c9000 r-xp 00003000 00:2c98 9223372037120725735      /nix/store/9bh3986bpragfjmr32gay8p95k91q4gy-glibc-2.33-47/lib/libnss_files-2.33.so
7f1edc9c9000-7f1edc9cb000 r--p 00009000 00:2c98 9223372037120725735      /nix/store/9bh3986bpragfjmr32gay8p95k91q4gy-glibc-2.33-47/lib/libnss_files-2.33.so
7f1edc9cb000-7f1edc9cc000 r--p 0000a000 00:2c98 9223372037120725735      /nix/store/9bh3986bpragfjmr32gay8p95k91q4gy-glibc-2.33-47/lib/libnss_files-2.33.so
7f1edc9cc000-7f1edc9cd000 rw-p 0000b000 00:2c98 9223372037120725735      /nix/store/9bh3986bpragfjmr32gay8p95k91q4gy-glibc-2.33-47/lib/libnss_files-2.33.so
7f1edc9cd000-7f1edc9d4000 rw-p 00000000 00:00 0 
7f1edc9d4000-7f1edc9d5000 ---p 00000000 00:00 0 
7f1edc9d5000-7f1edc9fd000 r-xp 00000000 00:2c98 9223372037036852791      /nix/store/x26gyx3nb3kx580i4r9qg9q1iw45xbp9-graalvm8-ce/jre/lib/amd64/libjava.so
7f1edc9fd000-7f1edcbfc000 ---p 00028000 00:2c98 9223372037036852791      /nix/store/x26gyx3nb3kx580i4r9qg9q1iw45xbp9-graalvm8-ce/jre/lib/amd64/libjava.so
7f1edcbfc000-7f1edcbfd000 r--p 00027000 00:2c98 9223372037036852791      /nix/store/x26gyx3nb3kx580i4r9qg9q1iw45xbp9-graalvm8-ce/jre/lib/amd64/libjava.so
7f1edcbfd000-7f1edcbff000 rw-p 00028000 00:2c98 9223372037036852791      /nix/store/x26gyx3nb3kx580i4r9qg9q1iw45xbp9-graalvm8-ce/jre/lib/amd64/libjava.so
7f1edcbff000-7f1edcc04000 rw-p 00034000 00:2c98 9223372037036852791      /nix/store/x26gyx3nb3kx580i4r9qg9q1iw45xbp9-graalvm8-ce/jre/lib/amd64/libjava.so
7f1edcc04000-7f1edcc13000 r-xp 00000000 00:2c98 9223372037036855110      /nix/store/x26gyx3nb3kx580i4r9qg9q1iw45xbp9-graalvm8-ce/jre/lib/amd64/libverify.so
7f1edcc13000-7f1edce12000 ---p 0000f000 00:2c98 9223372037036855110      /nix/store/x26gyx3nb3kx580i4r9qg9q1iw45xbp9-graalvm8-ce/jre/lib/amd64/libverify.so
7f1edce12000-7f1edce14000 r--p 0000e000 00:2c98 9223372037036855110      /nix/store/x26gyx3nb3kx580i4r9qg9q1iw45xbp9-graalvm8-ce/jre/lib/amd64/libverify.so
7f1edce14000-7f1edce15000 rw-p 00010000 00:2c98 9223372037036855110      /nix/store/x26gyx3nb3kx580i4r9qg9q1iw45xbp9-graalvm8-ce/jre/lib/amd64/libverify.so
7f1edce15000-7f1edce16000 rw-p 00013000 00:2c98 9223372037036855110      /nix/store/x26gyx3nb3kx580i4r9qg9q1iw45xbp9-graalvm8-ce/jre/lib/amd64/libverify.so
7f1edce16000-7f1edce19000 r--p 00000000 00:2c98 9223372037120725748      /nix/store/9bh3986bpragfjmr32gay8p95k91q4gy-glibc-2.33-47/lib/librt-2.33.so
7f1edce19000-7f1edce1d000 r-xp 00003000 00:2c98 9223372037120725748      /nix/store/9bh3986bpragfjmr32gay8p95k91q4gy-glibc-2.33-47/lib/librt-2.33.so
7f1edce1d000-7f1edce1f000 r--p 00007000 00:2c98 9223372037120725748      /nix/store/9bh3986bpragfjmr32gay8p95k91q4gy-glibc-2.33-47/lib/librt-2.33.so
7f1edce1f000-7f1edce20000 r--p 00008000 00:2c98 9223372037120725748      /nix/store/9bh3986bpragfjmr32gay8p95k91q4gy-glibc-2.33-47/lib/librt-2.33.so
7f1edce20000-7f1edce21000 rw-p 00009000 00:2c98 9223372037120725748      /nix/store/9bh3986bpragfjmr32gay8p95k91q4gy-glibc-2.33-47/lib/librt-2.33.so
7f1edce21000-7f1edce22000 ---p 00000000 00:00 0 
7f1edce22000-7f1edce25000 ---p 00000000 00:00 0 
7f1edce25000-7f1edcf22000 rw-p 00000000 00:00 0 
7f1edcf22000-7f1edcf31000 r--p 00000000 00:2c98 9223372037120725717      /nix/store/9bh3986bpragfjmr32gay8p95k91q4gy-glibc-2.33-47/lib/libm-2.33.so
7f1edcf31000-7f1edcfc8000 r-xp 0000f000 00:2c98 9223372037120725717      /nix/store/9bh3986bpragfjmr32gay8p95k91q4gy-glibc-2.33-47/lib/libm-2.33.so
7f1edcfc8000-7f1edd061000 r--p 000a6000 00:2c98 9223372037120725717      /nix/store/9bh3986bpragfjmr32gay8p95k91q4gy-glibc-2.33-47/lib/libm-2.33.so
7f1edd061000-7f1edd062000 r--p 0013e000 00:2c98 9223372037120725717      /nix/store/9bh3986bpragfjmr32gay8p95k91q4gy-glibc-2.33-47/lib/libm-2.33.so
7f1edd062000-7f1edd063000 rw-p 0013f000 00:2c98 9223372037120725717      /nix/store/9bh3986bpragfjmr32gay8p95k91q4gy-glibc-2.33-47/lib/libm-2.33.so
7f1edd063000-7f1edde9a000 r-xp 00000000 00:2c98 9223372037036967859      /nix/store/x26gyx3nb3kx580i4r9qg9q1iw45xbp9-graalvm8-ce/jre/lib/amd64/server/libjvm.so
7f1edde9a000-7f1ede09a000 ---p 00e37000 00:2c98 9223372037036967859      /nix/store/x26gyx3nb3kx580i4r9qg9q1iw45xbp9-graalvm8-ce/jre/lib/amd64/server/libjvm.so
7f1ede09a000-7f1ede165000 rw-p 00e37000 00:2c98 9223372037036967859      /nix/store/x26gyx3nb3kx580i4r9qg9q1iw45xbp9-graalvm8-ce/jre/lib/amd64/server/libjvm.so
7f1ede165000-7f1ede19d000 rw-p 00000000 00:00 0 
7f1ede19d000-7f1ede1c3000 r--p 00000000 00:2c98 9223372037120725705      /nix/store/9bh3986bpragfjmr32gay8p95k91q4gy-glibc-2.33-47/lib/libc-2.33.so
7f1ede1c3000-7f1ede306000 r-xp 00026000 00:2c98 9223372037120725705      /nix/store/9bh3986bpragfjmr32gay8p95k91q4gy-glibc-2.33-47/lib/libc-2.33.so
7f1ede306000-7f1ede353000 r--p 00169000 00:2c98 9223372037120725705      /nix/store/9bh3986bpragfjmr32gay8p95k91q4gy-glibc-2.33-47/lib/libc-2.33.so
7f1ede353000-7f1ede356000 r--p 001b5000 00:2c98 9223372037120725705      /nix/store/9bh3986bpragfjmr32gay8p95k91q4gy-glibc-2.33-47/lib/libc-2.33.so
7f1ede356000-7f1ede359000 rw-p 001b8000 00:2c98 9223372037120725705      /nix/store/9bh3986bpragfjmr32gay8p95k91q4gy-glibc-2.33-47/lib/libc-2.33.so
7f1ede359000-7f1ede364000 rw-p 00000000 00:00 0 
7f1ede364000-7f1ede365000 r--p 00000000 00:2c98 9223372037120725712      /nix/store/9bh3986bpragfjmr32gay8p95k91q4gy-glibc-2.33-47/lib/libdl-2.33.so
7f1ede365000-7f1ede366000 r-xp 00001000 00:2c98 9223372037120725712      /nix/store/9bh3986bpragfjmr32gay8p95k91q4gy-glibc-2.33-47/lib/libdl-2.33.so
7f1ede366000-7f1ede367000 r--p 00002000 00:2c98 9223372037120725712      /nix/store/9bh3986bpragfjmr32gay8p95k91q4gy-glibc-2.33-47/lib/libdl-2.33.so
7f1ede367000-7f1ede368000 r--p 00002000 00:2c98 9223372037120725712      /nix/store/9bh3986bpragfjmr32gay8p95k91q4gy-glibc-2.33-47/lib/libdl-2.33.so
7f1ede368000-7f1ede369000 rw-p 00003000 00:2c98 9223372037120725712      /nix/store/9bh3986bpragfjmr32gay8p95k91q4gy-glibc-2.33-47/lib/libdl-2.33.so
7f1ede369000-7f1ede376000 r-xp 00000000 00:2c98 9223372037036852776      /nix/store/x26gyx3nb3kx580i4r9qg9q1iw45xbp9-graalvm8-ce/jre/lib/amd64/jli/libjli.so
7f1ede376000-7f1ede576000 ---p 0000d000 00:2c98 9223372037036852776      /nix/store/x26gyx3nb3kx580i4r9qg9q1iw45xbp9-graalvm8-ce/jre/lib/amd64/jli/libjli.so
7f1ede576000-7f1ede577000 r--p 0000d000 00:2c98 9223372037036852776      /nix/store/x26gyx3nb3kx580i4r9qg9q1iw45xbp9-graalvm8-ce/jre/lib/amd64/jli/libjli.so
7f1ede577000-7f1ede578000 rw-p 0000e000 00:2c98 9223372037036852776      /nix/store/x26gyx3nb3kx580i4r9qg9q1iw45xbp9-graalvm8-ce/jre/lib/amd64/jli/libjli.so
7f1ede578000-7f1ede579000 rw-p 00012000 00:2c98 9223372037036852776      /nix/store/x26gyx3nb3kx580i4r9qg9q1iw45xbp9-graalvm8-ce/jre/lib/amd64/jli/libjli.so
7f1ede579000-7f1ede57c000 r--p 00000000 00:2c98 9223372037121377054      /nix/store/dc3r2nbhckwn41hq5vaxxbj7z0lqdwb1-zlib-1.2.11/lib/libz.so.1.2.11
7f1ede57c000-7f1ede58d000 r-xp 00003000 00:2c98 9223372037121377054      /nix/store/dc3r2nbhckwn41hq5vaxxbj7z0lqdwb1-zlib-1.2.11/lib/libz.so.1.2.11
7f1ede58d000-7f1ede593000 r--p 00014000 00:2c98 9223372037121377054      /nix/store/dc3r2nbhckwn41hq5vaxxbj7z0lqdwb1-zlib-1.2.11/lib/libz.so.1.2.11
7f1ede593000-7f1ede594000 ---p 0001a000 00:2c98 9223372037121377054      /nix/store/dc3r2nbhckwn41hq5vaxxbj7z0lqdwb1-zlib-1.2.11/lib/libz.so.1.2.11
7f1ede594000-7f1ede595000 r--p 0001a000 00:2c98 9223372037121377054      /nix/store/dc3r2nbhckwn41hq5vaxxbj7z0lqdwb1-zlib-1.2.11/lib/libz.so.1.2.11
7f1ede595000-7f1ede596000 rw-p 0001b000 00:2c98 9223372037121377054      /nix/store/dc3r2nbhckwn41hq5vaxxbj7z0lqdwb1-zlib-1.2.11/lib/libz.so.1.2.11
7f1ede596000-7f1ede59d000 r--p 00000000 00:2c98 9223372037120725742      /nix/store/9bh3986bpragfjmr32gay8p95k91q4gy-glibc-2.33-47/lib/libpthread-2.33.so
7f1ede59d000-7f1ede5ab000 r-xp 00007000 00:2c98 9223372037120725742      /nix/store/9bh3986bpragfjmr32gay8p95k91q4gy-glibc-2.33-47/lib/libpthread-2.33.so
7f1ede5ab000-7f1ede5b0000 r--p 00015000 00:2c98 9223372037120725742      /nix/store/9bh3986bpragfjmr32gay8p95k91q4gy-glibc-2.33-47/lib/libpthread-2.33.so
7f1ede5b0000-7f1ede5b1000 r--p 00019000 00:2c98 9223372037120725742      /nix/store/9bh3986bpragfjmr32gay8p95k91q4gy-glibc-2.33-47/lib/libpthread-2.33.so
7f1ede5b1000-7f1ede5b2000 rw-p 0001a000 00:2c98 9223372037120725742      /nix/store/9bh3986bpragfjmr32gay8p95k91q4gy-glibc-2.33-47/lib/libpthread-2.33.so
7f1ede5b2000-7f1ede5b8000 rw-p 00000000 00:00 0 
7f1ede5b8000-7f1ede5b9000 r--p 00000000 00:2c98 9223372037120725696      /nix/store/9bh3986bpragfjmr32gay8p95k91q4gy-glibc-2.33-47/lib/ld-2.33.so
7f1ede5b9000-7f1ede5dd000 r-xp 00001000 00:2c98 9223372037120725696      /nix/store/9bh3986bpragfjmr32gay8p95k91q4gy-glibc-2.33-47/lib/ld-2.33.so
7f1ede5dd000-7f1ede5e7000 r--p 00025000 00:2c98 9223372037120725696      /nix/store/9bh3986bpragfjmr32gay8p95k91q4gy-glibc-2.33-47/lib/ld-2.33.so
7f1ede5e7000-7f1ede5e9000 r--p 0002e000 00:2c98 9223372037120725696      /nix/store/9bh3986bpragfjmr32gay8p95k91q4gy-glibc-2.33-47/lib/ld-2.33.so
7f1ede5e9000-7f1ede5eb000 rw-p 00030000 00:2c98 9223372037120725696      /nix/store/9bh3986bpragfjmr32gay8p95k91q4gy-glibc-2.33-47/lib/ld-2.33.so
7fff571f3000-7fff57217000 rw-p 00000000 00:00 0                          [stack]
7fff57399000-7fff5739d000 r--p 00000000 00:00 0                          [vvar]
7fff5739d000-7fff5739f000 r-xp 00000000 00:00 0                          [vdso]
ffffffffff600000-ffffffffff601000 --xp 00000000 00:00 0                  [vsyscall]

VM Arguments:
jvm_args: -Xmx32M -Xms32M 
java_command: bungee-dist.jar
java_class_path (initial): bungee-dist.jar
Launcher Type: SUN_STANDARD

Environment Variables:
JAVA_HOME=/nix/store/x26gyx3nb3kx580i4r9qg9q1iw45xbp9-graalvm8-ce
LD_LIBRARY_PATH=/nix/store/kbz3s60sndry87c2csg4svbbld3224q8-cups-2.3.3-lib/lib:/nix/store/0bdcnb6wnd9dg4wj4aqjwkizzz7lldps-cairo-1.16.0/lib:/nix/store/3jz43ya7j65mh53nj262rilsk1j2jb68-glib-2.68.3/lib:/nix/store/qvmdkg2f09pvlsdr4bqasyiy5g0mbvrd-gtk+3-3.24.30/lib:/nix/store/hisqvx32cd57apbpcsnkpx6k3549wql1-libglvnd-1.4.0/lib:/nix/store/p36pgcv991mq5srvg765b78yqpxvk3qs-mesa-21.3.3-drivers/lib:/nix/store/mav4251if1ahjq5vkpwycyyvnmy459c4-pulseaudio-14.2/lib
SHELL=/bin/bash
DISPLAY=:0

Signal Handlers:
SIGSEGV: [libjvm.so+0xbe9860], sa_mask[0]=11111111011111111101111111111110, sa_flags=SA_RESTART|SA_SIGINFO
SIGBUS: [libjvm.so+0xbe9860], sa_mask[0]=11111111011111111101111111111110, sa_flags=SA_RESTART|SA_SIGINFO
SIGFPE: [libjvm.so+0xa11d10], sa_mask[0]=11111111011111111101111111111110, sa_flags=SA_RESTART|SA_SIGINFO
SIGPIPE: [libjvm.so+0xa11d10], sa_mask[0]=11111111011111111101111111111110, sa_flags=SA_RESTART|SA_SIGINFO
SIGXFSZ: [libjvm.so+0xa11d10], sa_mask[0]=11111111011111111101111111111110, sa_flags=SA_RESTART|SA_SIGINFO
SIGILL: [libjvm.so+0xa11d10], sa_mask[0]=11111111011111111101111111111110, sa_flags=SA_RESTART|SA_SIGINFO
SIGUSR1: SIG_DFL, sa_mask[0]=00000000000000000000000000000000, sa_flags=none
SIGUSR2: [libjvm.so+0xa11be0], sa_mask[0]=00000000000000000000000000000000, sa_flags=SA_RESTART|SA_SIGINFO
SIGHUP: [libjvm.so+0xa12200], sa_mask[0]=11111111011111111101111111111110, sa_flags=SA_RESTART|SA_SIGINFO
SIGINT: [libjvm.so+0xa12200], sa_mask[0]=11111111011111111101111111111110, sa_flags=SA_RESTART|SA_SIGINFO
SIGTERM: [libjvm.so+0xa12200], sa_mask[0]=11111111011111111101111111111110, sa_flags=SA_RESTART|SA_SIGINFO
SIGQUIT: [libjvm.so+0xa12200], sa_mask[0]=11111111011111111101111111111110, sa_flags=SA_RESTART|SA_SIGINFO


---------------  S Y S T E M  ---------------

OS:DISTRIB_ID=Ubuntu
DISTRIB_RELEASE=20.04
DISTRIB_CODENAME=focal
DISTRIB_DESCRIPTION="Ubuntu 20.04.2 LTS"

uname:Linux 5.15.0-1025-gcp #32~20.04.2-Ubuntu SMP Tue Nov 29 08:31:04 UTC 2022 x86_64
libc:glibc 2.33 NPTL 2.33 
rlimit: STACK 8192k, CORE infinity, NPROC infinity, NOFILE 5242, AS infinity
load average:351.43 464.43 373.46

/proc/meminfo:
MemTotal:       32872712 kB
MemFree:          558448 kB
MemAvailable:    5148972 kB
Buffers:           17408 kB
Cached:          4453432 kB
SwapCached:            0 kB
Active:          1572896 kB
Inactive:       25209268 kB
Active(anon):     472164 kB
Inactive(anon): 23297800 kB
Active(file):    1100732 kB
Inactive(file):  1911468 kB
Unevictable:       42700 kB
Mlocked:           42700 kB
SwapTotal:             0 kB
SwapFree:              0 kB
Dirty:              4768 kB
Writeback:          4056 kB
AnonPages:      22223396 kB
Mapped:          2724168 kB
Shmem:           1578880 kB
KReclaimable:    2052352 kB
Slab:            4063808 kB
SReclaimable:    2052352 kB
SUnreclaim:      2011456 kB
KernelStack:      558680 kB
PageTables:       466680 kB
NFS_Unstable:          0 kB
Bounce:                0 kB
WritebackTmp:          0 kB
CommitLimit:    16436356 kB
Committed_AS:   132742576 kB
VmallocTotal:   34359738367 kB
VmallocUsed:      607920 kB
VmallocChunk:          0 kB
Percpu:            41056 kB
HardwareCorrupted:     0 kB
AnonHugePages:     18432 kB
ShmemHugePages:        0 kB
ShmemPmdMapped:        0 kB
FileHugePages:         0 kB
FilePmdMapped:         0 kB
HugePages_Total:       0
HugePages_Free:        0
HugePages_Rsvd:        0
HugePages_Surp:        0
Hugepagesize:       2048 kB
Hugetlb:               0 kB
DirectMap4k:     4014912 kB
DirectMap2M:    27439104 kB
DirectMap1G:     4194304 kB

container (cgroup) information:
container_type: cgroupv1
cpu_cpuset_cpus: 1-3
cpu_memory_nodes: 0
active_processor_count: 1
cpu_quota: 30000
cpu_period: 100000
cpu_shares: 307
memory_limit_in_bytes: 1073741824
memory_and_swap_limit_in_bytes: 1073741824
memory_soft_limit_in_bytes: 536870912
memory_usage_in_bytes: 207712256
memory_max_usage_in_bytes: 761323520


CPU:total 4 (initial active 1) (4 cores per cpu, 1 threads per core) family 23 model 49 stepping 0, cmov, cx8, fxsr, mmx, sse, sse2, sse3, ssse3, sse4.1, sse4.2, popcnt, avx, avx2, aes, clmul, mmxext, 3dnowpref, lzcnt, sse4a, tsc, tscinvbit, tscinv, bmi1

/proc/cpuinfo:
processor	: 0
vendor_id	: AuthenticAMD
cpu family	: 23
model		: 49
model name	: AMD EPYC 7B12
stepping	: 0
microcode	: 0xffffffff
cpu MHz		: 2249.998
cache size	: 512 KB
physical id	: 0
siblings	: 4
core id		: 0
cpu cores	: 2
apicid		: 0
initial apicid	: 0
fpu		: yes
fpu_exception	: yes
cpuid level	: 13
wp		: yes
flags		: fpu vme de pse tsc msr pae mce cx8 apic sep mtrr pge mca cmov pat pse36 clflush mmx fxsr sse sse2 ht syscall nx mmxext fxsr_opt pdpe1gb rdtscp lm constant_tsc rep_good nopl nonstop_tsc cpuid extd_apicid tsc_known_freq pni pclmulqdq ssse3 fma cx16 sse4_1 sse4_2 movbe popcnt aes xsave avx f16c rdrand hypervisor lahf_lm cmp_legacy cr8_legacy abm sse4a misalignsse 3dnowprefetch osvw topoext ssbd ibrs ibpb stibp vmmcall fsgsbase tsc_adjust bmi1 avx2 smep bmi2 rdseed adx smap clflushopt clwb sha_ni xsaveopt xsavec xgetbv1 clzero xsaveerptr arat npt nrip_save umip rdpid
bugs		: sysret_ss_attrs null_seg spectre_v1 spectre_v2 spec_store_bypass retbleed
bogomips	: 4499.99
TLB size	: 3072 4K pages
clflush size	: 64
cache_alignment	: 64
address sizes	: 48 bits physical, 48 bits virtual
power management:

processor	: 1
vendor_id	: AuthenticAMD
cpu family	: 23
model		: 49
model name	: AMD EPYC 7B12
stepping	: 0
microcode	: 0xffffffff
cpu MHz		: 2249.998
cache size	: 512 KB
physical id	: 0
siblings	: 4
core id		: 1
cpu cores	: 2
apicid		: 2
initial apicid	: 2
fpu		: yes
fpu_exception	: yes
cpuid level	: 13
wp		: yes
flags		: fpu vme de pse tsc msr pae mce cx8 apic sep mtrr pge mca cmov pat pse36 clflush mmx fxsr sse sse2 ht syscall nx mmxext fxsr_opt pdpe1gb rdtscp lm constant_tsc rep_good nopl nonstop_tsc cpuid extd_apicid tsc_known_freq pni pclmulqdq ssse3 fma cx16 sse4_1 sse4_2 movbe popcnt aes xsave avx f16c rdrand hypervisor lahf_lm cmp_legacy cr8_legacy abm sse4a misalignsse 3dnowprefetch osvw topoext ssbd ibrs ibpb stibp vmmcall fsgsbase tsc_adjust bmi1 avx2 smep bmi2 rdseed adx smap clflushopt clwb sha_ni xsaveopt xsavec xgetbv1 clzero xsaveerptr arat npt nrip_save umip rdpid
bugs		: sysret_ss_attrs null_seg spectre_v1 spectre_v2 spec_store_bypass retbleed
bogomips	: 4499.99
TLB size	: 3072 4K pages
clflush size	: 64
cache_alignment	: 64
address sizes	: 48 bits physical, 48 bits virtual
power management:

processor	: 2
vendor_id	: AuthenticAMD
cpu family	: 23
model		: 49
model name	: AMD EPYC 7B12
stepping	: 0
microcode	: 0xffffffff
cpu MHz		: 2249.998
cache size	: 512 KB
physical id	: 0
siblings	: 4
core id		: 0
cpu cores	: 2
apicid		: 1
initial apicid	: 1
fpu		: yes
fpu_exception	: yes
cpuid level	: 13
wp		: yes
flags		: fpu vme de pse tsc msr pae mce cx8 apic sep mtrr pge mca cmov pat pse36 clflush mmx fxsr sse sse2 ht syscall nx mmxext fxsr_opt pdpe1gb rdtscp lm constant_tsc rep_good nopl nonstop_tsc cpuid extd_apicid tsc_known_freq pni pclmulqdq ssse3 fma cx16 sse4_1 sse4_2 movbe popcnt aes xsave avx f16c rdrand hypervisor lahf_lm cmp_legacy cr8_legacy abm sse4a misalignsse 3dnowprefetch osvw topoext ssbd ibrs ibpb stibp vmmcall fsgsbase tsc_adjust bmi1 avx2 smep bmi2 rdseed adx smap clflushopt clwb sha_ni xsaveopt xsavec xgetbv1 clzero xsaveerptr arat npt nrip_save umip rdpid
bugs		: sysret_ss_attrs null_seg spectre_v1 spectre_v2 spec_store_bypass retbleed
bogomips	: 4499.99
TLB size	: 3072 4K pages
clflush size	: 64
cache_alignment	: 64
address sizes	: 48 bits physical, 48 bits virtual
power management:

processor	: 3
vendor_id	: AuthenticAMD
cpu family	: 23
model		: 49
model name	: AMD EPYC 7B12
stepping	: 0
microcode	: 0xffffffff
cpu MHz		: 2249.998
cache size	: 512 KB
physical id	: 0
siblings	: 4
core id		: 1
cpu cores	: 2
apicid		: 3
initial apicid	: 3
fpu		: yes
fpu_exception	: yes
cpuid level	: 13
wp		: yes
flags		: fpu vme de pse tsc msr pae mce cx8 apic sep mtrr pge mca cmov pat pse36 clflush mmx fxsr sse sse2 ht syscall nx mmxext fxsr_opt pdpe1gb rdtscp lm constant_tsc rep_good nopl nonstop_tsc cpuid extd_apicid tsc_known_freq pni pclmulqdq ssse3 fma cx16 sse4_1 sse4_2 movbe popcnt aes xsave avx f16c rdrand hypervisor lahf_lm cmp_legacy cr8_legacy abm sse4a misalignsse 3dnowprefetch osvw topoext ssbd ibrs ibpb stibp vmmcall fsgsbase tsc_adjust bmi1 avx2 smep bmi2 rdseed adx smap clflushopt clwb sha_ni xsaveopt xsavec xgetbv1 clzero xsaveerptr arat npt nrip_save umip rdpid
bugs		: sysret_ss_attrs null_seg spectre_v1 spectre_v2 spec_store_bypass retbleed
bogomips	: 4499.99
TLB size	: 3072 4K pages
clflush size	: 64
cache_alignment	: 64
address sizes	: 48 bits physical, 48 bits virtual
power management:



Memory: 4k page, physical 1048576k(845708k free), swap 0k(0k free)

vm_info: OpenJDK 64-Bit Server VM GraalVM CE 21.2.0 (25.302-b07-jvmci-21.2-b08) for linux-amd64 JRE (1.8.0), built on Jul 19 2021 22:50:15 by "buildslave" with gcc 7.3.0

time: Thu Jan 12 19:16:29 2023
timezone: UTC
elapsed time: 11401.360363 seconds (0d 3h 10m 1s)

