#
# A fatal error has been detected by the Java Runtime Environment:
#
#  SIGSEGV (0xb) at pc=0x00007fe230f8bfd5, pid=1126, tid=0x00007fe2446dd640
#
# JRE version: OpenJDK Runtime Environment (8.0_302-b07) (build 1.8.0_302-b07)
# Java VM: OpenJDK 64-Bit Server VM GraalVM CE 21.2.0 (25.302-b07-jvmci-21.2-b08 mixed mode linux-amd64 compressed oops)
# Problematic frame:
# J 266 C1 java.lang.invoke.MemberName.isInvocable()Z (7 bytes) @ 0x00007fe230f8bfd5 [0x00007fe230f8be40+0x195]
#
# Core dump written. Default location: /home/runner/Server/java/bungee_command/core or core.1126
#
# If you would like to submit a bug report, please visit:
#   https://github.com/oracle/graal/issues
#

---------------  T H R E A D  ---------------

Current thread (0x00007fe24000a800):  JavaThread "main" [_thread_in_Java, id=1132, stack(0x00007fe2445de000,0x00007fe2446de000)]

siginfo: si_signo: 11 (SIGSEGV), si_code: 0 (SI_USER)

Registers:
RAX=0x0000000000000001, RBX=0x00007fe23028f9a0, RCX=0x00000000fe5eb140, RDX=0x0000000010500001
RSP=0x00007fe2446d9948, RBP=0x00007fe2446d99a8, RSI=0x0000000000000158, RDI=0x0000000000000545
R8 =0x00007fe2307e1fa8, R9 =0x000000000000001c, R10=0x00007fe24594a7a0, R11=0x00007fe230f8be60
R12=0x0000000000000000, R13=0x00007fe2446d9960, R14=0x00007fe2446d99c8, R15=0x00007fe24000a800
RIP=0x00007fe230f8bfd5, EFLAGS=0x0000000000010202, CSGSFS=0x002b000000000033, ERR=0x0000000000000004
  TRAPNO=0x000000000000000e

Top of Stack: (sp=0x00007fe2446d9948)
0x00007fe2446d9948:   00007fe230dfc7d0 00007fe2446d99b0
0x00007fe2446d9958:   00007fe230dfc7d0 00000000fe5eb140
0x00007fe2446d9968:   00007fe2446d9968 00007fe2302915f1
0x00007fe2446d9978:   00007fe2446d99c8 00007fe23041fb28
0x00007fe2446d9988:   0000000000000000 00007fe2302916b0
0x00007fe2446d9998:   00007fe2446d9960 00007fe2446d99c0
0x00007fe2446d99a8:   00007fe2446d9a10 00007fe230dfcffd
0x00007fe2446d99b8:   0000000000000000 00000000fe5e9f90
0x00007fe2446d99c8:   00000000fe5eb140 00007fe2446d99d0
0x00007fe2446d99d8:   00007fe23041cb84 00007fe2446d9a48
0x00007fe2446d99e8:   00007fe23041d358 0000000000000000
0x00007fe2446d99f8:   00007fe23041cc18 00007fe2446d99c0
0x00007fe2446d9a08:   00007fe2446d9a30 00007fe2446d9a90
0x00007fe2446d9a18:   00007fe230dfcd80 0000000000000000
0x00007fe2446d9a28:   00000000fe5eb140 0000000000000000
0x00007fe2446d9a38:   00000000fe5eb108 0000000000000006
0x00007fe2446d9a48:   00000000fe052078 00007fe2446d9a50
0x00007fe2446d9a58:   00007fe23041cca4 00007fe2446d9ad0
0x00007fe2446d9a68:   00007fe23041d358 0000000000000000
0x00007fe2446d9a78:   00007fe23041cce8 00007fe2446d9a30
0x00007fe2446d9a88:   00007fe2446d9ab0 00007fe2446d9b18
0x00007fe2446d9a98:   00007fe230dfcd80 0000000000000000
0x00007fe2446d9aa8:   0000000000000000 00000000fe4af4f8
0x00007fe2446d9ab8:   0000000000000000 00000000fe5eb108
0x00007fe2446d9ac8:   0000000000000006 00000000fe052078
0x00007fe2446d9ad8:   00007fe2446d9ad8 00007fe23072e11c
0x00007fe2446d9ae8:   00007fe2446d9b48 00007fe230737510
0x00007fe2446d9af8:   0000000000000000 00007fe23072e138
0x00007fe2446d9b08:   00007fe2446d9ab0 00007fe2446d9b28
0x00007fe2446d9b18:   00007fe2446d9b90 00007fe230dfcd80
0x00007fe2446d9b28:   00000000fe5eb030 00000000fe4b3f50
0x00007fe2446d9b38:   00000000fe5e9f90 0000000000000006 

Instructions: (pc=0x00007fe230f8bfd5)
0x00007fe230f8bfb5:   ff 80 68 01 00 00 b8 01 00 00 00 e9 05 00 00 00
0x00007fe230f8bfc5:   b8 00 00 00 00 83 e0 01 83 e0 01 48 83 c4 60 5d
0x00007fe230f8bfd5:   85 05 25 41 20 13 c3 49 ba a0 f9 28 30 e2 7f 00
0x00007fe230f8bfe5:   00 4c 89 54 24 08 48 c7 04 24 ff ff ff ff e8 a8 


Register to memory mapping:

RAX=0x0000000000000001 is an unknown value
RBX={method} {0x00007fe23028f9a0} 'isInvocable' '()Z' in 'java/lang/invoke/MemberName'
RCX=
[error occurred during error reporting (printing register info), id 0xb]

Stack: [0x00007fe2445de000,0x00007fe2446de000],  sp=0x00007fe2446d9948,  free space=1006k
Native frames: (J=compiled Java code, j=interpreted, Vv=VM code, C=native code)
J 266 C1 java.lang.invoke.MemberName.isInvocable()Z (7 bytes) @ 0x00007fe230f8bfd5 [0x00007fe230f8be40+0x195]
j  java.lang.invoke.MemberName$Factory.resolve(BLjava/lang/invoke/MemberName;Ljava/lang/Class;)Ljava/lang/invoke/MemberName;+44
j  java.lang.invoke.MemberName$Factory.resolveOrFail(BLjava/lang/invoke/MemberName;Ljava/lang/Class;Ljava/lang/Class;)Ljava/lang/invoke/MemberName;+4
j  java.lang.invoke.MethodHandles$Lookup.resolveOrFail(BLjava/lang/Class;Ljava/lang/String;Ljava/lang/invoke/MethodType;)Ljava/lang/invoke/MemberName;+44
j  java.lang.invoke.MethodHandles$Lookup.findStatic(Ljava/lang/Class;Ljava/lang/String;Ljava/lang/invoke/MethodType;)Ljava/lang/invoke/MethodHandle;+6
j  java.lang.invoke.BoundMethodHandle$Factory.makeCbmhCtor(Ljava/lang/Class;Ljava/lang/String;)Ljava/lang/invoke/MethodHandle;+15
j  java.lang.invoke.BoundMethodHandle$Factory.makeCtors(Ljava/lang/Class;Ljava/lang/String;[Ljava/lang/invoke/MethodHandle;)[Ljava/lang/invoke/MethodHandle;+24
j  java.lang.invoke.BoundMethodHandle$SpeciesData.<init>(Ljava/lang/String;Ljava/lang/Class;)V+65
j  java.lang.invoke.BoundMethodHandle$SpeciesData$1.apply(Ljava/lang/String;)Ljava/lang/invoke/BoundMethodHandle$SpeciesData;+11
j  java.lang.invoke.BoundMethodHandle$SpeciesData$1.apply(Ljava/lang/Object;)Ljava/lang/Object;+5
j  java.util.concurrent.ConcurrentHashMap.computeIfAbsent(Ljava/lang/Object;Ljava/util/function/Function;)Ljava/lang/Object;+115
j  java.lang.invoke.BoundMethodHandle$SpeciesData.get(Ljava/lang/String;)Ljava/lang/invoke/BoundMethodHandle$SpeciesData;+11
j  java.lang.invoke.BoundMethodHandle$SpeciesData.extendWith(Ljava/lang/invoke/LambdaForm$BasicType;)Ljava/lang/invoke/BoundMethodHandle$SpeciesData;+47
j  java.lang.invoke.LambdaFormEditor.newSpeciesData(Ljava/lang/invoke/LambdaForm$BasicType;)Ljava/lang/invoke/BoundMethodHandle$SpeciesData;+5
j  java.lang.invoke.LambdaFormEditor.makeArgumentCombinationForm(ILjava/lang/invoke/MethodType;ZZ)Ljava/lang/invoke/LambdaForm;+168
j  java.lang.invoke.LambdaFormEditor.filterArgumentForm(ILjava/lang/invoke/LambdaForm$BasicType;)Ljava/lang/invoke/LambdaForm;+110
j  java.lang.invoke.MethodHandleImpl.makePairwiseConvertByEditor(Ljava/lang/invoke/MethodHandle;Ljava/lang/invoke/MethodType;ZZ)Ljava/lang/invoke/MethodHandle;+156
j  java.lang.invoke.MethodHandleImpl.makePairwiseConvert(Ljava/lang/invoke/MethodHandle;Ljava/lang/invoke/MethodType;ZZ)Ljava/lang/invoke/MethodHandle;+18
j  java.lang.invoke.MethodHandleImpl.makePairwiseConvert(Ljava/lang/invoke/MethodHandle;Ljava/lang/invoke/MethodType;Z)Ljava/lang/invoke/MethodHandle;+4
j  java.lang.invoke.MethodHandle.asTypeUncached(Ljava/lang/invoke/MethodType;)Ljava/lang/invoke/MethodHandle;+51
j  java.lang.invoke.MethodHandle.asType(Ljava/lang/invoke/MethodType;)Ljava/lang/invoke/MethodHandle;+24
j  java.lang.invoke.Invokers.checkGenericType(Ljava/lang/Object;Ljava/lang/Object;)Ljava/lang/Object;+12
j  java.lang.invoke.LambdaForm$MH.invoke_MT(Ljava/lang/Object;Ljava/lang/Object;Ljava/lang/Object;Ljava/lang/Object;Ljava/lang/Object;Ljava/lang/Object;Ljava/lang/Object;Ljava/lang/Object;)Ljava/lang/Object;+3
j  java.lang.invoke.CallSite.makeSite(Ljava/lang/invoke/MethodHandle;Ljava/lang/String;Ljava/lang/invoke/MethodType;Ljava/lang/Object;Ljava/lang/Class;)Ljava/lang/invoke/CallSite;+184
j  java.lang.invoke.MethodHandleNatives.linkCallSiteImpl(Ljava/lang/Class;Ljava/lang/invoke/MethodHandle;Ljava/lang/String;Ljava/lang/invoke/MethodType;Ljava/lang/Object;[Ljava/lang/Object;)Ljava/lang/invoke/MemberName;+6
j  java.lang.invoke.MethodHandleNatives.linkCallSite(Ljava/lang/Object;Ljava/lang/Object;Ljava/lang/Object;Ljava/lang/Object;Ljava/lang/Object;[Ljava/lang/Object;)Ljava/lang/invoke/MemberName;+45
v  ~StubRoutines::call_stub
V  [libjvm.so+0x6b7b5d]  JavaCalls::call_helper(JavaValue*, methodHandle*, JavaCallArguments*, Thread*)+0xc5d
V  [libjvm.so+0x6b6663]  JavaCalls::call_static(JavaValue*, KlassHandle, Symbol*, Symbol*, JavaCallArguments*, Thread*)+0x223
V  [libjvm.so+0xb54bde]  SystemDictionary::find_dynamic_call_site_invoker(KlassHandle, Handle, Symbol*, Symbol*, Handle*, Handle*, Thread*)+0xb7e
V  [libjvm.so+0x8d1b5d]  LinkResolver::resolve_dynamic_call(CallInfo&, Handle, Symbol*, Symbol*, KlassHandle, Thread*)+0x4d
V  [libjvm.so+0x8d2390]  LinkResolver::resolve_invokedynamic(CallInfo&, constantPoolHandle, int, Thread*)+0x540
V  [libjvm.so+0x8d2b50]  LinkResolver::resolve_invoke(CallInfo&, Handle, constantPoolHandle, int, Bytecodes::Code, Thread*)+0x1a0
V  [libjvm.so+0x6abec3]  InterpreterRuntime::resolve_invokedynamic(JavaThread*)+0x2b3
j  java.lang.UNIXProcess$Platform.get()Ljava/lang/UNIXProcess$Platform;+0
j  java.lang.UNIXProcess.<clinit>()V+6
v  ~StubRoutines::call_stub
V  [libjvm.so+0x6b7b5d]  JavaCalls::call_helper(JavaValue*, methodHandle*, JavaCallArguments*, Thread*)+0xc5d
V  [libjvm.so+0x66e628]  InstanceKlass::call_class_initializer_impl(instanceKlassHandle, Thread*)+0x108
V  [libjvm.so+0x66eade]  InstanceKlass::initialize_impl(instanceKlassHandle, Thread*)+0x35e
V  [libjvm.so+0x66ed21]  InstanceKlass::initialize(Thread*)+0x51
V  [libjvm.so+0x6a42d5]  InterpreterRuntime::_new(JavaThread*, ConstantPool*, int)+0x325
j  java.lang.ProcessImpl.start([Ljava/lang/String;Ljava/util/Map;Ljava/lang/String;[Ljava/lang/ProcessBuilder$Redirect;Z)Ljava/lang/Process;+404
j  java.lang.ProcessBuilder.start()Ljava/lang/Process;+161
j  java.lang.Runtime.exec([Ljava/lang/String;[Ljava/lang/String;Ljava/io/File;)Ljava/lang/Process;+16
j  java.lang.Runtime.exec([Ljava/lang/String;)Ljava/lang/Process;+4
j  io.netty.util.internal.PlatformDependent.isRoot0()Z+80
j  io.netty.util.internal.PlatformDependent.<clinit>()V+29
v  ~StubRoutines::call_stub
V  [libjvm.so+0x6b7b5d]  JavaCalls::call_helper(JavaValue*, methodHandle*, JavaCallArguments*, Thread*)+0xc5d
V  [libjvm.so+0x66e628]  InstanceKlass::call_class_initializer_impl(instanceKlassHandle, Thread*)+0x108
V  [libjvm.so+0x66eade]  InstanceKlass::initialize_impl(instanceKlassHandle, Thread*)+0x35e
V  [libjvm.so+0x66ed21]  InstanceKlass::initialize(Thread*)+0x51
V  [libjvm.so+0x8cb1d1]  LinkResolver::resolve_static_call(CallInfo&, KlassHandle&, Symbol*, Symbol*, KlassHandle, bool, bool, Thread*)+0x411
V  [libjvm.so+0x8cfdbe]  LinkResolver::resolve_invokestatic(CallInfo&, constantPoolHandle, int, Thread*)+0x26e
V  [libjvm.so+0x8d2b10]  LinkResolver::resolve_invoke(CallInfo&, Handle, constantPoolHandle, int, Bytecodes::Code, Thread*)+0x160
V  [libjvm.so+0x6a9e83]  InterpreterRuntime::resolve_invoke(JavaThread*, Bytecodes::Code)+0x5d3
j  io.netty.util.Signal.<clinit>()V+0
v  ~StubRoutines::call_stub
V  [libjvm.so+0x6b7b5d]  JavaCalls::call_helper(JavaValue*, methodHandle*, JavaCallArguments*, Thread*)+0xc5d
V  [libjvm.so+0x66e628]  InstanceKlass::call_class_initializer_impl(instanceKlassHandle, Thread*)+0x108
V  [libjvm.so+0x66eade]  InstanceKlass::initialize_impl(instanceKlassHandle, Thread*)+0x35e
V  [libjvm.so+0x66ed21]  InstanceKlass::initialize(Thread*)+0x51
V  [libjvm.so+0x6a42d5]  InterpreterRuntime::_new(JavaThread*, ConstantPool*, int)+0x325
j  io.netty.util.concurrent.DefaultPromise.<clinit>()V+19
v  ~StubRoutines::call_stub
V  [libjvm.so+0x6b7b5d]  JavaCalls::call_helper(JavaValue*, methodHandle*, JavaCallArguments*, Thread*)+0xc5d
V  [libjvm.so+0x66e628]  InstanceKlass::call_class_initializer_impl(instanceKlassHandle, Thread*)+0x108
V  [libjvm.so+0x66eade]  InstanceKlass::initialize_impl(instanceKlassHandle, Thread*)+0x35e
V  [libjvm.so+0x66ed21]  InstanceKlass::initialize(Thread*)+0x51
V  [libjvm.so+0x6a42d5]  InterpreterRuntime::_new(JavaThread*, ConstantPool*, int)+0x325
j  io.netty.util.concurrent.MultithreadEventExecutorGroup.<init>(ILjava/util/concurrent/ThreadFactory;[Ljava/lang/Object;)V+27
j  io.netty.channel.MultithreadEventLoopGroup.<init>(ILjava/util/concurrent/ThreadFactory;[Ljava/lang/Object;)V+14
j  io.netty.channel.nio.NioEventLoopGroup.<init>(ILjava/util/concurrent/ThreadFactory;Ljava/nio/channels/spi/SelectorProvider;)V+11
j  io.netty.channel.nio.NioEventLoopGroup.<init>(ILjava/util/concurrent/ThreadFactory;)V+6
j  net.md_5.bungee.BungeeCord.<init>()V+76
j  net.md_5.bungee.BungeeCord.main([Ljava/lang/String;)V+4
v  ~StubRoutines::call_stub
V  [libjvm.so+0x6b7b5d]  JavaCalls::call_helper(JavaValue*, methodHandle*, JavaCallArguments*, Thread*)+0xc5d
V  [libjvm.so+0x735fe1]  jni_invoke_static(JNIEnv_*, JavaValue*, _jobject*, JNICallType, _jmethodID*, JNI_ArgumentPusher*, Thread*) [clone .isra.84] [clone .constprop.132]+0x1e1
V  [libjvm.so+0x73824b]  jni_CallStaticVoidMethod+0x15b
C  [libjli.so+0x3c8f]  JavaMain+0x83f
C  [libpthread.so.0+0x8d3e]  start_thread+0xce


---------------  P R O C E S S  ---------------

Java Threads: ( => current thread )
  0x00007fe20404f800 JavaThread "Libgraal MBean Registration" daemon [_thread_blocked, id=1153, stack(0x00007fe20e2ff000,0x00007fe20e400000)]
  0x00007fe2400ec800 JavaThread "Service Thread" daemon [_thread_blocked, id=1141, stack(0x00007fe22f477000,0x00007fe22f578000)]
  0x00007fe2400df800 JavaThread "C1 CompilerThread1" daemon [_thread_blocked, id=1140, stack(0x00007fe22f579000,0x00007fe22f779000)]
  0x00007fe2400dd800 JavaThread "JVMCI-native CompilerThread0" daemon [_thread_blocked, id=1139, stack(0x00007fe22f77a000,0x00007fe22f97a000)]
  0x00007fe2400da800 JavaThread "Signal Dispatcher" daemon [_thread_blocked, id=1138, stack(0x00007fe22f97a000,0x00007fe22fa7b000)]
  0x00007fe2400a7800 JavaThread "Finalizer" daemon [_thread_blocked, id=1136, stack(0x00007fe22fd61000,0x00007fe22fe62000)]
  0x00007fe2400a3000 JavaThread "Reference Handler" daemon [_thread_blocked, id=1135, stack(0x00007fe22fe62000,0x00007fe22ff63000)]
=>0x00007fe24000a800 JavaThread "main" [_thread_in_Java, id=1132, stack(0x00007fe2445de000,0x00007fe2446de000)]

Other Threads:
  0x00007fe24009b800 VMThread [stack: 0x00007fe22ff64000,0x00007fe230064000] [id=1134]
  0x00007fe2400f2800 WatcherThread [stack: 0x00007fe22f377000,0x00007fe22f477000] [id=1143]

VM state:synchronizing (normal execution)

VM Mutex/Monitor currently owned by a thread:  ([mutex/lock_event])
[0x00007fe240008ec0] Safepoint_lock - owner thread: 0x00007fe24009b800
[0x00007fe240008f40] Threads_lock - owner thread: 0x00007fe24009b800

heap address: 0x00000000fe000000, size: 32 MB, Compressed Oops mode: 32-bit
Narrow klass base: 0x0000000000000000, Narrow klass shift: 3
Compressed class space size: 1073741824 Address: 0x0000000100000000

Heap:
 def new generation   total 9792K, used 6200K [0x00000000fe000000, 0x00000000feaa0000, 0x00000000feaa0000)
  eden space 8704K,  71% used [0x00000000fe000000, 0x00000000fe60e2e8, 0x00000000fe880000)
  from space 1088K,   0% used [0x00000000fe880000, 0x00000000fe880000, 0x00000000fe990000)
  to   space 1088K,   0% used [0x00000000fe990000, 0x00000000fe990000, 0x00000000feaa0000)
 tenured generation   total 21888K, used 0K [0x00000000feaa0000, 0x0000000100000000, 0x0000000100000000)
   the space 21888K,   0% used [0x00000000feaa0000, 0x00000000feaa0000, 0x00000000feaa0200, 0x0000000100000000)
 Metaspace       used 6502K, capacity 6680K, committed 6784K, reserved 1056768K
  class space    used 748K, capacity 828K, committed 896K, reserved 1048576K

Card table byte_map: [0x00007fe244163000,0x00007fe244174000] byte_map_base: 0x00007fe243973000

Polling page: 0x00007fe244190000

CodeCache: size=245760Kb used=1867Kb max_used=1867Kb free=243892Kb
 bounds [0x00007fe230df5000, 0x00007fe231065000, 0x00007fe23fdf5000]
 total_blobs=682 nmethods=382 adapters=225
 compilation: enabled
              stopped_count=0, restarted_count=0

JVMCI Events (8 events):
Event: 15.540 Thread 0x00007fe24000a800 created new JVMCI runtime 0 (0x00007fe24007b900)
Event: 15.540 Thread 0x00007fe24000a800 created new JVMCI runtime -1 (0x00007fe240096570)
Event: 44.005 Thread 0x00007fe2400dd800 loaded JVMCI shared library from /nix/store/x26gyx3nb3kx580i4r9qg9q1iw45xbp9-graalvm8-ce/jre/lib/amd64/libjvmcicompiler.so
Event: 44.221 Thread 0x00007fe2400dd800 created JavaVM[1]@0x00007fe22cf92798 for JVMCI runtime 0
Event: 44.709 Thread 0x00007fe2400dd800 initializing JVMCI runtime 0
Event: 45.231 Thread 0x00007fe2400dd800 initialized JVMCI runtime 0
Event: 46.827 Thread 0x00007fe204001000 initializing JVMCI runtime -1
Event: 53.137 Thread 0x00007fe204001000 initialized JVMCI runtime -1

Compilation events (10 events):
Event: 297.918 Thread 0x00007fe2400df800 nmethod 380 0x00007fe230fc5410 code [0x00007fe230fc55a0, 0x00007fe230fc5d88]
Event: 297.918 Thread 0x00007fe2400df800  377       3       java.util.Arrays::copyOf (13 bytes)
Event: 297.919 Thread 0x00007fe2400df800 nmethod 377 0x00007fe230fc5e90 code [0x00007fe230fc6000, 0x00007fe230fc6188]
Event: 297.919 Thread 0x00007fe2400df800  384       3       java.lang.reflect.Array::newInstance (6 bytes)
Event: 297.919 Thread 0x00007fe2400df800 nmethod 384 0x00007fe230fc6250 code [0x00007fe230fc63c0, 0x00007fe230fc6528]
Event: 297.919 Thread 0x00007fe2400df800  378       3       java.util.Arrays::copyOfRange (95 bytes)
Event: 297.928 Thread 0x00007fe2400df800 nmethod 378 0x00007fe230fc6950 code [0x00007fe230fc6ba0, 0x00007fe230fc7958]
Event: 297.928 Thread 0x00007fe2400df800  390       3       java.lang.StringBuffer::<init> (7 bytes)
Event: 297.963 Thread 0x00007fe2400df800 nmethod 390 0x00007fe230fc7dd0 code [0x00007fe230fc7f40, 0x00007fe230fc81f0]
Event: 297.964 Thread 0x00007fe2400df800  391  s    3       java.lang.StringBuffer::append (15 bytes)

GC Heap History (0 events):
No events

Class unloading (0 events):
No events

Deoptimization events (0 events):
No events

Classes redefined (0 events):
No events

Internal exceptions (10 events):
Event: 44.682 Thread 0x00007fe2400dd800 Exception <a 'sun/nio/fs/UnixException'> (0x00000000fe091368) thrown at [/b/b/e/main/graal-jvmci-8/src/share/vm/prims/jni.cpp, line 715]
Event: 76.794 Thread 0x00007fe24000a800 Exception <a 'java/security/PrivilegedActionException'> (0x00000000fe3e01f0) thrown at [/b/b/e/main/graal-jvmci-8/src/share/vm/prims/jvm.cpp, line 1525]
Event: 76.794 Thread 0x00007fe24000a800 Exception <a 'java/security/PrivilegedActionException'> (0x00000000fe3e0400) thrown at [/b/b/e/main/graal-jvmci-8/src/share/vm/prims/jvm.cpp, line 1525]
Event: 76.795 Thread 0x00007fe24000a800 Exception <a 'java/security/PrivilegedActionException'> (0x00000000fe3e45a0) thrown at [/b/b/e/main/graal-jvmci-8/src/share/vm/prims/jvm.cpp, line 1525]
Event: 76.795 Thread 0x00007fe24000a800 Exception <a 'java/security/PrivilegedActionException'> (0x00000000fe3e47b0) thrown at [/b/b/e/main/graal-jvmci-8/src/share/vm/prims/jvm.cpp, line 1525]
Event: 291.429 Thread 0x00007fe24000a800 Exception <a 'java/lang/NoClassDefFoundError': org/slf4j/impl/StaticLoggerBinder> (0x00000000fe43f540) thrown at [/b/b/e/main/graal-jvmci-8/src/share/vm/classfile/systemDictionary.cpp, line 229]
Event: 291.445 Thread 0x00007fe24000a800 Exception <a 'java/lang/NoClassDefFoundError': org/apache/log4j/Priority> (0x00000000fe44c328) thrown at [/b/b/e/main/graal-jvmci-8/src/share/vm/classfile/systemDictionary.cpp, line 229]
Event: 296.978 Thread 0x00007fe24000a800 Exception <a 'java/lang/NoSuchFieldError': method resolution failed> (0x00000000fe573fc0) thrown at [/b/b/e/main/graal-jvmci-8/src/share/vm/prims/methodHandles.cpp, line 1176]
Event: 297.346 Thread 0x00007fe24000a800 Exception <a 'java/lang/NoSuchFieldError': method resolution failed> (0x00000000fe581790) thrown at [/b/b/e/main/graal-jvmci-8/src/share/vm/prims/methodHandles.cpp, line 1176]
Event: 298.070 Thread 0x00007fe24000a800 Implicit null exception at 0x00007fe230f8bfd5 to 0x0000000000000000

Events (10 events):
Event: 297.617 loading class java/lang/invoke/BoundMethodHandle$Factory$1
Event: 297.623 loading class java/lang/invoke/BoundMethodHandle$Factory$1 done
Event: 297.623 loading class java/util/concurrent/ConcurrentHashMap$ReservationNode
Event: 297.625 loading class java/util/concurrent/ConcurrentHashMap$ReservationNode done
Event: 297.625 loading class jdk/internal/org/objectweb/asm/FieldWriter
Event: 297.625 loading class jdk/internal/org/objectweb/asm/FieldVisitor
Event: 297.626 loading class jdk/internal/org/objectweb/asm/FieldVisitor done
Event: 297.626 loading class jdk/internal/org/objectweb/asm/FieldWriter done
Event: 297.717 loading class sun/reflect/UnsafeStaticObjectFieldAccessorImpl
Event: 297.720 loading class sun/reflect/UnsafeStaticObjectFieldAccessorImpl done


Dynamic libraries:
fe000000-1000e0000 rw-p 00000000 00:00 0 
1000e0000-140000000 ---p 00000000 00:00 0 
55a2abe00000-55a2abe01000 r-xp 00000000 00:1987 9223372037035935030      /nix/store/x26gyx3nb3kx580i4r9qg9q1iw45xbp9-graalvm8-ce/bin/.java-wrapped
55a2ac000000-55a2ac001000 r--p 00000000 00:1987 9223372037035935030      /nix/store/x26gyx3nb3kx580i4r9qg9q1iw45xbp9-graalvm8-ce/bin/.java-wrapped
55a2ac001000-55a2ac002000 rw-p 00001000 00:1987 9223372037035935030      /nix/store/x26gyx3nb3kx580i4r9qg9q1iw45xbp9-graalvm8-ce/bin/.java-wrapped
55a2ac002000-55a2ac003000 rw-p 00003000 00:1987 9223372037035935030      /nix/store/x26gyx3nb3kx580i4r9qg9q1iw45xbp9-graalvm8-ce/bin/.java-wrapped
55a2ac003000-55a2ac004000 rw-p 00004000 00:1987 9223372037035935030      /nix/store/x26gyx3nb3kx580i4r9qg9q1iw45xbp9-graalvm8-ce/bin/.java-wrapped
55a2ad667000-55a2ad688000 rw-p 00000000 00:00 0                          [heap]
7fe1fc000000-7fe1fc021000 rw-p 00000000 00:00 0 
7fe1fc021000-7fe200000000 ---p 00000000 00:00 0 
7fe204000000-7fe20432c000 rw-p 00000000 00:00 0 
7fe20432c000-7fe208000000 ---p 00000000 00:00 0 
7fe208000000-7fe208021000 rw-p 00000000 00:00 0 
7fe208021000-7fe20c000000 ---p 00000000 00:00 0 
7fe20c300000-7fe20c400000 rw-p 00000000 00:00 0 
7fe20c500000-7fe20c600000 rw-p 00000000 00:00 0 
7fe20c700000-7fe20c800000 rw-p 00000000 00:00 0 
7fe20c900000-7fe20ca00000 rw-p 00000000 00:00 0 
7fe20cb00000-7fe20cc00000 rw-p 00000000 00:00 0 
7fe20cd00000-7fe20ce00000 rw-p 00000000 00:00 0 
7fe20cf00000-7fe20d000000 rw-p 00000000 00:00 0 
7fe20d100000-7fe20d200000 rw-p 00000000 00:00 0 
7fe20d300000-7fe20d400000 rw-p 00000000 00:00 0 
7fe20d500000-7fe20d600000 rw-p 00000000 00:00 0 
7fe20d700000-7fe20d800000 rw-p 00000000 00:00 0 
7fe20d900000-7fe20da00000 rw-p 00000000 00:00 0 
7fe20db00000-7fe20dc00000 rw-p 00000000 00:00 0 
7fe20dd00000-7fe20de00000 rw-p 00000000 00:00 0 
7fe20df00000-7fe20e000000 rw-p 00000000 00:00 0 
7fe20e100000-7fe20e200000 rw-p 00000000 00:00 0 
7fe20e2ff000-7fe20e302000 ---p 00000000 00:00 0 
7fe20e302000-7fe20e500000 rw-p 00000000 00:00 0 
7fe20e600000-7fe20e700000 rw-p 00000000 00:00 0 
7fe20e800000-7fe20e900000 rw-p 00000000 00:00 0 
7fe20ea00000-7fe20eb00000 rw-p 00000000 00:00 0 
7fe20ec00000-7fe20ed00000 rw-p 00000000 00:00 0 
7fe20ee00000-7fe20ef00000 rw-p 00000000 00:00 0 
7fe20f000000-7fe20f100000 rw-p 00000000 00:00 0 
7fe20f200000-7fe20f300000 rw-p 00000000 00:00 0 
7fe20f400000-7fe20f500000 rw-p 00000000 00:00 0 
7fe20f5ff000-7fe20f600000 ---p 00000000 00:00 0 
7fe20f600000-7fe20f603000 ---p 00000000 00:00 0 
7fe20f603000-7fe20ff00000 rw-p 00000000 00:00 0 
7fe210000000-7fe2102cc000 rw-p 00000000 00:00 0 
7fe2102cc000-7fe214000000 ---p 00000000 00:00 0 
7fe214000000-7fe214021000 rw-p 00000000 00:00 0 
7fe214021000-7fe218000000 ---p 00000000 00:00 0 
7fe218000000-7fe218021000 rw-p 00000000 00:00 0 
7fe218021000-7fe21c000000 ---p 00000000 00:00 0 
7fe21c000000-7fe21c049000 rw-p 00000000 00:00 0 
7fe21c049000-7fe220000000 ---p 00000000 00:00 0 
7fe220000000-7fe220021000 rw-p 00000000 00:00 0 
7fe220021000-7fe224000000 ---p 00000000 00:00 0 
7fe224000000-7fe224021000 rw-p 00000000 00:00 0 
7fe224021000-7fe228000000 ---p 00000000 00:00 0 
7fe228000000-7fe228021000 rw-p 00000000 00:00 0 
7fe228021000-7fe22c000000 ---p 00000000 00:00 0 
7fe22c0e4000-7fe22c0fc000 r-xp 00000000 00:1987 9223372037036855101      /nix/store/x26gyx3nb3kx580i4r9qg9q1iw45xbp9-graalvm8-ce/jre/lib/amd64/libnet.so
7fe22c0fc000-7fe22c2fc000 ---p 00018000 00:1987 9223372037036855101      /nix/store/x26gyx3nb3kx580i4r9qg9q1iw45xbp9-graalvm8-ce/jre/lib/amd64/libnet.so
7fe22c2fc000-7fe22c2fd000 r--p 00018000 00:1987 9223372037036855101      /nix/store/x26gyx3nb3kx580i4r9qg9q1iw45xbp9-graalvm8-ce/jre/lib/amd64/libnet.so
7fe22c2fd000-7fe22c2fe000 rw-p 00019000 00:1987 9223372037036855101      /nix/store/x26gyx3nb3kx580i4r9qg9q1iw45xbp9-graalvm8-ce/jre/lib/amd64/libnet.so
7fe22c2fe000-7fe22c300000 rw-p 00020000 00:1987 9223372037036855101      /nix/store/x26gyx3nb3kx580i4r9qg9q1iw45xbp9-graalvm8-ce/jre/lib/amd64/libnet.so
7fe22c300000-7fe22c400000 rw-p 00000000 00:00 0 
7fe22c4ea000-7fe22c4fb000 r-xp 00000000 00:1987 9223372037036855102      /nix/store/x26gyx3nb3kx580i4r9qg9q1iw45xbp9-graalvm8-ce/jre/lib/amd64/libnio.so
7fe22c4fb000-7fe22c6fa000 ---p 00011000 00:1987 9223372037036855102      /nix/store/x26gyx3nb3kx580i4r9qg9q1iw45xbp9-graalvm8-ce/jre/lib/amd64/libnio.so
7fe22c6fa000-7fe22c6fb000 r--p 00010000 00:1987 9223372037036855102      /nix/store/x26gyx3nb3kx580i4r9qg9q1iw45xbp9-graalvm8-ce/jre/lib/amd64/libnio.so
7fe22c6fb000-7fe22c6fc000 rw-p 00011000 00:1987 9223372037036855102      /nix/store/x26gyx3nb3kx580i4r9qg9q1iw45xbp9-graalvm8-ce/jre/lib/amd64/libnio.so
7fe22c6fc000-7fe22c700000 rw-p 00018000 00:1987 9223372037036855102      /nix/store/x26gyx3nb3kx580i4r9qg9q1iw45xbp9-graalvm8-ce/jre/lib/amd64/libnio.so
7fe22c700000-7fe22cbaa000 r--p 00e97000 00:1987 9223372037036852803      /nix/store/x26gyx3nb3kx580i4r9qg9q1iw45xbp9-graalvm8-ce/jre/lib/amd64/libjvmcicompiler.so
7fe22cbaa000-7fe22cc00000 r--p 00000000 00:00 0 
7fe22cc00000-7fe22ccd7000 rw-p 00000000 00:00 0 
7fe22ccd7000-7fe22d000000 rw-p 0146e000 00:1987 9223372037036852803      /nix/store/x26gyx3nb3kx580i4r9qg9q1iw45xbp9-graalvm8-ce/jre/lib/amd64/libjvmcicompiler.so
7fe22d000000-7fe22d442000 r--p 01797000 00:1987 9223372037036852803      /nix/store/x26gyx3nb3kx580i4r9qg9q1iw45xbp9-graalvm8-ce/jre/lib/amd64/libjvmcicompiler.so
7fe22d483000-7fe22d4fd000 r--s 011a7000 00:1987 9223372037036969543      /nix/store/x26gyx3nb3kx580i4r9qg9q1iw45xbp9-graalvm8-ce/jre/lib/jvmci/graal.jar
7fe22d4fd000-7fe22f0d8000 r-xp 00000000 00:1987 9223372037036852803      /nix/store/x26gyx3nb3kx580i4r9qg9q1iw45xbp9-graalvm8-ce/jre/lib/amd64/libjvmcicompiler.so
7fe22f0d8000-7fe22f2d7000 ---p 01bdb000 00:1987 9223372037036852803      /nix/store/x26gyx3nb3kx580i4r9qg9q1iw45xbp9-graalvm8-ce/jre/lib/amd64/libjvmcicompiler.so
7fe22f2d7000-7fe22f2d8000 r--p 01bda000 00:1987 9223372037036852803      /nix/store/x26gyx3nb3kx580i4r9qg9q1iw45xbp9-graalvm8-ce/jre/lib/amd64/libjvmcicompiler.so
7fe22f2d8000-7fe22f2da000 rw-p 01bdb000 00:1987 9223372037036852803      /nix/store/x26gyx3nb3kx580i4r9qg9q1iw45xbp9-graalvm8-ce/jre/lib/amd64/libjvmcicompiler.so
7fe22f2da000-7fe22f2df000 rw-p 01e01000 00:1987 9223372037036852803      /nix/store/x26gyx3nb3kx580i4r9qg9q1iw45xbp9-graalvm8-ce/jre/lib/amd64/libjvmcicompiler.so
7fe22f2df000-7fe22f376000 r--s 00b67000 00:1007 487                      /home/runner/Server/java/bungee_command/bungee-dist.jar
7fe22f376000-7fe22f377000 ---p 00000000 00:00 0 
7fe22f377000-7fe22f477000 rw-p 00000000 00:00 0 
7fe22f477000-7fe22f47a000 ---p 00000000 00:00 0 
7fe22f47a000-7fe22f578000 rw-p 00000000 00:00 0 
7fe22f578000-7fe22f579000 ---p 00000000 00:00 0 
7fe22f579000-7fe22f57c000 ---p 00000000 00:00 0 
7fe22f57c000-7fe22f779000 rw-p 00000000 00:00 0 
7fe22f779000-7fe22f77a000 ---p 00000000 00:00 0 
7fe22f77a000-7fe22f77d000 ---p 00000000 00:00 0 
7fe22f77d000-7fe22f97a000 rw-p 00000000 00:00 0 
7fe22f97a000-7fe22f97d000 ---p 00000000 00:00 0 
7fe22f97d000-7fe22fa7b000 rw-p 00000000 00:00 0 
7fe22fa7b000-7fe22fd61000 r--p 00000000 00:1975 28444448                 /usr/lib/locale/locale-archive
7fe22fd61000-7fe22fd64000 ---p 00000000 00:00 0 
7fe22fd64000-7fe22fe62000 rw-p 00000000 00:00 0 
7fe22fe62000-7fe22fe65000 ---p 00000000 00:00 0 
7fe22fe65000-7fe22ff63000 rw-p 00000000 00:00 0 
7fe22ff63000-7fe22ff64000 ---p 00000000 00:00 0 
7fe22ff64000-7fe230064000 rw-p 00000000 00:00 0 
7fe230064000-7fe230235000 r--s 03ca5000 00:1987 9223372037036855158      /nix/store/x26gyx3nb3kx580i4r9qg9q1iw45xbp9-graalvm8-ce/jre/lib/rt.jar
7fe230235000-7fe2307f5000 rw-p 00000000 00:00 0 
7fe2307f5000-7fe230a35000 ---p 00000000 00:00 0 
7fe230a35000-7fe230a3f000 rw-p 00000000 00:00 0 
7fe230a3f000-7fe230df5000 ---p 00000000 00:00 0 
7fe230df5000-7fe231065000 rwxp 00000000 00:00 0 
7fe231065000-7fe23fdf5000 ---p 00000000 00:00 0 
7fe23fdf5000-7fe23fdfd000 r-xp 00000000 00:1987 9223372037036855111      /nix/store/x26gyx3nb3kx580i4r9qg9q1iw45xbp9-graalvm8-ce/jre/lib/amd64/libzip.so
7fe23fdfd000-7fe23fffc000 ---p 00008000 00:1987 9223372037036855111      /nix/store/x26gyx3nb3kx580i4r9qg9q1iw45xbp9-graalvm8-ce/jre/lib/amd64/libzip.so
7fe23fffc000-7fe23fffd000 r--p 00007000 00:1987 9223372037036855111      /nix/store/x26gyx3nb3kx580i4r9qg9q1iw45xbp9-graalvm8-ce/jre/lib/amd64/libzip.so
7fe23fffd000-7fe23fffe000 rw-p 00008000 00:1987 9223372037036855111      /nix/store/x26gyx3nb3kx580i4r9qg9q1iw45xbp9-graalvm8-ce/jre/lib/amd64/libzip.so
7fe23fffe000-7fe240000000 rw-p 0000b000 00:1987 9223372037036855111      /nix/store/x26gyx3nb3kx580i4r9qg9q1iw45xbp9-graalvm8-ce/jre/lib/amd64/libzip.so
7fe240000000-7fe24052f000 rw-p 00000000 00:00 0 
7fe24052f000-7fe244000000 ---p 00000000 00:00 0 
7fe244009000-7fe24401a000 r--s 001c4000 00:1987 9223372037036855130      /nix/store/x26gyx3nb3kx580i4r9qg9q1iw45xbp9-graalvm8-ce/jre/lib/jsse.jar
7fe24401a000-7fe24401b000 r--s 00000000 00:1987 9223372037036969542      /nix/store/x26gyx3nb3kx580i4r9qg9q1iw45xbp9-graalvm8-ce/jre/lib/jvmci/graal-truffle-jfr-impl.jar
7fe24401b000-7fe24401f000 r--s 00089000 00:1987 9223372037036972281      /nix/store/x26gyx3nb3kx580i4r9qg9q1iw45xbp9-graalvm8-ce/jre/lib/jvmci/jvmci-hotspot.jar
7fe24401f000-7fe244023000 r--s 0004f000 00:1987 9223372037036972278      /nix/store/x26gyx3nb3kx580i4r9qg9q1iw45xbp9-graalvm8-ce/jre/lib/jvmci/jvmci-api.jar
7fe244023000-7fe244024000 r--s 00010000 00:1987 9223372037036968389      /nix/store/x26gyx3nb3kx580i4r9qg9q1iw45xbp9-graalvm8-ce/jre/lib/boot/graaljs-scriptengine.jar
7fe244024000-7fe244029000 r--s 0005c000 00:1987 9223372037036968388      /nix/store/x26gyx3nb3kx580i4r9qg9q1iw45xbp9-graalvm8-ce/jre/lib/boot/graal-sdk.src.zip
7fe244029000-7fe24402a000 r--s 00004000 00:1987 9223372037036968390      /nix/store/x26gyx3nb3kx580i4r9qg9q1iw45xbp9-graalvm8-ce/jre/lib/boot/truffleruby-services.jar
7fe24402a000-7fe244032000 r--s 0008b000 00:1987 9223372037036968387      /nix/store/x26gyx3nb3kx580i4r9qg9q1iw45xbp9-graalvm8-ce/jre/lib/boot/graal-sdk.jar
7fe244032000-7fe244033000 r--s 00005000 00:1987 9223372037036855136      /nix/store/x26gyx3nb3kx580i4r9qg9q1iw45xbp9-graalvm8-ce/jre/lib/jvmci-services.jar
7fe244033000-7fe244039000 r--s 000d3000 00:1987 9223372037036855129      /nix/store/x26gyx3nb3kx580i4r9qg9q1iw45xbp9-graalvm8-ce/jre/lib/jfr.jar
7fe244039000-7fe244173000 rw-p 00000000 00:00 0 
7fe244173000-7fe244174000 rw-p 00000000 00:00 0 
7fe244174000-7fe24417c000 rw-s 00000000 00:fe3 435                       /tmp/hsperfdata_runner/1126
7fe24417c000-7fe24417f000 r--p 00000000 00:1987 9223372037120725735      /nix/store/9bh3986bpragfjmr32gay8p95k91q4gy-glibc-2.33-47/lib/libnss_files-2.33.so
7fe24417f000-7fe244185000 r-xp 00003000 00:1987 9223372037120725735      /nix/store/9bh3986bpragfjmr32gay8p95k91q4gy-glibc-2.33-47/lib/libnss_files-2.33.so
7fe244185000-7fe244187000 r--p 00009000 00:1987 9223372037120725735      /nix/store/9bh3986bpragfjmr32gay8p95k91q4gy-glibc-2.33-47/lib/libnss_files-2.33.so
7fe244187000-7fe244188000 r--p 0000a000 00:1987 9223372037120725735      /nix/store/9bh3986bpragfjmr32gay8p95k91q4gy-glibc-2.33-47/lib/libnss_files-2.33.so
7fe244188000-7fe244189000 rw-p 0000b000 00:1987 9223372037120725735      /nix/store/9bh3986bpragfjmr32gay8p95k91q4gy-glibc-2.33-47/lib/libnss_files-2.33.so
7fe244189000-7fe244190000 rw-p 00000000 00:00 0 
7fe244190000-7fe244191000 ---p 00000000 00:00 0 
7fe244191000-7fe2441b9000 r-xp 00000000 00:1987 9223372037036852791      /nix/store/x26gyx3nb3kx580i4r9qg9q1iw45xbp9-graalvm8-ce/jre/lib/amd64/libjava.so
7fe2441b9000-7fe2443b8000 ---p 00028000 00:1987 9223372037036852791      /nix/store/x26gyx3nb3kx580i4r9qg9q1iw45xbp9-graalvm8-ce/jre/lib/amd64/libjava.so
7fe2443b8000-7fe2443b9000 r--p 00027000 00:1987 9223372037036852791      /nix/store/x26gyx3nb3kx580i4r9qg9q1iw45xbp9-graalvm8-ce/jre/lib/amd64/libjava.so
7fe2443b9000-7fe2443bb000 rw-p 00028000 00:1987 9223372037036852791      /nix/store/x26gyx3nb3kx580i4r9qg9q1iw45xbp9-graalvm8-ce/jre/lib/amd64/libjava.so
7fe2443bb000-7fe2443c0000 rw-p 00034000 00:1987 9223372037036852791      /nix/store/x26gyx3nb3kx580i4r9qg9q1iw45xbp9-graalvm8-ce/jre/lib/amd64/libjava.so
7fe2443c0000-7fe2443cf000 r-xp 00000000 00:1987 9223372037036855110      /nix/store/x26gyx3nb3kx580i4r9qg9q1iw45xbp9-graalvm8-ce/jre/lib/amd64/libverify.so
7fe2443cf000-7fe2445ce000 ---p 0000f000 00:1987 9223372037036855110      /nix/store/x26gyx3nb3kx580i4r9qg9q1iw45xbp9-graalvm8-ce/jre/lib/amd64/libverify.so
7fe2445ce000-7fe2445d0000 r--p 0000e000 00:1987 9223372037036855110      /nix/store/x26gyx3nb3kx580i4r9qg9q1iw45xbp9-graalvm8-ce/jre/lib/amd64/libverify.so
7fe2445d0000-7fe2445d1000 rw-p 00010000 00:1987 9223372037036855110      /nix/store/x26gyx3nb3kx580i4r9qg9q1iw45xbp9-graalvm8-ce/jre/lib/amd64/libverify.so
7fe2445d1000-7fe2445d2000 rw-p 00013000 00:1987 9223372037036855110      /nix/store/x26gyx3nb3kx580i4r9qg9q1iw45xbp9-graalvm8-ce/jre/lib/amd64/libverify.so
7fe2445d2000-7fe2445d5000 r--p 00000000 00:1987 9223372037120725748      /nix/store/9bh3986bpragfjmr32gay8p95k91q4gy-glibc-2.33-47/lib/librt-2.33.so
7fe2445d5000-7fe2445d9000 r-xp 00003000 00:1987 9223372037120725748      /nix/store/9bh3986bpragfjmr32gay8p95k91q4gy-glibc-2.33-47/lib/librt-2.33.so
7fe2445d9000-7fe2445db000 r--p 00007000 00:1987 9223372037120725748      /nix/store/9bh3986bpragfjmr32gay8p95k91q4gy-glibc-2.33-47/lib/librt-2.33.so
7fe2445db000-7fe2445dc000 r--p 00008000 00:1987 9223372037120725748      /nix/store/9bh3986bpragfjmr32gay8p95k91q4gy-glibc-2.33-47/lib/librt-2.33.so
7fe2445dc000-7fe2445dd000 rw-p 00009000 00:1987 9223372037120725748      /nix/store/9bh3986bpragfjmr32gay8p95k91q4gy-glibc-2.33-47/lib/librt-2.33.so
7fe2445dd000-7fe2445de000 ---p 00000000 00:00 0 
7fe2445de000-7fe2445e1000 ---p 00000000 00:00 0 
7fe2445e1000-7fe2446de000 rw-p 00000000 00:00 0 
7fe2446de000-7fe2446ed000 r--p 00000000 00:1987 9223372037120725717      /nix/store/9bh3986bpragfjmr32gay8p95k91q4gy-glibc-2.33-47/lib/libm-2.33.so
7fe2446ed000-7fe244784000 r-xp 0000f000 00:1987 9223372037120725717      /nix/store/9bh3986bpragfjmr32gay8p95k91q4gy-glibc-2.33-47/lib/libm-2.33.so
7fe244784000-7fe24481d000 r--p 000a6000 00:1987 9223372037120725717      /nix/store/9bh3986bpragfjmr32gay8p95k91q4gy-glibc-2.33-47/lib/libm-2.33.so
7fe24481d000-7fe24481e000 r--p 0013e000 00:1987 9223372037120725717      /nix/store/9bh3986bpragfjmr32gay8p95k91q4gy-glibc-2.33-47/lib/libm-2.33.so
7fe24481e000-7fe24481f000 rw-p 0013f000 00:1987 9223372037120725717      /nix/store/9bh3986bpragfjmr32gay8p95k91q4gy-glibc-2.33-47/lib/libm-2.33.so
7fe24481f000-7fe245656000 r-xp 00000000 00:1987 9223372037036967859      /nix/store/x26gyx3nb3kx580i4r9qg9q1iw45xbp9-graalvm8-ce/jre/lib/amd64/server/libjvm.so
7fe245656000-7fe245856000 ---p 00e37000 00:1987 9223372037036967859      /nix/store/x26gyx3nb3kx580i4r9qg9q1iw45xbp9-graalvm8-ce/jre/lib/amd64/server/libjvm.so
7fe245856000-7fe245921000 rw-p 00e37000 00:1987 9223372037036967859      /nix/store/x26gyx3nb3kx580i4r9qg9q1iw45xbp9-graalvm8-ce/jre/lib/amd64/server/libjvm.so
7fe245921000-7fe245959000 rw-p 00000000 00:00 0 
7fe245959000-7fe24597f000 r--p 00000000 00:1987 9223372037120725705      /nix/store/9bh3986bpragfjmr32gay8p95k91q4gy-glibc-2.33-47/lib/libc-2.33.so
7fe24597f000-7fe245ac2000 r-xp 00026000 00:1987 9223372037120725705      /nix/store/9bh3986bpragfjmr32gay8p95k91q4gy-glibc-2.33-47/lib/libc-2.33.so
7fe245ac2000-7fe245b0f000 r--p 00169000 00:1987 9223372037120725705      /nix/store/9bh3986bpragfjmr32gay8p95k91q4gy-glibc-2.33-47/lib/libc-2.33.so
7fe245b0f000-7fe245b12000 r--p 001b5000 00:1987 9223372037120725705      /nix/store/9bh3986bpragfjmr32gay8p95k91q4gy-glibc-2.33-47/lib/libc-2.33.so
7fe245b12000-7fe245b15000 rw-p 001b8000 00:1987 9223372037120725705      /nix/store/9bh3986bpragfjmr32gay8p95k91q4gy-glibc-2.33-47/lib/libc-2.33.so
7fe245b15000-7fe245b20000 rw-p 00000000 00:00 0 
7fe245b20000-7fe245b21000 r--p 00000000 00:1987 9223372037120725712      /nix/store/9bh3986bpragfjmr32gay8p95k91q4gy-glibc-2.33-47/lib/libdl-2.33.so
7fe245b21000-7fe245b22000 r-xp 00001000 00:1987 9223372037120725712      /nix/store/9bh3986bpragfjmr32gay8p95k91q4gy-glibc-2.33-47/lib/libdl-2.33.so
7fe245b22000-7fe245b23000 r--p 00002000 00:1987 9223372037120725712      /nix/store/9bh3986bpragfjmr32gay8p95k91q4gy-glibc-2.33-47/lib/libdl-2.33.so
7fe245b23000-7fe245b24000 r--p 00002000 00:1987 9223372037120725712      /nix/store/9bh3986bpragfjmr32gay8p95k91q4gy-glibc-2.33-47/lib/libdl-2.33.so
7fe245b24000-7fe245b25000 rw-p 00003000 00:1987 9223372037120725712      /nix/store/9bh3986bpragfjmr32gay8p95k91q4gy-glibc-2.33-47/lib/libdl-2.33.so
7fe245b25000-7fe245b32000 r-xp 00000000 00:1987 9223372037036852776      /nix/store/x26gyx3nb3kx580i4r9qg9q1iw45xbp9-graalvm8-ce/jre/lib/amd64/jli/libjli.so
7fe245b32000-7fe245d32000 ---p 0000d000 00:1987 9223372037036852776      /nix/store/x26gyx3nb3kx580i4r9qg9q1iw45xbp9-graalvm8-ce/jre/lib/amd64/jli/libjli.so
7fe245d32000-7fe245d33000 r--p 0000d000 00:1987 9223372037036852776      /nix/store/x26gyx3nb3kx580i4r9qg9q1iw45xbp9-graalvm8-ce/jre/lib/amd64/jli/libjli.so
7fe245d33000-7fe245d34000 rw-p 0000e000 00:1987 9223372037036852776      /nix/store/x26gyx3nb3kx580i4r9qg9q1iw45xbp9-graalvm8-ce/jre/lib/amd64/jli/libjli.so
7fe245d34000-7fe245d35000 rw-p 00012000 00:1987 9223372037036852776      /nix/store/x26gyx3nb3kx580i4r9qg9q1iw45xbp9-graalvm8-ce/jre/lib/amd64/jli/libjli.so
7fe245d35000-7fe245d38000 r--p 00000000 00:1987 9223372037121377054      /nix/store/dc3r2nbhckwn41hq5vaxxbj7z0lqdwb1-zlib-1.2.11/lib/libz.so.1.2.11
7fe245d38000-7fe245d49000 r-xp 00003000 00:1987 9223372037121377054      /nix/store/dc3r2nbhckwn41hq5vaxxbj7z0lqdwb1-zlib-1.2.11/lib/libz.so.1.2.11
7fe245d49000-7fe245d4f000 r--p 00014000 00:1987 9223372037121377054      /nix/store/dc3r2nbhckwn41hq5vaxxbj7z0lqdwb1-zlib-1.2.11/lib/libz.so.1.2.11
7fe245d4f000-7fe245d50000 ---p 0001a000 00:1987 9223372037121377054      /nix/store/dc3r2nbhckwn41hq5vaxxbj7z0lqdwb1-zlib-1.2.11/lib/libz.so.1.2.11
7fe245d50000-7fe245d51000 r--p 0001a000 00:1987 9223372037121377054      /nix/store/dc3r2nbhckwn41hq5vaxxbj7z0lqdwb1-zlib-1.2.11/lib/libz.so.1.2.11
7fe245d51000-7fe245d52000 rw-p 0001b000 00:1987 9223372037121377054      /nix/store/dc3r2nbhckwn41hq5vaxxbj7z0lqdwb1-zlib-1.2.11/lib/libz.so.1.2.11
7fe245d52000-7fe245d59000 r--p 00000000 00:1987 9223372037120725742      /nix/store/9bh3986bpragfjmr32gay8p95k91q4gy-glibc-2.33-47/lib/libpthread-2.33.so
7fe245d59000-7fe245d67000 r-xp 00007000 00:1987 9223372037120725742      /nix/store/9bh3986bpragfjmr32gay8p95k91q4gy-glibc-2.33-47/lib/libpthread-2.33.so
7fe245d67000-7fe245d6c000 r--p 00015000 00:1987 9223372037120725742      /nix/store/9bh3986bpragfjmr32gay8p95k91q4gy-glibc-2.33-47/lib/libpthread-2.33.so
7fe245d6c000-7fe245d6d000 r--p 00019000 00:1987 9223372037120725742      /nix/store/9bh3986bpragfjmr32gay8p95k91q4gy-glibc-2.33-47/lib/libpthread-2.33.so
7fe245d6d000-7fe245d6e000 rw-p 0001a000 00:1987 9223372037120725742      /nix/store/9bh3986bpragfjmr32gay8p95k91q4gy-glibc-2.33-47/lib/libpthread-2.33.so
7fe245d6e000-7fe245d74000 rw-p 00000000 00:00 0 
7fe245d74000-7fe245d75000 r--p 00000000 00:1987 9223372037120725696      /nix/store/9bh3986bpragfjmr32gay8p95k91q4gy-glibc-2.33-47/lib/ld-2.33.so
7fe245d75000-7fe245d99000 r-xp 00001000 00:1987 9223372037120725696      /nix/store/9bh3986bpragfjmr32gay8p95k91q4gy-glibc-2.33-47/lib/ld-2.33.so
7fe245d99000-7fe245da3000 r--p 00025000 00:1987 9223372037120725696      /nix/store/9bh3986bpragfjmr32gay8p95k91q4gy-glibc-2.33-47/lib/ld-2.33.so
7fe245da3000-7fe245da5000 r--p 0002e000 00:1987 9223372037120725696      /nix/store/9bh3986bpragfjmr32gay8p95k91q4gy-glibc-2.33-47/lib/ld-2.33.so
7fe245da5000-7fe245da7000 rw-p 00030000 00:1987 9223372037120725696      /nix/store/9bh3986bpragfjmr32gay8p95k91q4gy-glibc-2.33-47/lib/ld-2.33.so
7fffc5e29000-7fffc5e4d000 rw-p 00000000 00:00 0                          [stack]
7fffc5f20000-7fffc5f24000 r--p 00000000 00:00 0                          [vvar]
7fffc5f24000-7fffc5f26000 r-xp 00000000 00:00 0                          [vdso]
ffffffffff600000-ffffffffff601000 --xp 00000000 00:00 0                  [vsyscall]

VM Arguments:
jvm_args: -Xmx32M -Xms32M 
java_command: bungee-dist.jar
java_class_path (initial): bungee-dist.jar
Launcher Type: SUN_STANDARD

Environment Variables:
JAVA_HOME=/nix/store/x26gyx3nb3kx580i4r9qg9q1iw45xbp9-graalvm8-ce
LD_LIBRARY_PATH=/nix/store/kbz3s60sndry87c2csg4svbbld3224q8-cups-2.3.3-lib/lib:/nix/store/0bdcnb6wnd9dg4wj4aqjwkizzz7lldps-cairo-1.16.0/lib:/nix/store/3jz43ya7j65mh53nj262rilsk1j2jb68-glib-2.68.3/lib:/nix/store/qvmdkg2f09pvlsdr4bqasyiy5g0mbvrd-gtk+3-3.24.30/lib:/nix/store/hisqvx32cd57apbpcsnkpx6k3549wql1-libglvnd-1.4.0/lib:/nix/store/p36pgcv991mq5srvg765b78yqpxvk3qs-mesa-21.3.3-drivers/lib:/nix/store/mav4251if1ahjq5vkpwycyyvnmy459c4-pulseaudio-14.2/lib
SHELL=/bin/bash
DISPLAY=:0

Signal Handlers:
SIGSEGV: [libjvm.so+0xbe9860], sa_mask[0]=11111111011111111101111111111110, sa_flags=SA_RESTART|SA_SIGINFO
SIGBUS: [libjvm.so+0xbe9860], sa_mask[0]=11111111011111111101111111111110, sa_flags=SA_RESTART|SA_SIGINFO
SIGFPE: [libjvm.so+0xa11d10], sa_mask[0]=11111111011111111101111111111110, sa_flags=SA_RESTART|SA_SIGINFO
SIGPIPE: [libjvm.so+0xa11d10], sa_mask[0]=11111111011111111101111111111110, sa_flags=SA_RESTART|SA_SIGINFO
SIGXFSZ: [libjvm.so+0xa11d10], sa_mask[0]=11111111011111111101111111111110, sa_flags=SA_RESTART|SA_SIGINFO
SIGILL: [libjvm.so+0xa11d10], sa_mask[0]=11111111011111111101111111111110, sa_flags=SA_RESTART|SA_SIGINFO
SIGUSR1: SIG_DFL, sa_mask[0]=00000000000000000000000000000000, sa_flags=none
SIGUSR2: [libjvm.so+0xa11be0], sa_mask[0]=00000000000000000000000000000000, sa_flags=SA_RESTART|SA_SIGINFO
SIGHUP: [libjvm.so+0xa12200], sa_mask[0]=11111111011111111101111111111110, sa_flags=SA_RESTART|SA_SIGINFO
SIGINT: [libjvm.so+0xa12200], sa_mask[0]=11111111011111111101111111111110, sa_flags=SA_RESTART|SA_SIGINFO
SIGTERM: [libjvm.so+0xa12200], sa_mask[0]=11111111011111111101111111111110, sa_flags=SA_RESTART|SA_SIGINFO
SIGQUIT: [libjvm.so+0xa12200], sa_mask[0]=11111111011111111101111111111110, sa_flags=SA_RESTART|SA_SIGINFO


---------------  S Y S T E M  ---------------

OS:DISTRIB_ID=Ubuntu
DISTRIB_RELEASE=20.04
DISTRIB_CODENAME=focal
DISTRIB_DESCRIPTION="Ubuntu 20.04.2 LTS"

uname:Linux 5.15.0-1025-gcp #32~20.04.2-Ubuntu SMP Tue Nov 29 08:31:04 UTC 2022 x86_64
libc:glibc 2.33 NPTL 2.33 
rlimit: STACK 8192k, CORE infinity, NPROC infinity, NOFILE 5242, AS infinity
load average:996.30 984.80 976.66

/proc/meminfo:
MemTotal:       32872712 kB
MemFree:          454844 kB
MemAvailable:    4701316 kB
Buffers:           11224 kB
Cached:          5988760 kB
SwapCached:            0 kB
Active:          2038772 kB
Inactive:       25529428 kB
Active(anon):     671836 kB
Inactive(anon): 23439764 kB
Active(file):    1366936 kB
Inactive(file):  2089664 kB
Unevictable:       42796 kB
Mlocked:           42796 kB
SwapTotal:             0 kB
SwapFree:              0 kB
Dirty:              5804 kB
Writeback:            12 kB
AnonPages:      21611708 kB
Mapped:          3774076 kB
Shmem:           2633452 kB
KReclaimable:    1360156 kB
Slab:            3318980 kB
SReclaimable:    1360156 kB
SUnreclaim:      1958824 kB
KernelStack:      588072 kB
PageTables:       471676 kB
NFS_Unstable:          0 kB
Bounce:                0 kB
WritebackTmp:          0 kB
CommitLimit:    16436356 kB
Committed_AS:   134821776 kB
VmallocTotal:   34359738367 kB
VmallocUsed:      639088 kB
VmallocChunk:          0 kB
Percpu:            40240 kB
HardwareCorrupted:     0 kB
AnonHugePages:      2048 kB
ShmemHugePages:        0 kB
ShmemPmdMapped:        0 kB
FileHugePages:         0 kB
FilePmdMapped:         0 kB
HugePages_Total:       0
HugePages_Free:        0
HugePages_Rsvd:        0
HugePages_Surp:        0
Hugepagesize:       2048 kB
Hugetlb:               0 kB
DirectMap4k:     4420416 kB
DirectMap2M:    29130752 kB
DirectMap1G:     2097152 kB

container (cgroup) information:
container_type: cgroupv1
cpu_cpuset_cpus: 1-3
cpu_memory_nodes: 0
active_processor_count: 1
cpu_quota: 30000
cpu_period: 100000
cpu_shares: 307
memory_limit_in_bytes: 1073741824
memory_and_swap_limit_in_bytes: 1073741824
memory_soft_limit_in_bytes: 536870912
memory_usage_in_bytes: 132804608
memory_max_usage_in_bytes: 831770624


CPU:total 4 (initial active 1) (4 cores per cpu, 1 threads per core) family 23 model 49 stepping 0, cmov, cx8, fxsr, mmx, sse, sse2, sse3, ssse3, sse4.1, sse4.2, popcnt, avx, avx2, aes, clmul, mmxext, 3dnowpref, lzcnt, sse4a, tsc, tscinvbit, tscinv, bmi1

/proc/cpuinfo:
processor	: 0
vendor_id	: AuthenticAMD
cpu family	: 23
model		: 49
model name	: AMD EPYC 7B12
stepping	: 0
microcode	: 0x1000065
cpu MHz		: 2249.998
cache size	: 512 KB
physical id	: 0
siblings	: 4
core id		: 0
cpu cores	: 2
apicid		: 0
initial apicid	: 0
fpu		: yes
fpu_exception	: yes
cpuid level	: 13
wp		: yes
flags		: fpu vme de pse tsc msr pae mce cx8 apic sep mtrr pge mca cmov pat pse36 clflush mmx fxsr sse sse2 ht syscall nx mmxext fxsr_opt pdpe1gb rdtscp lm constant_tsc rep_good nopl nonstop_tsc cpuid extd_apicid tsc_known_freq pni pclmulqdq ssse3 fma cx16 sse4_1 sse4_2 movbe popcnt aes xsave avx f16c rdrand hypervisor lahf_lm cmp_legacy cr8_legacy abm sse4a misalignsse 3dnowprefetch osvw topoext ssbd ibrs ibpb stibp vmmcall fsgsbase tsc_adjust bmi1 avx2 smep bmi2 rdseed adx smap clflushopt clwb sha_ni xsaveopt xsavec xgetbv1 clzero xsaveerptr arat npt nrip_save umip rdpid
bugs		: sysret_ss_attrs null_seg spectre_v1 spectre_v2 spec_store_bypass retbleed
bogomips	: 4499.99
TLB size	: 3072 4K pages
clflush size	: 64
cache_alignment	: 64
address sizes	: 48 bits physical, 48 bits virtual
power management:

processor	: 1
vendor_id	: AuthenticAMD
cpu family	: 23
model		: 49
model name	: AMD EPYC 7B12
stepping	: 0
microcode	: 0x1000065
cpu MHz		: 2249.998
cache size	: 512 KB
physical id	: 0
siblings	: 4
core id		: 1
cpu cores	: 2
apicid		: 2
initial apicid	: 2
fpu		: yes
fpu_exception	: yes
cpuid level	: 13
wp		: yes
flags		: fpu vme de pse tsc msr pae mce cx8 apic sep mtrr pge mca cmov pat pse36 clflush mmx fxsr sse sse2 ht syscall nx mmxext fxsr_opt pdpe1gb rdtscp lm constant_tsc rep_good nopl nonstop_tsc cpuid extd_apicid tsc_known_freq pni pclmulqdq ssse3 fma cx16 sse4_1 sse4_2 movbe popcnt aes xsave avx f16c rdrand hypervisor lahf_lm cmp_legacy cr8_legacy abm sse4a misalignsse 3dnowprefetch osvw topoext ssbd ibrs ibpb stibp vmmcall fsgsbase tsc_adjust bmi1 avx2 smep bmi2 rdseed adx smap clflushopt clwb sha_ni xsaveopt xsavec xgetbv1 clzero xsaveerptr arat npt nrip_save umip rdpid
bugs		: sysret_ss_attrs null_seg spectre_v1 spectre_v2 spec_store_bypass retbleed
bogomips	: 4499.99
TLB size	: 3072 4K pages
clflush size	: 64
cache_alignment	: 64
address sizes	: 48 bits physical, 48 bits virtual
power management:

processor	: 2
vendor_id	: AuthenticAMD
cpu family	: 23
model		: 49
model name	: AMD EPYC 7B12
stepping	: 0
microcode	: 0x1000065
cpu MHz		: 2249.998
cache size	: 512 KB
physical id	: 0
siblings	: 4
core id		: 0
cpu cores	: 2
apicid		: 1
initial apicid	: 1
fpu		: yes
fpu_exception	: yes
cpuid level	: 13
wp		: yes
flags		: fpu vme de pse tsc msr pae mce cx8 apic sep mtrr pge mca cmov pat pse36 clflush mmx fxsr sse sse2 ht syscall nx mmxext fxsr_opt pdpe1gb rdtscp lm constant_tsc rep_good nopl nonstop_tsc cpuid extd_apicid tsc_known_freq pni pclmulqdq ssse3 fma cx16 sse4_1 sse4_2 movbe popcnt aes xsave avx f16c rdrand hypervisor lahf_lm cmp_legacy cr8_legacy abm sse4a misalignsse 3dnowprefetch osvw topoext ssbd ibrs ibpb stibp vmmcall fsgsbase tsc_adjust bmi1 avx2 smep bmi2 rdseed adx smap clflushopt clwb sha_ni xsaveopt xsavec xgetbv1 clzero xsaveerptr arat npt nrip_save umip rdpid
bugs		: sysret_ss_attrs null_seg spectre_v1 spectre_v2 spec_store_bypass retbleed
bogomips	: 4499.99
TLB size	: 3072 4K pages
clflush size	: 64
cache_alignment	: 64
address sizes	: 48 bits physical, 48 bits virtual
power management:

processor	: 3
vendor_id	: AuthenticAMD
cpu family	: 23
model		: 49
model name	: AMD EPYC 7B12
stepping	: 0
microcode	: 0x1000065
cpu MHz		: 2249.998
cache size	: 512 KB
physical id	: 0
siblings	: 4
core id		: 1
cpu cores	: 2
apicid		: 3
initial apicid	: 3
fpu		: yes
fpu_exception	: yes
cpuid level	: 13
wp		: yes
flags		: fpu vme de pse tsc msr pae mce cx8 apic sep mtrr pge mca cmov pat pse36 clflush mmx fxsr sse sse2 ht syscall nx mmxext fxsr_opt pdpe1gb rdtscp lm constant_tsc rep_good nopl nonstop_tsc cpuid extd_apicid tsc_known_freq pni pclmulqdq ssse3 fma cx16 sse4_1 sse4_2 movbe popcnt aes xsave avx f16c rdrand hypervisor lahf_lm cmp_legacy cr8_legacy abm sse4a misalignsse 3dnowprefetch osvw topoext ssbd ibrs ibpb stibp vmmcall fsgsbase tsc_adjust bmi1 avx2 smep bmi2 rdseed adx smap clflushopt clwb sha_ni xsaveopt xsavec xgetbv1 clzero xsaveerptr arat npt nrip_save umip rdpid
bugs		: sysret_ss_attrs null_seg spectre_v1 spectre_v2 spec_store_bypass retbleed
bogomips	: 4499.99
TLB size	: 3072 4K pages
clflush size	: 64
cache_alignment	: 64
address sizes	: 48 bits physical, 48 bits virtual
power management:



Memory: 4k page, physical 1048576k(918876k free), swap 0k(0k free)

vm_info: OpenJDK 64-Bit Server VM GraalVM CE 21.2.0 (25.302-b07-jvmci-21.2-b08) for linux-amd64 JRE (1.8.0), built on Jul 19 2021 22:50:15 by "buildslave" with gcc 7.3.0

time: Fri Jan 13 16:49:44 2023
timezone: UTC
elapsed time: 315.106344 seconds (0d 0h 5m 15s)

